[ 2015-04-27T09:23:55+08:00 ] 127.0.0.1 /tangliang/
INFO: [ app_begin ] --START--
INFO: ReadHtmlCache Behavior ::run [ RunTime:0.002447s ]
INFO: [ app_begin ] --END-- [ RunTime:0.002601s ]
INFO: [ view_parse ] --START--
INFO: ParseTemplate Behavior ::run [ RunTime:0.003085s ]
INFO: [ view_parse ] --END-- [ RunTime:0.003217s ]
INFO: [ view_filter ] --START--
NOTIC: [8] Use of undefined constant APP_TMPL_PATH - assumed 'APP_TMPL_PATH' E:\wamp\www\tangliang\ThinkPHP\Lib\Behavior\ContentReplaceBehavior.class.php 第 40 行.
NOTIC: [8] Use of undefined constant APP_TMPL_PATH - assumed 'APP_TMPL_PATH' E:\wamp\www\tangliang\ThinkPHP\Lib\Behavior\ContentReplaceBehavior.class.php 第 47 行.
INFO: ContentReplace Behavior ::run [ RunTime:0.002280s ]
INFO: TokenBuild Behavior ::run [ RunTime:0.006339s ]
INFO: WriteHtmlCache Behavior ::run [ RunTime:0.001590s ]
INFO: ShowRuntime Behavior ::run [ RunTime:0.001599s ]
INFO: [ view_filter ] --END-- [ RunTime:0.012147s ]
INFO: [ view_end ] --START--
INFO: ShowPageTrace Behavior ::run [ RunTime:0.024709s ]
INFO: [ view_end ] --END-- [ RunTime:0.024870s ]

[ 2015-04-27T14:59:18+08:00 ] 127.0.0.1 /tangliang/index.php/Shiti/show/id/2
INFO: [ route_check ] --START--
INFO: CheckRoute Behavior ::run [ RunTime:0.000849s ]
INFO: [ route_check ] --END-- [ RunTime:0.000954s ]
INFO: [ app_begin ] --START--
INFO: ReadHtmlCache Behavior ::run [ RunTime:0.000553s ]
INFO: [ app_begin ] --END-- [ RunTime:0.000631s ]
ERR: 无法加载模块:Shiti

