[ 2015-04-23T17:47:26+08:00 ] 127.0.0.1 /tangliang/manager.php/Hxcategory/edithxcategory/id/1.html
INFO: [ route_check ] --START--
INFO: CheckRoute Behavior ::run [ RunTime:0.001207s ]
INFO: [ route_check ] --END-- [ RunTime:0.001363s ]
INFO: [ app_begin ] --START--
INFO: ReadHtmlCache Behavior ::run [ RunTime:0.000759s ]
INFO: [ app_begin ] --END-- [ RunTime:0.000865s ]
SQL: SHOW COLUMNS FROM `t_node` [ RunTime:0.003580s ]
SQL: SELECT * FROM `t_node` WHERE ( pid=1 and  status=1 and is_menu=1 ) ORDER BY sort asc  [ RunTime:0.003318s ]
SQL: SHOW COLUMNS FROM `t_node` [ RunTime:0.003342s ]
SQL: SELECT `id` FROM `t_node` WHERE ( name='Hxcategory' ) LIMIT 1   [ RunTime:0.002759s ]
SQL: SHOW COLUMNS FROM `t_node` [ RunTime:0.003486s ]
SQL: SELECT * FROM `t_node` WHERE ( pid=73 and  status=1 and is_menu=1 ) ORDER BY sort asc  [ RunTime:0.002739s ]
INFO: [ view_parse ] --START--
NOTIC: [8] Use of undefined constant name - assumed 'name' E:\wamp\www\tangliang\temp\Admin\Cache\9a71ff85a113a43bc513fbc4625ca25a.php 第 40 行.
NOTIC: [8] Use of undefined constant name - assumed 'name' E:\wamp\www\tangliang\temp\Admin\Cache\9a71ff85a113a43bc513fbc4625ca25a.php 第 40 行.
NOTIC: [8] Use of undefined constant name - assumed 'name' E:\wamp\www\tangliang\temp\Admin\Cache\9a71ff85a113a43bc513fbc4625ca25a.php 第 40 行.
NOTIC: [8] Use of undefined constant name - assumed 'name' E:\wamp\www\tangliang\temp\Admin\Cache\9a71ff85a113a43bc513fbc4625ca25a.php 第 40 行.
NOTIC: [8] Use of undefined constant name - assumed 'name' E:\wamp\www\tangliang\temp\Admin\Cache\9a71ff85a113a43bc513fbc4625ca25a.php 第 40 行.
NOTIC: [8] Use of undefined constant name - assumed 'name' E:\wamp\www\tangliang\temp\Admin\Cache\9a71ff85a113a43bc513fbc4625ca25a.php 第 40 行.
NOTIC: [8] Use of undefined constant name - assumed 'name' E:\wamp\www\tangliang\temp\Admin\Cache\9a71ff85a113a43bc513fbc4625ca25a.php 第 40 行.
NOTIC: [8] Use of undefined constant name - assumed 'name' E:\wamp\www\tangliang\temp\Admin\Cache\9a71ff85a113a43bc513fbc4625ca25a.php 第 40 行.
NOTIC: [8] Use of undefined constant name - assumed 'name' E:\wamp\www\tangliang\temp\Admin\Cache\9a71ff85a113a43bc513fbc4625ca25a.php 第 40 行.
NOTIC: [8] Use of undefined constant name - assumed 'name' E:\wamp\www\tangliang\temp\Admin\Cache\9a71ff85a113a43bc513fbc4625ca25a.php 第 40 行.
NOTIC: [8] Use of undefined constant name - assumed 'name' E:\wamp\www\tangliang\temp\Admin\Cache\9a71ff85a113a43bc513fbc4625ca25a.php 第 40 行.
NOTIC: [8] Use of undefined constant name - assumed 'name' E:\wamp\www\tangliang\temp\Admin\Cache\9a71ff85a113a43bc513fbc4625ca25a.php 第 40 行.
NOTIC: [8] Use of undefined constant name - assumed 'name' E:\wamp\www\tangliang\temp\Admin\Cache\9a71ff85a113a43bc513fbc4625ca25a.php 第 94 行.
NOTIC: [8] Use of undefined constant name - assumed 'name' E:\wamp\www\tangliang\temp\Admin\Cache\9a71ff85a113a43bc513fbc4625ca25a.php 第 94 行.
NOTIC: [8] Undefined variable: info E:\wamp\www\tangliang\temp\Admin\Cache\9a71ff85a113a43bc513fbc4625ca25a.php 第 114 行.
NOTIC: [8] Undefined variable: id E:\wamp\www\tangliang\temp\Admin\Cache\9a71ff85a113a43bc513fbc4625ca25a.php 第 120 行.
INFO: ParseTemplate Behavior ::run [ RunTime:0.022405s ]
INFO: [ view_parse ] --END-- [ RunTime:0.022539s ]
INFO: [ view_filter ] --START--
INFO: ContentReplace Behavior ::run [ RunTime:0.000612s ]
INFO: TokenBuild Behavior ::run [ RunTime:0.011996s ]
INFO: WriteHtmlCache Behavior ::run [ RunTime:0.000390s ]
INFO: ShowRuntime Behavior ::run [ RunTime:0.000603s ]
INFO: [ view_filter ] --END-- [ RunTime:0.013886s ]
INFO: [ view_end ] --START--
INFO: ShowPageTrace Behavior ::run [ RunTime:0.000861s ]
INFO: [ view_end ] --END-- [ RunTime:0.000975s ]

[ 2015-04-23T17:48:29+08:00 ] 127.0.0.1 /tangliang/manager.php/Hxcategory/edithxcategory/id/1.html
INFO: [ route_check ] --START--
INFO: CheckRoute Behavior ::run [ RunTime:0.005616s ]
INFO: [ route_check ] --END-- [ RunTime:0.005871s ]
INFO: [ app_begin ] --START--
INFO: ReadHtmlCache Behavior ::run [ RunTime:0.001840s ]
INFO: [ app_begin ] --END-- [ RunTime:0.001979s ]
SQL: SHOW COLUMNS FROM `t_node` [ RunTime:0.003745s ]
SQL: SELECT * FROM `t_node` WHERE ( pid=1 and  status=1 and is_menu=1 ) ORDER BY sort asc  [ RunTime:0.003558s ]
SQL: SHOW COLUMNS FROM `t_node` [ RunTime:0.003637s ]
SQL: SELECT `id` FROM `t_node` WHERE ( name='Hxcategory' ) LIMIT 1   [ RunTime:0.002821s ]
SQL: SHOW COLUMNS FROM `t_node` [ RunTime:0.003199s ]
SQL: SELECT * FROM `t_node` WHERE ( pid=73 and  status=1 and is_menu=1 ) ORDER BY sort asc  [ RunTime:0.003119s ]
SQL: SHOW COLUMNS FROM `t_hxcategory` [ RunTime:0.003456s ]
SQL: SELECT * FROM `t_hxcategory` WHERE ( id=1 ) LIMIT 1   [ RunTime:0.002983s ]
INFO: [ view_parse ] --START--
NOTIC: [8] Use of undefined constant name - assumed 'name' E:\wamp\www\tangliang\temp\Admin\Cache\9a71ff85a113a43bc513fbc4625ca25a.php 第 40 行.
NOTIC: [8] Use of undefined constant name - assumed 'name' E:\wamp\www\tangliang\temp\Admin\Cache\9a71ff85a113a43bc513fbc4625ca25a.php 第 40 行.
NOTIC: [8] Use of undefined constant name - assumed 'name' E:\wamp\www\tangliang\temp\Admin\Cache\9a71ff85a113a43bc513fbc4625ca25a.php 第 40 行.
NOTIC: [8] Use of undefined constant name - assumed 'name' E:\wamp\www\tangliang\temp\Admin\Cache\9a71ff85a113a43bc513fbc4625ca25a.php 第 40 行.
NOTIC: [8] Use of undefined constant name - assumed 'name' E:\wamp\www\tangliang\temp\Admin\Cache\9a71ff85a113a43bc513fbc4625ca25a.php 第 40 行.
NOTIC: [8] Use of undefined constant name - assumed 'name' E:\wamp\www\tangliang\temp\Admin\Cache\9a71ff85a113a43bc513fbc4625ca25a.php 第 40 行.
NOTIC: [8] Use of undefined constant name - assumed 'name' E:\wamp\www\tangliang\temp\Admin\Cache\9a71ff85a113a43bc513fbc4625ca25a.php 第 40 行.
NOTIC: [8] Use of undefined constant name - assumed 'name' E:\wamp\www\tangliang\temp\Admin\Cache\9a71ff85a113a43bc513fbc4625ca25a.php 第 40 行.
NOTIC: [8] Use of undefined constant name - assumed 'name' E:\wamp\www\tangliang\temp\Admin\Cache\9a71ff85a113a43bc513fbc4625ca25a.php 第 40 行.
NOTIC: [8] Use of undefined constant name - assumed 'name' E:\wamp\www\tangliang\temp\Admin\Cache\9a71ff85a113a43bc513fbc4625ca25a.php 第 40 行.
NOTIC: [8] Use of undefined constant name - assumed 'name' E:\wamp\www\tangliang\temp\Admin\Cache\9a71ff85a113a43bc513fbc4625ca25a.php 第 40 行.
NOTIC: [8] Use of undefined constant name - assumed 'name' E:\wamp\www\tangliang\temp\Admin\Cache\9a71ff85a113a43bc513fbc4625ca25a.php 第 40 行.
NOTIC: [8] Use of undefined constant name - assumed 'name' E:\wamp\www\tangliang\temp\Admin\Cache\9a71ff85a113a43bc513fbc4625ca25a.php 第 94 行.
NOTIC: [8] Use of undefined constant name - assumed 'name' E:\wamp\www\tangliang\temp\Admin\Cache\9a71ff85a113a43bc513fbc4625ca25a.php 第 94 行.
NOTIC: [8] Undefined variable: id E:\wamp\www\tangliang\temp\Admin\Cache\9a71ff85a113a43bc513fbc4625ca25a.php 第 120 行.
INFO: ParseTemplate Behavior ::run [ RunTime:0.032823s ]
INFO: [ view_parse ] --END-- [ RunTime:0.032970s ]
INFO: [ view_filter ] --START--
INFO: ContentReplace Behavior ::run [ RunTime:0.001656s ]
INFO: TokenBuild Behavior ::run [ RunTime:0.001470s ]
INFO: WriteHtmlCache Behavior ::run [ RunTime:0.001146s ]
INFO: ShowRuntime Behavior ::run [ RunTime:0.001458s ]
INFO: [ view_filter ] --END-- [ RunTime:0.006044s ]
INFO: [ view_end ] --START--
INFO: ShowPageTrace Behavior ::run [ RunTime:0.002036s ]
INFO: [ view_end ] --END-- [ RunTime:0.002201s ]

[ 2015-04-23T17:49:11+08:00 ] 127.0.0.1 /tangliang/manager.php/Hxcategory/edithxcategory/id/1.html
INFO: [ route_check ] --START--
INFO: CheckRoute Behavior ::run [ RunTime:0.001725s ]
INFO: [ route_check ] --END-- [ RunTime:0.001867s ]
INFO: [ app_begin ] --START--
INFO: ReadHtmlCache Behavior ::run [ RunTime:0.001343s ]
INFO: [ app_begin ] --END-- [ RunTime:0.001450s ]
SQL: SHOW COLUMNS FROM `t_node` [ RunTime:0.003624s ]
SQL: SELECT * FROM `t_node` WHERE ( pid=1 and  status=1 and is_menu=1 ) ORDER BY sort asc  [ RunTime:0.003368s ]
SQL: SHOW COLUMNS FROM `t_node` [ RunTime:0.003526s ]
SQL: SELECT `id` FROM `t_node` WHERE ( name='Hxcategory' ) LIMIT 1   [ RunTime:0.002998s ]
SQL: SHOW COLUMNS FROM `t_node` [ RunTime:0.003282s ]
SQL: SELECT * FROM `t_node` WHERE ( pid=73 and  status=1 and is_menu=1 ) ORDER BY sort asc  [ RunTime:0.003074s ]
SQL: SHOW COLUMNS FROM `t_hxcategory` [ RunTime:0.003128s ]
SQL: SELECT * FROM `t_hxcategory` WHERE ( id=1 ) LIMIT 1   [ RunTime:0.003035s ]
INFO: [ view_parse ] --START--
NOTIC: [8] Use of undefined constant name - assumed 'name' E:\wamp\www\tangliang\temp\Admin\Cache\9a71ff85a113a43bc513fbc4625ca25a.php 第 40 行.
NOTIC: [8] Use of undefined constant name - assumed 'name' E:\wamp\www\tangliang\temp\Admin\Cache\9a71ff85a113a43bc513fbc4625ca25a.php 第 40 行.
NOTIC: [8] Use of undefined constant name - assumed 'name' E:\wamp\www\tangliang\temp\Admin\Cache\9a71ff85a113a43bc513fbc4625ca25a.php 第 40 行.
NOTIC: [8] Use of undefined constant name - assumed 'name' E:\wamp\www\tangliang\temp\Admin\Cache\9a71ff85a113a43bc513fbc4625ca25a.php 第 40 行.
NOTIC: [8] Use of undefined constant name - assumed 'name' E:\wamp\www\tangliang\temp\Admin\Cache\9a71ff85a113a43bc513fbc4625ca25a.php 第 40 行.
NOTIC: [8] Use of undefined constant name - assumed 'name' E:\wamp\www\tangliang\temp\Admin\Cache\9a71ff85a113a43bc513fbc4625ca25a.php 第 40 行.
NOTIC: [8] Use of undefined constant name - assumed 'name' E:\wamp\www\tangliang\temp\Admin\Cache\9a71ff85a113a43bc513fbc4625ca25a.php 第 40 行.
NOTIC: [8] Use of undefined constant name - assumed 'name' E:\wamp\www\tangliang\temp\Admin\Cache\9a71ff85a113a43bc513fbc4625ca25a.php 第 40 行.
NOTIC: [8] Use of undefined constant name - assumed 'name' E:\wamp\www\tangliang\temp\Admin\Cache\9a71ff85a113a43bc513fbc4625ca25a.php 第 40 行.
NOTIC: [8] Use of undefined constant name - assumed 'name' E:\wamp\www\tangliang\temp\Admin\Cache\9a71ff85a113a43bc513fbc4625ca25a.php 第 40 行.
NOTIC: [8] Use of undefined constant name - assumed 'name' E:\wamp\www\tangliang\temp\Admin\Cache\9a71ff85a113a43bc513fbc4625ca25a.php 第 40 行.
NOTIC: [8] Use of undefined constant name - assumed 'name' E:\wamp\www\tangliang\temp\Admin\Cache\9a71ff85a113a43bc513fbc4625ca25a.php 第 40 行.
NOTIC: [8] Use of undefined constant name - assumed 'name' E:\wamp\www\tangliang\temp\Admin\Cache\9a71ff85a113a43bc513fbc4625ca25a.php 第 94 行.
NOTIC: [8] Use of undefined constant name - assumed 'name' E:\wamp\www\tangliang\temp\Admin\Cache\9a71ff85a113a43bc513fbc4625ca25a.php 第 94 行.
INFO: ParseTemplate Behavior ::run [ RunTime:0.026422s ]
INFO: [ view_parse ] --END-- [ RunTime:0.026546s ]
INFO: [ view_filter ] --START--
INFO: ContentReplace Behavior ::run [ RunTime:0.001758s ]
INFO: TokenBuild Behavior ::run [ RunTime:0.001179s ]
INFO: WriteHtmlCache Behavior ::run [ RunTime:0.000933s ]
INFO: ShowRuntime Behavior ::run [ RunTime:0.001394s ]
INFO: [ view_filter ] --END-- [ RunTime:0.005552s ]
INFO: [ view_end ] --START--
INFO: ShowPageTrace Behavior ::run [ RunTime:0.001569s ]
INFO: [ view_end ] --END-- [ RunTime:0.001698s ]

[ 2015-04-23T17:50:12+08:00 ] 127.0.0.1 /tangliang/manager.php/Hxcategory/edithxcategory/id/1.html
INFO: [ route_check ] --START--
INFO: CheckRoute Behavior ::run [ RunTime:0.003241s ]
INFO: [ route_check ] --END-- [ RunTime:0.003677s ]
INFO: [ app_begin ] --START--
INFO: ReadHtmlCache Behavior ::run [ RunTime:0.001471s ]
INFO: [ app_begin ] --END-- [ RunTime:0.001612s ]
SQL: SHOW COLUMNS FROM `t_hxcategory` [ RunTime:0.003372s ]
SQL: SHOW COLUMNS FROM `t_node` [ RunTime:0.003132s ]
SQL: SELECT * FROM `t_node` WHERE ( pid=1 and  status=1 and is_menu=1 ) ORDER BY sort asc  [ RunTime:0.003300s ]
SQL: SHOW COLUMNS FROM `t_node` [ RunTime:0.003318s ]
SQL: SELECT `id` FROM `t_node` WHERE ( name='Hxcategory' ) LIMIT 1   [ RunTime:0.002765s ]
SQL: SHOW COLUMNS FROM `t_node` [ RunTime:0.003281s ]
SQL: SELECT * FROM `t_node` WHERE ( pid=73 and  status=1 and is_menu=1 ) ORDER BY sort asc  [ RunTime:0.002933s ]
SQL: SELECT * FROM `t_hxcategory` WHERE ( id=1 ) LIMIT 1   [ RunTime:0.003716s ]
INFO: [ view_parse ] --START--
NOTIC: [8] Use of undefined constant name - assumed 'name' E:\wamp\www\tangliang\temp\Admin\Cache\9a71ff85a113a43bc513fbc4625ca25a.php 第 40 行.
NOTIC: [8] Use of undefined constant name - assumed 'name' E:\wamp\www\tangliang\temp\Admin\Cache\9a71ff85a113a43bc513fbc4625ca25a.php 第 40 行.
NOTIC: [8] Use of undefined constant name - assumed 'name' E:\wamp\www\tangliang\temp\Admin\Cache\9a71ff85a113a43bc513fbc4625ca25a.php 第 40 行.
NOTIC: [8] Use of undefined constant name - assumed 'name' E:\wamp\www\tangliang\temp\Admin\Cache\9a71ff85a113a43bc513fbc4625ca25a.php 第 40 行.
NOTIC: [8] Use of undefined constant name - assumed 'name' E:\wamp\www\tangliang\temp\Admin\Cache\9a71ff85a113a43bc513fbc4625ca25a.php 第 40 行.
NOTIC: [8] Use of undefined constant name - assumed 'name' E:\wamp\www\tangliang\temp\Admin\Cache\9a71ff85a113a43bc513fbc4625ca25a.php 第 40 行.
NOTIC: [8] Use of undefined constant name - assumed 'name' E:\wamp\www\tangliang\temp\Admin\Cache\9a71ff85a113a43bc513fbc4625ca25a.php 第 40 行.
NOTIC: [8] Use of undefined constant name - assumed 'name' E:\wamp\www\tangliang\temp\Admin\Cache\9a71ff85a113a43bc513fbc4625ca25a.php 第 40 行.
NOTIC: [8] Use of undefined constant name - assumed 'name' E:\wamp\www\tangliang\temp\Admin\Cache\9a71ff85a113a43bc513fbc4625ca25a.php 第 40 行.
NOTIC: [8] Use of undefined constant name - assumed 'name' E:\wamp\www\tangliang\temp\Admin\Cache\9a71ff85a113a43bc513fbc4625ca25a.php 第 40 行.
NOTIC: [8] Use of undefined constant name - assumed 'name' E:\wamp\www\tangliang\temp\Admin\Cache\9a71ff85a113a43bc513fbc4625ca25a.php 第 40 行.
NOTIC: [8] Use of undefined constant name - assumed 'name' E:\wamp\www\tangliang\temp\Admin\Cache\9a71ff85a113a43bc513fbc4625ca25a.php 第 40 行.
NOTIC: [8] Use of undefined constant name - assumed 'name' E:\wamp\www\tangliang\temp\Admin\Cache\9a71ff85a113a43bc513fbc4625ca25a.php 第 94 行.
NOTIC: [8] Use of undefined constant name - assumed 'name' E:\wamp\www\tangliang\temp\Admin\Cache\9a71ff85a113a43bc513fbc4625ca25a.php 第 94 行.
NOTIC: [8] Use of undefined constant id - assumed 'id' E:\wamp\www\tangliang\temp\Admin\Cache\9a71ff85a113a43bc513fbc4625ca25a.php 第 116 行.
INFO: ParseTemplate Behavior ::run [ RunTime:0.026202s ]
INFO: [ view_parse ] --END-- [ RunTime:0.026331s ]
INFO: [ view_filter ] --START--
INFO: ContentReplace Behavior ::run [ RunTime:0.001253s ]
INFO: TokenBuild Behavior ::run [ RunTime:0.001200s ]
INFO: WriteHtmlCache Behavior ::run [ RunTime:0.000920s ]
INFO: ShowRuntime Behavior ::run [ RunTime:0.001213s ]
INFO: [ view_filter ] --END-- [ RunTime:0.004851s ]
INFO: [ view_end ] --START--
INFO: ShowPageTrace Behavior ::run [ RunTime:0.001935s ]
INFO: [ view_end ] --END-- [ RunTime:0.002055s ]

[ 2015-04-23T17:52:28+08:00 ] 127.0.0.1 /tangliang/manager.php/Hxcategory/edithxcategory/id/1.html
INFO: [ route_check ] --START--
INFO: CheckRoute Behavior ::run [ RunTime:0.001982s ]
INFO: [ route_check ] --END-- [ RunTime:0.002175s ]
INFO: [ app_begin ] --START--
INFO: ReadHtmlCache Behavior ::run [ RunTime:0.001612s ]
INFO: [ app_begin ] --END-- [ RunTime:0.001757s ]
SQL: SHOW COLUMNS FROM `t_hxcategory` [ RunTime:0.006655s ]
SQL: UPDATE `t_hxcategory` SET `name`='一居x' WHERE ( id=1 ) [ RunTime:0.011782s ]
INFO: [ view_parse ] --START--
INFO: ParseTemplate Behavior ::run [ RunTime:0.017912s ]
INFO: [ view_parse ] --END-- [ RunTime:0.018078s ]
INFO: [ view_filter ] --START--
INFO: ContentReplace Behavior ::run [ RunTime:0.001348s ]
INFO: TokenBuild Behavior ::run [ RunTime:0.001263s ]
INFO: WriteHtmlCache Behavior ::run [ RunTime:0.001468s ]
INFO: ShowRuntime Behavior ::run [ RunTime:0.001342s ]
INFO: [ view_filter ] --END-- [ RunTime:0.005736s ]
INFO: [ view_end ] --START--
INFO: ShowPageTrace Behavior ::run [ RunTime:0.001575s ]
INFO: [ view_end ] --END-- [ RunTime:0.001681s ]

[ 2015-04-23T17:52:29+08:00 ] 127.0.0.1 /tangliang/manager.php/Hxcategory/index.html
INFO: [ route_check ] --START--
INFO: CheckRoute Behavior ::run [ RunTime:0.001008s ]
INFO: [ route_check ] --END-- [ RunTime:0.001138s ]
INFO: [ app_begin ] --START--
INFO: ReadHtmlCache Behavior ::run [ RunTime:0.000630s ]
INFO: [ app_begin ] --END-- [ RunTime:0.000716s ]
SQL: SHOW COLUMNS FROM `t_node` [ RunTime:0.006316s ]
SQL: SELECT * FROM `t_node` WHERE ( pid=1 and  status=1 and is_menu=1 ) ORDER BY sort asc  [ RunTime:0.004353s ]
SQL: SHOW COLUMNS FROM `t_node` [ RunTime:0.003909s ]
SQL: SELECT `id` FROM `t_node` WHERE ( name='Hxcategory' ) LIMIT 1   [ RunTime:0.002971s ]
SQL: SHOW COLUMNS FROM `t_node` [ RunTime:0.003394s ]
SQL: SELECT * FROM `t_node` WHERE ( pid=73 and  status=1 and is_menu=1 ) ORDER BY sort asc  [ RunTime:0.002955s ]
NOTIC: [8] Undefined index:  keys E:\wamp\www\tangliang\Admin\Lib\Action\HxcategoryAction.class.php 第 24 行.
NOTIC: [8] Undefined variable: where E:\wamp\www\tangliang\Admin\Lib\Action\HxcategoryAction.class.php 第 28 行.
SQL: SHOW COLUMNS FROM `t_hxcategory` [ RunTime:0.003320s ]
SQL: SHOW COLUMNS FROM `t_admin` [ RunTime:0.003367s ]
SQL: SELECT COUNT(*) AS tp_count FROM t_hxcategory Hxcategory LEFT JOIN t_admin Admin ON Hxcategory.adduid=Admin.a_id ORDER BY Hxcategory.addtime desc LIMIT 1   [ RunTime:0.002715s ]
NOTIC: [8] Undefined variable: where E:\wamp\www\tangliang\Admin\Lib\Action\HxcategoryAction.class.php 第 30 行.
SQL: SELECT Hxcategory.id AS id,Hxcategory.name AS name,Hxcategory.addtime AS addtime,Admin.a_id AS a_id,Admin.a_name AS adduname FROM t_hxcategory Hxcategory LEFT JOIN t_admin Admin ON Hxcategory.adduid=Admin.a_id ORDER BY Hxcategory.addtime desc LIMIT 0,10   [ RunTime:0.003042s ]
INFO: [ view_parse ] --START--
NOTIC: [8] Use of undefined constant name - assumed 'name' E:\wamp\www\tangliang\temp\Admin\Cache\5c503ce519e423e3715915656a276c40.php 第 81 行.
NOTIC: [8] Use of undefined constant name - assumed 'name' E:\wamp\www\tangliang\temp\Admin\Cache\5c503ce519e423e3715915656a276c40.php 第 81 行.
NOTIC: [8] Use of undefined constant name - assumed 'name' E:\wamp\www\tangliang\temp\Admin\Cache\5c503ce519e423e3715915656a276c40.php 第 81 行.
NOTIC: [8] Use of undefined constant name - assumed 'name' E:\wamp\www\tangliang\temp\Admin\Cache\5c503ce519e423e3715915656a276c40.php 第 81 行.
NOTIC: [8] Use of undefined constant name - assumed 'name' E:\wamp\www\tangliang\temp\Admin\Cache\5c503ce519e423e3715915656a276c40.php 第 81 行.
NOTIC: [8] Use of undefined constant name - assumed 'name' E:\wamp\www\tangliang\temp\Admin\Cache\5c503ce519e423e3715915656a276c40.php 第 81 行.
NOTIC: [8] Use of undefined constant name - assumed 'name' E:\wamp\www\tangliang\temp\Admin\Cache\5c503ce519e423e3715915656a276c40.php 第 81 行.
NOTIC: [8] Use of undefined constant name - assumed 'name' E:\wamp\www\tangliang\temp\Admin\Cache\5c503ce519e423e3715915656a276c40.php 第 81 行.
NOTIC: [8] Use of undefined constant name - assumed 'name' E:\wamp\www\tangliang\temp\Admin\Cache\5c503ce519e423e3715915656a276c40.php 第 81 行.
NOTIC: [8] Use of undefined constant name - assumed 'name' E:\wamp\www\tangliang\temp\Admin\Cache\5c503ce519e423e3715915656a276c40.php 第 81 行.
NOTIC: [8] Use of undefined constant name - assumed 'name' E:\wamp\www\tangliang\temp\Admin\Cache\5c503ce519e423e3715915656a276c40.php 第 81 行.
NOTIC: [8] Use of undefined constant name - assumed 'name' E:\wamp\www\tangliang\temp\Admin\Cache\5c503ce519e423e3715915656a276c40.php 第 81 行.
NOTIC: [8] Use of undefined constant name - assumed 'name' E:\wamp\www\tangliang\temp\Admin\Cache\5c503ce519e423e3715915656a276c40.php 第 137 行.
NOTIC: [8] Use of undefined constant name - assumed 'name' E:\wamp\www\tangliang\temp\Admin\Cache\5c503ce519e423e3715915656a276c40.php 第 137 行.
NOTIC: [8] Use of undefined constant id - assumed 'id' E:\wamp\www\tangliang\temp\Admin\Cache\5c503ce519e423e3715915656a276c40.php 第 182 行.
NOTIC: [8] Undefined index:  truename E:\wamp\www\tangliang\temp\Admin\Cache\5c503ce519e423e3715915656a276c40.php 第 183 行.
NOTIC: [8] Use of undefined constant a_id - assumed 'a_id' E:\wamp\www\tangliang\temp\Admin\Cache\5c503ce519e423e3715915656a276c40.php 第 183 行.
NOTIC: [8] Use of undefined constant id - assumed 'id' E:\wamp\www\tangliang\temp\Admin\Cache\5c503ce519e423e3715915656a276c40.php 第 182 行.
NOTIC: [8] Undefined index:  truename E:\wamp\www\tangliang\temp\Admin\Cache\5c503ce519e423e3715915656a276c40.php 第 183 行.
NOTIC: [8] Use of undefined constant a_id - assumed 'a_id' E:\wamp\www\tangliang\temp\Admin\Cache\5c503ce519e423e3715915656a276c40.php 第 183 行.
NOTIC: [8] Use of undefined constant id - assumed 'id' E:\wamp\www\tangliang\temp\Admin\Cache\5c503ce519e423e3715915656a276c40.php 第 182 行.
NOTIC: [8] Undefined index:  truename E:\wamp\www\tangliang\temp\Admin\Cache\5c503ce519e423e3715915656a276c40.php 第 183 行.
NOTIC: [8] Use of undefined constant a_id - assumed 'a_id' E:\wamp\www\tangliang\temp\Admin\Cache\5c503ce519e423e3715915656a276c40.php 第 183 行.
NOTIC: [8] Use of undefined constant id - assumed 'id' E:\wamp\www\tangliang\temp\Admin\Cache\5c503ce519e423e3715915656a276c40.php 第 182 行.
NOTIC: [8] Undefined index:  truename E:\wamp\www\tangliang\temp\Admin\Cache\5c503ce519e423e3715915656a276c40.php 第 183 行.
NOTIC: [8] Use of undefined constant a_id - assumed 'a_id' E:\wamp\www\tangliang\temp\Admin\Cache\5c503ce519e423e3715915656a276c40.php 第 183 行.
NOTIC: [8] Use of undefined constant id - assumed 'id' E:\wamp\www\tangliang\temp\Admin\Cache\5c503ce519e423e3715915656a276c40.php 第 182 行.
NOTIC: [8] Undefined index:  truename E:\wamp\www\tangliang\temp\Admin\Cache\5c503ce519e423e3715915656a276c40.php 第 183 行.
NOTIC: [8] Use of undefined constant a_id - assumed 'a_id' E:\wamp\www\tangliang\temp\Admin\Cache\5c503ce519e423e3715915656a276c40.php 第 183 行.
NOTIC: [8] Use of undefined constant id - assumed 'id' E:\wamp\www\tangliang\temp\Admin\Cache\5c503ce519e423e3715915656a276c40.php 第 182 行.
NOTIC: [8] Undefined index:  truename E:\wamp\www\tangliang\temp\Admin\Cache\5c503ce519e423e3715915656a276c40.php 第 183 行.
NOTIC: [8] Use of undefined constant a_id - assumed 'a_id' E:\wamp\www\tangliang\temp\Admin\Cache\5c503ce519e423e3715915656a276c40.php 第 183 行.
NOTIC: [8] Undefined variable: year E:\wamp\www\tangliang\temp\Admin\Cache\5c503ce519e423e3715915656a276c40.php 第 249 行.
NOTIC: [8] Undefined variable: month E:\wamp\www\tangliang\temp\Admin\Cache\5c503ce519e423e3715915656a276c40.php 第 253 行.
NOTIC: [8] Undefined variable: day E:\wamp\www\tangliang\temp\Admin\Cache\5c503ce519e423e3715915656a276c40.php 第 256 行.
NOTIC: [8] Undefined variable: pro_list E:\wamp\www\tangliang\temp\Admin\Cache\5c503ce519e423e3715915656a276c40.php 第 263 行.
NOTIC: [8] Undefined variable: year E:\wamp\www\tangliang\temp\Admin\Cache\5c503ce519e423e3715915656a276c40.php 第 617 行.
NOTIC: [8] Undefined variable: month E:\wamp\www\tangliang\temp\Admin\Cache\5c503ce519e423e3715915656a276c40.php 第 624 行.
NOTIC: [8] Undefined variable: day E:\wamp\www\tangliang\temp\Admin\Cache\5c503ce519e423e3715915656a276c40.php 第 631 行.
NOTIC: [8] Undefined variable: pro_list E:\wamp\www\tangliang\temp\Admin\Cache\5c503ce519e423e3715915656a276c40.php 第 639 行.
INFO: ParseTemplate Behavior ::run [ RunTime:0.048326s ]
INFO: [ view_parse ] --END-- [ RunTime:0.048434s ]
INFO: [ view_filter ] --START--
INFO: ContentReplace Behavior ::run [ RunTime:0.000729s ]
INFO: TokenBuild Behavior ::run [ RunTime:0.000696s ]
INFO: WriteHtmlCache Behavior ::run [ RunTime:0.000374s ]
INFO: ShowRuntime Behavior ::run [ RunTime:0.000569s ]
INFO: [ view_filter ] --END-- [ RunTime:0.002610s ]
INFO: [ view_end ] --START--
INFO: ShowPageTrace Behavior ::run [ RunTime:0.001309s ]
INFO: [ view_end ] --END-- [ RunTime:0.001417s ]

[ 2015-04-23T17:52:32+08:00 ] 127.0.0.1 /tangliang/manager.php/Hxcategory/edithxcategory/id/1.html
INFO: [ route_check ] --START--
INFO: CheckRoute Behavior ::run [ RunTime:0.001852s ]
INFO: [ route_check ] --END-- [ RunTime:0.002186s ]
INFO: [ app_begin ] --START--
INFO: ReadHtmlCache Behavior ::run [ RunTime:0.001085s ]
INFO: [ app_begin ] --END-- [ RunTime:0.001195s ]
SQL: SHOW COLUMNS FROM `t_hxcategory` [ RunTime:0.005642s ]
SQL: SHOW COLUMNS FROM `t_node` [ RunTime:0.004750s ]
SQL: SELECT * FROM `t_node` WHERE ( pid=1 and  status=1 and is_menu=1 ) ORDER BY sort asc  [ RunTime:0.003323s ]
SQL: SHOW COLUMNS FROM `t_node` [ RunTime:0.004569s ]
SQL: SELECT `id` FROM `t_node` WHERE ( name='Hxcategory' ) LIMIT 1   [ RunTime:0.002886s ]
SQL: SHOW COLUMNS FROM `t_node` [ RunTime:0.003344s ]
SQL: SELECT * FROM `t_node` WHERE ( pid=73 and  status=1 and is_menu=1 ) ORDER BY sort asc  [ RunTime:0.003009s ]
SQL: SELECT * FROM `t_hxcategory` WHERE ( id=1 ) LIMIT 1   [ RunTime:0.003435s ]
INFO: [ view_parse ] --START--
NOTIC: [8] Use of undefined constant name - assumed 'name' E:\wamp\www\tangliang\temp\Admin\Cache\9a71ff85a113a43bc513fbc4625ca25a.php 第 40 行.
NOTIC: [8] Use of undefined constant name - assumed 'name' E:\wamp\www\tangliang\temp\Admin\Cache\9a71ff85a113a43bc513fbc4625ca25a.php 第 40 行.
NOTIC: [8] Use of undefined constant name - assumed 'name' E:\wamp\www\tangliang\temp\Admin\Cache\9a71ff85a113a43bc513fbc4625ca25a.php 第 40 行.
NOTIC: [8] Use of undefined constant name - assumed 'name' E:\wamp\www\tangliang\temp\Admin\Cache\9a71ff85a113a43bc513fbc4625ca25a.php 第 40 行.
NOTIC: [8] Use of undefined constant name - assumed 'name' E:\wamp\www\tangliang\temp\Admin\Cache\9a71ff85a113a43bc513fbc4625ca25a.php 第 40 行.
NOTIC: [8] Use of undefined constant name - assumed 'name' E:\wamp\www\tangliang\temp\Admin\Cache\9a71ff85a113a43bc513fbc4625ca25a.php 第 40 行.
NOTIC: [8] Use of undefined constant name - assumed 'name' E:\wamp\www\tangliang\temp\Admin\Cache\9a71ff85a113a43bc513fbc4625ca25a.php 第 40 行.
NOTIC: [8] Use of undefined constant name - assumed 'name' E:\wamp\www\tangliang\temp\Admin\Cache\9a71ff85a113a43bc513fbc4625ca25a.php 第 40 行.
NOTIC: [8] Use of undefined constant name - assumed 'name' E:\wamp\www\tangliang\temp\Admin\Cache\9a71ff85a113a43bc513fbc4625ca25a.php 第 40 行.
NOTIC: [8] Use of undefined constant name - assumed 'name' E:\wamp\www\tangliang\temp\Admin\Cache\9a71ff85a113a43bc513fbc4625ca25a.php 第 40 行.
NOTIC: [8] Use of undefined constant name - assumed 'name' E:\wamp\www\tangliang\temp\Admin\Cache\9a71ff85a113a43bc513fbc4625ca25a.php 第 40 行.
NOTIC: [8] Use of undefined constant name - assumed 'name' E:\wamp\www\tangliang\temp\Admin\Cache\9a71ff85a113a43bc513fbc4625ca25a.php 第 40 行.
NOTIC: [8] Use of undefined constant name - assumed 'name' E:\wamp\www\tangliang\temp\Admin\Cache\9a71ff85a113a43bc513fbc4625ca25a.php 第 94 行.
NOTIC: [8] Use of undefined constant name - assumed 'name' E:\wamp\www\tangliang\temp\Admin\Cache\9a71ff85a113a43bc513fbc4625ca25a.php 第 94 行.
NOTIC: [8] Use of undefined constant id - assumed 'id' E:\wamp\www\tangliang\temp\Admin\Cache\9a71ff85a113a43bc513fbc4625ca25a.php 第 116 行.
INFO: ParseTemplate Behavior ::run [ RunTime:0.035861s ]
INFO: [ view_parse ] --END-- [ RunTime:0.036010s ]
INFO: [ view_filter ] --START--
INFO: ContentReplace Behavior ::run [ RunTime:0.000536s ]
INFO: TokenBuild Behavior ::run [ RunTime:0.000606s ]
INFO: WriteHtmlCache Behavior ::run [ RunTime:0.000315s ]
INFO: ShowRuntime Behavior ::run [ RunTime:0.000539s ]
INFO: [ view_filter ] --END-- [ RunTime:0.002230s ]
INFO: [ view_end ] --START--
INFO: ShowPageTrace Behavior ::run [ RunTime:0.000842s ]
INFO: [ view_end ] --END-- [ RunTime:0.000969s ]

[ 2015-04-23T17:52:35+08:00 ] 127.0.0.1 /tangliang/manager.php/Hxcategory/edithxcategory/id/1.html
INFO: [ route_check ] --START--
INFO: CheckRoute Behavior ::run [ RunTime:0.001031s ]
INFO: [ route_check ] --END-- [ RunTime:0.001165s ]
INFO: [ app_begin ] --START--
INFO: ReadHtmlCache Behavior ::run [ RunTime:0.001974s ]
INFO: [ app_begin ] --END-- [ RunTime:0.002076s ]
SQL: SHOW COLUMNS FROM `t_hxcategory` [ RunTime:0.003176s ]
SQL: UPDATE `t_hxcategory` SET `name`='一居' WHERE ( id=1 ) [ RunTime:0.002820s ]
INFO: [ view_parse ] --START--
INFO: ParseTemplate Behavior ::run [ RunTime:0.010171s ]
INFO: [ view_parse ] --END-- [ RunTime:0.010298s ]
INFO: [ view_filter ] --START--
INFO: ContentReplace Behavior ::run [ RunTime:0.000401s ]
INFO: TokenBuild Behavior ::run [ RunTime:0.001119s ]
INFO: WriteHtmlCache Behavior ::run [ RunTime:0.000317s ]
INFO: ShowRuntime Behavior ::run [ RunTime:0.000481s ]
INFO: [ view_filter ] --END-- [ RunTime:0.002544s ]
INFO: [ view_end ] --START--
INFO: ShowPageTrace Behavior ::run [ RunTime:0.000634s ]
INFO: [ view_end ] --END-- [ RunTime:0.000709s ]

[ 2015-04-23T17:52:36+08:00 ] 127.0.0.1 /tangliang/manager.php/Hxcategory/index.html
INFO: [ route_check ] --START--
INFO: CheckRoute Behavior ::run [ RunTime:0.001324s ]
INFO: [ route_check ] --END-- [ RunTime:0.001498s ]
INFO: [ app_begin ] --START--
INFO: ReadHtmlCache Behavior ::run [ RunTime:0.000815s ]
INFO: [ app_begin ] --END-- [ RunTime:0.000926s ]
SQL: SHOW COLUMNS FROM `t_node` [ RunTime:0.003512s ]
SQL: SELECT * FROM `t_node` WHERE ( pid=1 and  status=1 and is_menu=1 ) ORDER BY sort asc  [ RunTime:0.003019s ]
SQL: SHOW COLUMNS FROM `t_node` [ RunTime:0.003270s ]
SQL: SELECT `id` FROM `t_node` WHERE ( name='Hxcategory' ) LIMIT 1   [ RunTime:0.008588s ]
SQL: SHOW COLUMNS FROM `t_node` [ RunTime:0.003062s ]
SQL: SELECT * FROM `t_node` WHERE ( pid=73 and  status=1 and is_menu=1 ) ORDER BY sort asc  [ RunTime:0.002777s ]
NOTIC: [8] Undefined index:  keys E:\wamp\www\tangliang\Admin\Lib\Action\HxcategoryAction.class.php 第 24 行.
NOTIC: [8] Undefined variable: where E:\wamp\www\tangliang\Admin\Lib\Action\HxcategoryAction.class.php 第 28 行.
SQL: SHOW COLUMNS FROM `t_hxcategory` [ RunTime:0.004015s ]
SQL: SHOW COLUMNS FROM `t_admin` [ RunTime:0.003274s ]
SQL: SELECT COUNT(*) AS tp_count FROM t_hxcategory Hxcategory LEFT JOIN t_admin Admin ON Hxcategory.adduid=Admin.a_id ORDER BY Hxcategory.addtime desc LIMIT 1   [ RunTime:0.002558s ]
NOTIC: [8] Undefined variable: where E:\wamp\www\tangliang\Admin\Lib\Action\HxcategoryAction.class.php 第 30 行.
SQL: SELECT Hxcategory.id AS id,Hxcategory.name AS name,Hxcategory.addtime AS addtime,Admin.a_id AS a_id,Admin.a_name AS adduname FROM t_hxcategory Hxcategory LEFT JOIN t_admin Admin ON Hxcategory.adduid=Admin.a_id ORDER BY Hxcategory.addtime desc LIMIT 0,10   [ RunTime:0.002911s ]
INFO: [ view_parse ] --START--
NOTIC: [8] Use of undefined constant name - assumed 'name' E:\wamp\www\tangliang\temp\Admin\Cache\5c503ce519e423e3715915656a276c40.php 第 81 行.
NOTIC: [8] Use of undefined constant name - assumed 'name' E:\wamp\www\tangliang\temp\Admin\Cache\5c503ce519e423e3715915656a276c40.php 第 81 行.
NOTIC: [8] Use of undefined constant name - assumed 'name' E:\wamp\www\tangliang\temp\Admin\Cache\5c503ce519e423e3715915656a276c40.php 第 81 行.
NOTIC: [8] Use of undefined constant name - assumed 'name' E:\wamp\www\tangliang\temp\Admin\Cache\5c503ce519e423e3715915656a276c40.php 第 81 行.
NOTIC: [8] Use of undefined constant name - assumed 'name' E:\wamp\www\tangliang\temp\Admin\Cache\5c503ce519e423e3715915656a276c40.php 第 81 行.
NOTIC: [8] Use of undefined constant name - assumed 'name' E:\wamp\www\tangliang\temp\Admin\Cache\5c503ce519e423e3715915656a276c40.php 第 81 行.
NOTIC: [8] Use of undefined constant name - assumed 'name' E:\wamp\www\tangliang\temp\Admin\Cache\5c503ce519e423e3715915656a276c40.php 第 81 行.
NOTIC: [8] Use of undefined constant name - assumed 'name' E:\wamp\www\tangliang\temp\Admin\Cache\5c503ce519e423e3715915656a276c40.php 第 81 行.
NOTIC: [8] Use of undefined constant name - assumed 'name' E:\wamp\www\tangliang\temp\Admin\Cache\5c503ce519e423e3715915656a276c40.php 第 81 行.
NOTIC: [8] Use of undefined constant name - assumed 'name' E:\wamp\www\tangliang\temp\Admin\Cache\5c503ce519e423e3715915656a276c40.php 第 81 行.
NOTIC: [8] Use of undefined constant name - assumed 'name' E:\wamp\www\tangliang\temp\Admin\Cache\5c503ce519e423e3715915656a276c40.php 第 81 行.
NOTIC: [8] Use of undefined constant name - assumed 'name' E:\wamp\www\tangliang\temp\Admin\Cache\5c503ce519e423e3715915656a276c40.php 第 81 行.
NOTIC: [8] Use of undefined constant name - assumed 'name' E:\wamp\www\tangliang\temp\Admin\Cache\5c503ce519e423e3715915656a276c40.php 第 137 行.
NOTIC: [8] Use of undefined constant name - assumed 'name' E:\wamp\www\tangliang\temp\Admin\Cache\5c503ce519e423e3715915656a276c40.php 第 137 行.
NOTIC: [8] Use of undefined constant id - assumed 'id' E:\wamp\www\tangliang\temp\Admin\Cache\5c503ce519e423e3715915656a276c40.php 第 182 行.
NOTIC: [8] Undefined index:  truename E:\wamp\www\tangliang\temp\Admin\Cache\5c503ce519e423e3715915656a276c40.php 第 183 行.
NOTIC: [8] Use of undefined constant a_id - assumed 'a_id' E:\wamp\www\tangliang\temp\Admin\Cache\5c503ce519e423e3715915656a276c40.php 第 183 行.
NOTIC: [8] Use of undefined constant id - assumed 'id' E:\wamp\www\tangliang\temp\Admin\Cache\5c503ce519e423e3715915656a276c40.php 第 182 行.
NOTIC: [8] Undefined index:  truename E:\wamp\www\tangliang\temp\Admin\Cache\5c503ce519e423e3715915656a276c40.php 第 183 行.
NOTIC: [8] Use of undefined constant a_id - assumed 'a_id' E:\wamp\www\tangliang\temp\Admin\Cache\5c503ce519e423e3715915656a276c40.php 第 183 行.
NOTIC: [8] Use of undefined constant id - assumed 'id' E:\wamp\www\tangliang\temp\Admin\Cache\5c503ce519e423e3715915656a276c40.php 第 182 行.
NOTIC: [8] Undefined index:  truename E:\wamp\www\tangliang\temp\Admin\Cache\5c503ce519e423e3715915656a276c40.php 第 183 行.
NOTIC: [8] Use of undefined constant a_id - assumed 'a_id' E:\wamp\www\tangliang\temp\Admin\Cache\5c503ce519e423e3715915656a276c40.php 第 183 行.
NOTIC: [8] Use of undefined constant id - assumed 'id' E:\wamp\www\tangliang\temp\Admin\Cache\5c503ce519e423e3715915656a276c40.php 第 182 行.
NOTIC: [8] Undefined index:  truename E:\wamp\www\tangliang\temp\Admin\Cache\5c503ce519e423e3715915656a276c40.php 第 183 行.
NOTIC: [8] Use of undefined constant a_id - assumed 'a_id' E:\wamp\www\tangliang\temp\Admin\Cache\5c503ce519e423e3715915656a276c40.php 第 183 行.
NOTIC: [8] Use of undefined constant id - assumed 'id' E:\wamp\www\tangliang\temp\Admin\Cache\5c503ce519e423e3715915656a276c40.php 第 182 行.
NOTIC: [8] Undefined index:  truename E:\wamp\www\tangliang\temp\Admin\Cache\5c503ce519e423e3715915656a276c40.php 第 183 行.
NOTIC: [8] Use of undefined constant a_id - assumed 'a_id' E:\wamp\www\tangliang\temp\Admin\Cache\5c503ce519e423e3715915656a276c40.php 第 183 行.
NOTIC: [8] Use of undefined constant id - assumed 'id' E:\wamp\www\tangliang\temp\Admin\Cache\5c503ce519e423e3715915656a276c40.php 第 182 行.
NOTIC: [8] Undefined index:  truename E:\wamp\www\tangliang\temp\Admin\Cache\5c503ce519e423e3715915656a276c40.php 第 183 行.
NOTIC: [8] Use of undefined constant a_id - assumed 'a_id' E:\wamp\www\tangliang\temp\Admin\Cache\5c503ce519e423e3715915656a276c40.php 第 183 行.
NOTIC: [8] Undefined variable: year E:\wamp\www\tangliang\temp\Admin\Cache\5c503ce519e423e3715915656a276c40.php 第 249 行.
NOTIC: [8] Undefined variable: month E:\wamp\www\tangliang\temp\Admin\Cache\5c503ce519e423e3715915656a276c40.php 第 253 行.
NOTIC: [8] Undefined variable: day E:\wamp\www\tangliang\temp\Admin\Cache\5c503ce519e423e3715915656a276c40.php 第 256 行.
NOTIC: [8] Undefined variable: pro_list E:\wamp\www\tangliang\temp\Admin\Cache\5c503ce519e423e3715915656a276c40.php 第 263 行.
NOTIC: [8] Undefined variable: year E:\wamp\www\tangliang\temp\Admin\Cache\5c503ce519e423e3715915656a276c40.php 第 617 行.
NOTIC: [8] Undefined variable: month E:\wamp\www\tangliang\temp\Admin\Cache\5c503ce519e423e3715915656a276c40.php 第 624 行.
NOTIC: [8] Undefined variable: day E:\wamp\www\tangliang\temp\Admin\Cache\5c503ce519e423e3715915656a276c40.php 第 631 行.
NOTIC: [8] Undefined variable: pro_list E:\wamp\www\tangliang\temp\Admin\Cache\5c503ce519e423e3715915656a276c40.php 第 639 行.
INFO: ParseTemplate Behavior ::run [ RunTime:0.064399s ]
INFO: [ view_parse ] --END-- [ RunTime:0.064523s ]
INFO: [ view_filter ] --START--
INFO: ContentReplace Behavior ::run [ RunTime:0.006330s ]
INFO: TokenBuild Behavior ::run [ RunTime:0.000826s ]
INFO: WriteHtmlCache Behavior ::run [ RunTime:0.000357s ]
INFO: ShowRuntime Behavior ::run [ RunTime:0.000656s ]
INFO: [ view_filter ] --END-- [ RunTime:0.008486s ]
INFO: [ view_end ] --START--
INFO: ShowPageTrace Behavior ::run [ RunTime:0.001276s ]
INFO: [ view_end ] --END-- [ RunTime:0.002006s ]

[ 2015-04-23T17:54:32+08:00 ] 127.0.0.1 /tangliang/manager.php/Hxcategory/index.html
INFO: [ route_check ] --START--
INFO: CheckRoute Behavior ::run [ RunTime:0.002141s ]
INFO: [ route_check ] --END-- [ RunTime:0.002280s ]
INFO: [ app_begin ] --START--
INFO: ReadHtmlCache Behavior ::run [ RunTime:0.001099s ]
INFO: [ app_begin ] --END-- [ RunTime:0.001186s ]
SQL: SHOW COLUMNS FROM `t_node` [ RunTime:0.004456s ]
SQL: SELECT * FROM `t_node` WHERE ( pid=1 and  status=1 and is_menu=1 ) ORDER BY sort asc  [ RunTime:0.003603s ]
SQL: SHOW COLUMNS FROM `t_node` [ RunTime:0.003441s ]
SQL: SELECT `id` FROM `t_node` WHERE ( name='Hxcategory' ) LIMIT 1   [ RunTime:0.003178s ]
SQL: SHOW COLUMNS FROM `t_node` [ RunTime:0.003618s ]
SQL: SELECT * FROM `t_node` WHERE ( pid=73 and  status=1 and is_menu=1 ) ORDER BY sort asc  [ RunTime:0.003112s ]
NOTIC: [8] Undefined index:  keys E:\wamp\www\tangliang\Admin\Lib\Action\HxcategoryAction.class.php 第 24 行.
NOTIC: [8] Undefined variable: where E:\wamp\www\tangliang\Admin\Lib\Action\HxcategoryAction.class.php 第 28 行.
SQL: SHOW COLUMNS FROM `t_hxcategory` [ RunTime:0.005216s ]
SQL: SHOW COLUMNS FROM `t_admin` [ RunTime:0.003639s ]
SQL: SELECT COUNT(*) AS tp_count FROM t_hxcategory Hxcategory LEFT JOIN t_admin Admin ON Hxcategory.adduid=Admin.a_id ORDER BY Hxcategory.addtime desc LIMIT 1   [ RunTime:0.003380s ]
NOTIC: [8] Undefined variable: where E:\wamp\www\tangliang\Admin\Lib\Action\HxcategoryAction.class.php 第 30 行.
SQL: SELECT Hxcategory.id AS id,Hxcategory.name AS name,Hxcategory.addtime AS addtime,Admin.a_id AS a_id,Admin.a_name AS adduname FROM t_hxcategory Hxcategory LEFT JOIN t_admin Admin ON Hxcategory.adduid=Admin.a_id ORDER BY Hxcategory.addtime desc LIMIT 0,10   [ RunTime:0.002947s ]
INFO: [ view_parse ] --START--
NOTIC: [8] Use of undefined constant name - assumed 'name' E:\wamp\www\tangliang\temp\Admin\Cache\5c503ce519e423e3715915656a276c40.php 第 81 行.
NOTIC: [8] Use of undefined constant name - assumed 'name' E:\wamp\www\tangliang\temp\Admin\Cache\5c503ce519e423e3715915656a276c40.php 第 81 行.
NOTIC: [8] Use of undefined constant name - assumed 'name' E:\wamp\www\tangliang\temp\Admin\Cache\5c503ce519e423e3715915656a276c40.php 第 81 行.
NOTIC: [8] Use of undefined constant name - assumed 'name' E:\wamp\www\tangliang\temp\Admin\Cache\5c503ce519e423e3715915656a276c40.php 第 81 行.
NOTIC: [8] Use of undefined constant name - assumed 'name' E:\wamp\www\tangliang\temp\Admin\Cache\5c503ce519e423e3715915656a276c40.php 第 81 行.
NOTIC: [8] Use of undefined constant name - assumed 'name' E:\wamp\www\tangliang\temp\Admin\Cache\5c503ce519e423e3715915656a276c40.php 第 81 行.
NOTIC: [8] Use of undefined constant name - assumed 'name' E:\wamp\www\tangliang\temp\Admin\Cache\5c503ce519e423e3715915656a276c40.php 第 81 行.
NOTIC: [8] Use of undefined constant name - assumed 'name' E:\wamp\www\tangliang\temp\Admin\Cache\5c503ce519e423e3715915656a276c40.php 第 81 行.
NOTIC: [8] Use of undefined constant name - assumed 'name' E:\wamp\www\tangliang\temp\Admin\Cache\5c503ce519e423e3715915656a276c40.php 第 81 行.
NOTIC: [8] Use of undefined constant name - assumed 'name' E:\wamp\www\tangliang\temp\Admin\Cache\5c503ce519e423e3715915656a276c40.php 第 81 行.
NOTIC: [8] Use of undefined constant name - assumed 'name' E:\wamp\www\tangliang\temp\Admin\Cache\5c503ce519e423e3715915656a276c40.php 第 81 行.
NOTIC: [8] Use of undefined constant name - assumed 'name' E:\wamp\www\tangliang\temp\Admin\Cache\5c503ce519e423e3715915656a276c40.php 第 81 行.
NOTIC: [8] Use of undefined constant name - assumed 'name' E:\wamp\www\tangliang\temp\Admin\Cache\5c503ce519e423e3715915656a276c40.php 第 137 行.
NOTIC: [8] Use of undefined constant name - assumed 'name' E:\wamp\www\tangliang\temp\Admin\Cache\5c503ce519e423e3715915656a276c40.php 第 137 行.
NOTIC: [8] Use of undefined constant id - assumed 'id' E:\wamp\www\tangliang\temp\Admin\Cache\5c503ce519e423e3715915656a276c40.php 第 182 行.
NOTIC: [8] Use of undefined constant id - assumed 'id' E:\wamp\www\tangliang\temp\Admin\Cache\5c503ce519e423e3715915656a276c40.php 第 183 行.
NOTIC: [8] Use of undefined constant id - assumed 'id' E:\wamp\www\tangliang\temp\Admin\Cache\5c503ce519e423e3715915656a276c40.php 第 182 行.
NOTIC: [8] Use of undefined constant id - assumed 'id' E:\wamp\www\tangliang\temp\Admin\Cache\5c503ce519e423e3715915656a276c40.php 第 183 行.
NOTIC: [8] Use of undefined constant id - assumed 'id' E:\wamp\www\tangliang\temp\Admin\Cache\5c503ce519e423e3715915656a276c40.php 第 182 行.
NOTIC: [8] Use of undefined constant id - assumed 'id' E:\wamp\www\tangliang\temp\Admin\Cache\5c503ce519e423e3715915656a276c40.php 第 183 行.
NOTIC: [8] Use of undefined constant id - assumed 'id' E:\wamp\www\tangliang\temp\Admin\Cache\5c503ce519e423e3715915656a276c40.php 第 182 行.
NOTIC: [8] Use of undefined constant id - assumed 'id' E:\wamp\www\tangliang\temp\Admin\Cache\5c503ce519e423e3715915656a276c40.php 第 183 行.
NOTIC: [8] Use of undefined constant id - assumed 'id' E:\wamp\www\tangliang\temp\Admin\Cache\5c503ce519e423e3715915656a276c40.php 第 182 行.
NOTIC: [8] Use of undefined constant id - assumed 'id' E:\wamp\www\tangliang\temp\Admin\Cache\5c503ce519e423e3715915656a276c40.php 第 183 行.
NOTIC: [8] Use of undefined constant id - assumed 'id' E:\wamp\www\tangliang\temp\Admin\Cache\5c503ce519e423e3715915656a276c40.php 第 182 行.
NOTIC: [8] Use of undefined constant id - assumed 'id' E:\wamp\www\tangliang\temp\Admin\Cache\5c503ce519e423e3715915656a276c40.php 第 183 行.
NOTIC: [8] Undefined variable: year E:\wamp\www\tangliang\temp\Admin\Cache\5c503ce519e423e3715915656a276c40.php 第 393 行.
NOTIC: [8] Undefined variable: month E:\wamp\www\tangliang\temp\Admin\Cache\5c503ce519e423e3715915656a276c40.php 第 400 行.
NOTIC: [8] Undefined variable: day E:\wamp\www\tangliang\temp\Admin\Cache\5c503ce519e423e3715915656a276c40.php 第 407 行.
NOTIC: [8] Undefined variable: pro_list E:\wamp\www\tangliang\temp\Admin\Cache\5c503ce519e423e3715915656a276c40.php 第 415 行.
INFO: ParseTemplate Behavior ::run [ RunTime:0.036984s ]
INFO: [ view_parse ] --END-- [ RunTime:0.037086s ]
INFO: [ view_filter ] --START--
INFO: ContentReplace Behavior ::run [ RunTime:0.001170s ]
INFO: TokenBuild Behavior ::run [ RunTime:0.001042s ]
INFO: WriteHtmlCache Behavior ::run [ RunTime:0.000793s ]
INFO: ShowRuntime Behavior ::run [ RunTime:0.000992s ]
INFO: [ view_filter ] --END-- [ RunTime:0.004212s ]
INFO: [ view_end ] --START--
INFO: ShowPageTrace Behavior ::run [ RunTime:0.001281s ]
INFO: [ view_end ] --END-- [ RunTime:0.001488s ]

[ 2015-04-23T17:54:46+08:00 ] 127.0.0.1 /tangliang/manager.php/Hxcategory/del/id/1.html
INFO: [ route_check ] --START--
INFO: CheckRoute Behavior ::run [ RunTime:0.001067s ]
INFO: [ route_check ] --END-- [ RunTime:0.001220s ]
INFO: [ app_begin ] --START--
INFO: ReadHtmlCache Behavior ::run [ RunTime:0.000731s ]
INFO: [ app_begin ] --END-- [ RunTime:0.000845s ]
ERR: 非法操作:del

[ 2015-04-23T17:56:23+08:00 ] 127.0.0.1 /tangliang/manager.php/Hxcategory/del/id/1.html
INFO: [ route_check ] --START--
INFO: CheckRoute Behavior ::run [ RunTime:0.003135s ]
INFO: [ route_check ] --END-- [ RunTime:0.003380s ]
INFO: [ app_begin ] --START--
INFO: ReadHtmlCache Behavior ::run [ RunTime:0.000805s ]
INFO: [ app_begin ] --END-- [ RunTime:0.000916s ]
SQL: SHOW COLUMNS FROM `t_hxcategory` [ RunTime:0.003321s ]
SQL: DELETE FROM `t_hxcategory` WHERE ( id=1 ) [ RunTime:0.002871s ]
INFO: [ view_parse ] --START--
INFO: ParseTemplate Behavior ::run [ RunTime:0.011739s ]
INFO: [ view_parse ] --END-- [ RunTime:0.011902s ]
INFO: [ view_filter ] --START--
INFO: ContentReplace Behavior ::run [ RunTime:0.000514s ]
INFO: TokenBuild Behavior ::run [ RunTime:0.000514s ]
INFO: WriteHtmlCache Behavior ::run [ RunTime:0.000336s ]
INFO: ShowRuntime Behavior ::run [ RunTime:0.000583s ]
INFO: [ view_filter ] --END-- [ RunTime:0.002209s ]
INFO: [ view_end ] --START--
INFO: ShowPageTrace Behavior ::run [ RunTime:0.001323s ]
INFO: [ view_end ] --END-- [ RunTime:0.001483s ]

[ 2015-04-23T17:56:24+08:00 ] 127.0.0.1 /tangliang/manager.php/Hxcategory/index.html
INFO: [ route_check ] --START--
INFO: CheckRoute Behavior ::run [ RunTime:0.001373s ]
INFO: [ route_check ] --END-- [ RunTime:0.001541s ]
INFO: [ app_begin ] --START--
INFO: ReadHtmlCache Behavior ::run [ RunTime:0.000896s ]
INFO: [ app_begin ] --END-- [ RunTime:0.001021s ]
SQL: SHOW COLUMNS FROM `t_node` [ RunTime:0.003543s ]
SQL: SELECT * FROM `t_node` WHERE ( pid=1 and  status=1 and is_menu=1 ) ORDER BY sort asc  [ RunTime:0.003323s ]
SQL: SHOW COLUMNS FROM `t_node` [ RunTime:0.003610s ]
SQL: SELECT `id` FROM `t_node` WHERE ( name='Hxcategory' ) LIMIT 1   [ RunTime:0.003484s ]
SQL: SHOW COLUMNS FROM `t_node` [ RunTime:0.003367s ]
SQL: SELECT * FROM `t_node` WHERE ( pid=73 and  status=1 and is_menu=1 ) ORDER BY sort asc  [ RunTime:0.004875s ]
NOTIC: [8] Undefined index:  keys E:\wamp\www\tangliang\Admin\Lib\Action\HxcategoryAction.class.php 第 24 行.
NOTIC: [8] Undefined variable: where E:\wamp\www\tangliang\Admin\Lib\Action\HxcategoryAction.class.php 第 28 行.
SQL: SHOW COLUMNS FROM `t_hxcategory` [ RunTime:0.004456s ]
SQL: SHOW COLUMNS FROM `t_admin` [ RunTime:0.003637s ]
SQL: SELECT COUNT(*) AS tp_count FROM t_hxcategory Hxcategory LEFT JOIN t_admin Admin ON Hxcategory.adduid=Admin.a_id ORDER BY Hxcategory.addtime desc LIMIT 1   [ RunTime:0.003986s ]
NOTIC: [8] Undefined variable: where E:\wamp\www\tangliang\Admin\Lib\Action\HxcategoryAction.class.php 第 30 行.
SQL: SELECT Hxcategory.id AS id,Hxcategory.name AS name,Hxcategory.addtime AS addtime,Admin.a_id AS a_id,Admin.a_name AS adduname FROM t_hxcategory Hxcategory LEFT JOIN t_admin Admin ON Hxcategory.adduid=Admin.a_id ORDER BY Hxcategory.addtime desc LIMIT 0,10   [ RunTime:0.003047s ]
INFO: [ view_parse ] --START--
NOTIC: [8] Use of undefined constant name - assumed 'name' E:\wamp\www\tangliang\temp\Admin\Cache\5c503ce519e423e3715915656a276c40.php 第 81 行.
NOTIC: [8] Use of undefined constant name - assumed 'name' E:\wamp\www\tangliang\temp\Admin\Cache\5c503ce519e423e3715915656a276c40.php 第 81 行.
NOTIC: [8] Use of undefined constant name - assumed 'name' E:\wamp\www\tangliang\temp\Admin\Cache\5c503ce519e423e3715915656a276c40.php 第 81 行.
NOTIC: [8] Use of undefined constant name - assumed 'name' E:\wamp\www\tangliang\temp\Admin\Cache\5c503ce519e423e3715915656a276c40.php 第 81 行.
NOTIC: [8] Use of undefined constant name - assumed 'name' E:\wamp\www\tangliang\temp\Admin\Cache\5c503ce519e423e3715915656a276c40.php 第 81 行.
NOTIC: [8] Use of undefined constant name - assumed 'name' E:\wamp\www\tangliang\temp\Admin\Cache\5c503ce519e423e3715915656a276c40.php 第 81 行.
NOTIC: [8] Use of undefined constant name - assumed 'name' E:\wamp\www\tangliang\temp\Admin\Cache\5c503ce519e423e3715915656a276c40.php 第 81 行.
NOTIC: [8] Use of undefined constant name - assumed 'name' E:\wamp\www\tangliang\temp\Admin\Cache\5c503ce519e423e3715915656a276c40.php 第 81 行.
NOTIC: [8] Use of undefined constant name - assumed 'name' E:\wamp\www\tangliang\temp\Admin\Cache\5c503ce519e423e3715915656a276c40.php 第 81 行.
NOTIC: [8] Use of undefined constant name - assumed 'name' E:\wamp\www\tangliang\temp\Admin\Cache\5c503ce519e423e3715915656a276c40.php 第 81 行.
NOTIC: [8] Use of undefined constant name - assumed 'name' E:\wamp\www\tangliang\temp\Admin\Cache\5c503ce519e423e3715915656a276c40.php 第 81 行.
NOTIC: [8] Use of undefined constant name - assumed 'name' E:\wamp\www\tangliang\temp\Admin\Cache\5c503ce519e423e3715915656a276c40.php 第 81 行.
NOTIC: [8] Use of undefined constant name - assumed 'name' E:\wamp\www\tangliang\temp\Admin\Cache\5c503ce519e423e3715915656a276c40.php 第 137 行.
NOTIC: [8] Use of undefined constant name - assumed 'name' E:\wamp\www\tangliang\temp\Admin\Cache\5c503ce519e423e3715915656a276c40.php 第 137 行.
NOTIC: [8] Use of undefined constant id - assumed 'id' E:\wamp\www\tangliang\temp\Admin\Cache\5c503ce519e423e3715915656a276c40.php 第 182 行.
NOTIC: [8] Use of undefined constant id - assumed 'id' E:\wamp\www\tangliang\temp\Admin\Cache\5c503ce519e423e3715915656a276c40.php 第 183 行.
NOTIC: [8] Use of undefined constant id - assumed 'id' E:\wamp\www\tangliang\temp\Admin\Cache\5c503ce519e423e3715915656a276c40.php 第 182 行.
NOTIC: [8] Use of undefined constant id - assumed 'id' E:\wamp\www\tangliang\temp\Admin\Cache\5c503ce519e423e3715915656a276c40.php 第 183 行.
NOTIC: [8] Use of undefined constant id - assumed 'id' E:\wamp\www\tangliang\temp\Admin\Cache\5c503ce519e423e3715915656a276c40.php 第 182 行.
NOTIC: [8] Use of undefined constant id - assumed 'id' E:\wamp\www\tangliang\temp\Admin\Cache\5c503ce519e423e3715915656a276c40.php 第 183 行.
NOTIC: [8] Use of undefined constant id - assumed 'id' E:\wamp\www\tangliang\temp\Admin\Cache\5c503ce519e423e3715915656a276c40.php 第 182 行.
NOTIC: [8] Use of undefined constant id - assumed 'id' E:\wamp\www\tangliang\temp\Admin\Cache\5c503ce519e423e3715915656a276c40.php 第 183 行.
NOTIC: [8] Use of undefined constant id - assumed 'id' E:\wamp\www\tangliang\temp\Admin\Cache\5c503ce519e423e3715915656a276c40.php 第 182 行.
NOTIC: [8] Use of undefined constant id - assumed 'id' E:\wamp\www\tangliang\temp\Admin\Cache\5c503ce519e423e3715915656a276c40.php 第 183 行.
NOTIC: [8] Undefined variable: year E:\wamp\www\tangliang\temp\Admin\Cache\5c503ce519e423e3715915656a276c40.php 第 393 行.
NOTIC: [8] Undefined variable: month E:\wamp\www\tangliang\temp\Admin\Cache\5c503ce519e423e3715915656a276c40.php 第 400 行.
NOTIC: [8] Undefined variable: day E:\wamp\www\tangliang\temp\Admin\Cache\5c503ce519e423e3715915656a276c40.php 第 407 行.
NOTIC: [8] Undefined variable: pro_list E:\wamp\www\tangliang\temp\Admin\Cache\5c503ce519e423e3715915656a276c40.php 第 415 行.
INFO: ParseTemplate Behavior ::run [ RunTime:0.045636s ]
INFO: [ view_parse ] --END-- [ RunTime:0.045766s ]
INFO: [ view_filter ] --START--
INFO: ContentReplace Behavior ::run [ RunTime:0.000870s ]
INFO: TokenBuild Behavior ::run [ RunTime:0.000788s ]
INFO: WriteHtmlCache Behavior ::run [ RunTime:0.000381s ]
INFO: ShowRuntime Behavior ::run [ RunTime:0.000668s ]
INFO: [ view_filter ] --END-- [ RunTime:0.003009s ]
INFO: [ view_end ] --START--
INFO: ShowPageTrace Behavior ::run [ RunTime:0.000955s ]
INFO: [ view_end ] --END-- [ RunTime:0.001085s ]

[ 2015-04-23T18:02:19+08:00 ] 127.0.0.1 /tangliang/manager.php/Access/index.html
INFO: [ route_check ] --START--
INFO: CheckRoute Behavior ::run [ RunTime:0.001657s ]
INFO: [ route_check ] --END-- [ RunTime:0.001799s ]
INFO: [ app_begin ] --START--
INFO: ReadHtmlCache Behavior ::run [ RunTime:0.001760s ]
INFO: [ app_begin ] --END-- [ RunTime:0.001987s ]
NOTIC: [2] Cannot modify header information - headers already sent by (output started at E:\wamp\www\tangliang\Admin\Lib\Action\AccessAction.class.php:1) E:\wamp\www\tangliang\Admin\Lib\Action\CommonAction.class.php 第 18 行.
NOTIC: [2] Cannot modify header information - headers already sent by (output started at E:\wamp\www\tangliang\Admin\Lib\Action\AccessAction.class.php:1) E:\wamp\www\tangliang\Admin\Lib\Action\CommonAction.class.php 第 19 行.
NOTIC: [2] Cannot modify header information - headers already sent by (output started at E:\wamp\www\tangliang\Admin\Lib\Action\AccessAction.class.php:1) E:\wamp\www\tangliang\Admin\Lib\Action\CommonAction.class.php 第 90 行.
SQL: SHOW COLUMNS FROM `t_node` [ RunTime:0.003732s ]
SQL: SELECT * FROM `t_node` WHERE ( pid=1 and  status=1 and is_menu=1 ) ORDER BY sort asc  [ RunTime:0.003499s ]
SQL: SHOW COLUMNS FROM `t_node` [ RunTime:0.004073s ]
SQL: SELECT `id` FROM `t_node` WHERE ( name='Access' ) LIMIT 1   [ RunTime:0.002786s ]
SQL: SHOW COLUMNS FROM `t_node` [ RunTime:0.003383s ]
SQL: SELECT * FROM `t_node` WHERE ( pid=14 and  status=1 and is_menu=1 ) ORDER BY sort asc  [ RunTime:0.003258s ]
SQL: SHOW COLUMNS FROM `t_access` [ RunTime:0.003753s ]
SQL: SHOW COLUMNS FROM `t_admininfoview` [ RunTime:0.004034s ]
SQL: SELECT * FROM `t_admininfoview` ORDER BY a_id asc  [ RunTime:0.004496s ]
INFO: [ view_parse ] --START--
NOTIC: [8] Use of undefined constant name - assumed 'name' E:\wamp\www\tangliang\temp\Admin\Cache\e4cb68fd27fba17230f88efa6a7f1013.php 第 45 行.
NOTIC: [8] Use of undefined constant name - assumed 'name' E:\wamp\www\tangliang\temp\Admin\Cache\e4cb68fd27fba17230f88efa6a7f1013.php 第 45 行.
NOTIC: [8] Use of undefined constant name - assumed 'name' E:\wamp\www\tangliang\temp\Admin\Cache\e4cb68fd27fba17230f88efa6a7f1013.php 第 45 行.
NOTIC: [8] Use of undefined constant name - assumed 'name' E:\wamp\www\tangliang\temp\Admin\Cache\e4cb68fd27fba17230f88efa6a7f1013.php 第 45 行.
NOTIC: [8] Use of undefined constant name - assumed 'name' E:\wamp\www\tangliang\temp\Admin\Cache\e4cb68fd27fba17230f88efa6a7f1013.php 第 45 行.
NOTIC: [8] Use of undefined constant name - assumed 'name' E:\wamp\www\tangliang\temp\Admin\Cache\e4cb68fd27fba17230f88efa6a7f1013.php 第 45 行.
NOTIC: [8] Use of undefined constant name - assumed 'name' E:\wamp\www\tangliang\temp\Admin\Cache\e4cb68fd27fba17230f88efa6a7f1013.php 第 45 行.
NOTIC: [8] Use of undefined constant name - assumed 'name' E:\wamp\www\tangliang\temp\Admin\Cache\e4cb68fd27fba17230f88efa6a7f1013.php 第 45 行.
NOTIC: [8] Use of undefined constant name - assumed 'name' E:\wamp\www\tangliang\temp\Admin\Cache\e4cb68fd27fba17230f88efa6a7f1013.php 第 45 行.
NOTIC: [8] Use of undefined constant name - assumed 'name' E:\wamp\www\tangliang\temp\Admin\Cache\e4cb68fd27fba17230f88efa6a7f1013.php 第 45 行.
NOTIC: [8] Use of undefined constant name - assumed 'name' E:\wamp\www\tangliang\temp\Admin\Cache\e4cb68fd27fba17230f88efa6a7f1013.php 第 45 行.
NOTIC: [8] Use of undefined constant name - assumed 'name' E:\wamp\www\tangliang\temp\Admin\Cache\e4cb68fd27fba17230f88efa6a7f1013.php 第 45 行.
NOTIC: [8] Use of undefined constant name - assumed 'name' E:\wamp\www\tangliang\temp\Admin\Cache\e4cb68fd27fba17230f88efa6a7f1013.php 第 101 行.
NOTIC: [8] Use of undefined constant name - assumed 'name' E:\wamp\www\tangliang\temp\Admin\Cache\e4cb68fd27fba17230f88efa6a7f1013.php 第 101 行.
NOTIC: [8] Use of undefined constant name - assumed 'name' E:\wamp\www\tangliang\temp\Admin\Cache\e4cb68fd27fba17230f88efa6a7f1013.php 第 101 行.
NOTIC: [8] Use of undefined constant name - assumed 'name' E:\wamp\www\tangliang\temp\Admin\Cache\e4cb68fd27fba17230f88efa6a7f1013.php 第 101 行.
NOTIC: [8] Use of undefined constant name - assumed 'name' E:\wamp\www\tangliang\temp\Admin\Cache\e4cb68fd27fba17230f88efa6a7f1013.php 第 101 行.
NOTIC: [8] Use of undefined constant name - assumed 'name' E:\wamp\www\tangliang\temp\Admin\Cache\e4cb68fd27fba17230f88efa6a7f1013.php 第 101 行.
NOTIC: [8] Use of undefined constant a_id - assumed 'a_id' E:\wamp\www\tangliang\temp\Admin\Cache\e4cb68fd27fba17230f88efa6a7f1013.php 第 143 行.
NOTIC: [8] Use of undefined constant a_id - assumed 'a_id' E:\wamp\www\tangliang\temp\Admin\Cache\e4cb68fd27fba17230f88efa6a7f1013.php 第 143 行.
NOTIC: [8] Use of undefined constant a_id - assumed 'a_id' E:\wamp\www\tangliang\temp\Admin\Cache\e4cb68fd27fba17230f88efa6a7f1013.php 第 143 行.
NOTIC: [8] Use of undefined constant a_id - assumed 'a_id' E:\wamp\www\tangliang\temp\Admin\Cache\e4cb68fd27fba17230f88efa6a7f1013.php 第 143 行.
INFO: ParseTemplate Behavior ::run [ RunTime:0.030464s ]
INFO: [ view_parse ] --END-- [ RunTime:0.030567s ]
INFO: [ view_filter ] --START--
INFO: ContentReplace Behavior ::run [ RunTime:0.001082s ]
INFO: TokenBuild Behavior ::run [ RunTime:0.001004s ]
INFO: WriteHtmlCache Behavior ::run [ RunTime:0.000784s ]
INFO: ShowRuntime Behavior ::run [ RunTime:0.000976s ]
INFO: [ view_filter ] --END-- [ RunTime:0.004058s ]
NOTIC: [2] Cannot modify header information - headers already sent by (output started at E:\wamp\www\tangliang\Admin\Lib\Action\AccessAction.class.php:1) E:\wamp\www\tangliang\ThinkPHP\Lib\Core\View.class.php 第 95 行.
NOTIC: [2] Cannot modify header information - headers already sent by (output started at E:\wamp\www\tangliang\Admin\Lib\Action\AccessAction.class.php:1) E:\wamp\www\tangliang\ThinkPHP\Lib\Core\View.class.php 第 96 行.
NOTIC: [2] Cannot modify header information - headers already sent by (output started at E:\wamp\www\tangliang\Admin\Lib\Action\AccessAction.class.php:1) E:\wamp\www\tangliang\ThinkPHP\Lib\Core\View.class.php 第 97 行.
INFO: [ view_end ] --START--
INFO: ShowPageTrace Behavior ::run [ RunTime:0.001325s ]
INFO: [ view_end ] --END-- [ RunTime:0.001447s ]

[ 2015-04-23T18:02:21+08:00 ] 127.0.0.1 /tangliang/manager.php/Access/addnode.html
INFO: [ route_check ] --START--
INFO: CheckRoute Behavior ::run [ RunTime:0.000865s ]
INFO: [ route_check ] --END-- [ RunTime:0.000981s ]
INFO: [ app_begin ] --START--
INFO: ReadHtmlCache Behavior ::run [ RunTime:0.000557s ]
INFO: [ app_begin ] --END-- [ RunTime:0.000635s ]
NOTIC: [2] Cannot modify header information - headers already sent by (output started at E:\wamp\www\tangliang\Admin\Lib\Action\AccessAction.class.php:1) E:\wamp\www\tangliang\Admin\Lib\Action\CommonAction.class.php 第 18 行.
NOTIC: [2] Cannot modify header information - headers already sent by (output started at E:\wamp\www\tangliang\Admin\Lib\Action\AccessAction.class.php:1) E:\wamp\www\tangliang\Admin\Lib\Action\CommonAction.class.php 第 19 行.
NOTIC: [2] Cannot modify header information - headers already sent by (output started at E:\wamp\www\tangliang\Admin\Lib\Action\AccessAction.class.php:1) E:\wamp\www\tangliang\Admin\Lib\Action\CommonAction.class.php 第 90 行.
SQL: SHOW COLUMNS FROM `t_node` [ RunTime:0.003583s ]
SQL: SELECT * FROM `t_node` WHERE ( pid=1 and  status=1 and is_menu=1 ) ORDER BY sort asc  [ RunTime:0.003240s ]
SQL: SHOW COLUMNS FROM `t_node` [ RunTime:0.003346s ]
SQL: SELECT `id` FROM `t_node` WHERE ( name='Access' ) LIMIT 1   [ RunTime:0.002833s ]
SQL: SHOW COLUMNS FROM `t_node` [ RunTime:0.003078s ]
SQL: SELECT * FROM `t_node` WHERE ( pid=14 and  status=1 and is_menu=1 ) ORDER BY sort asc  [ RunTime:0.003024s ]
NOTIC: [8] Undefined index:  levelOption E:\wamp\www\tangliang\Admin\Lib\Action\AccessAction.class.php 第 365 行.
SQL: SHOW COLUMNS FROM `t_node` [ RunTime:0.004823s ]
SQL: SELECT * FROM `t_node`  [ RunTime:0.004936s ]
NOTIC: [8] Undefined index:  pid E:\wamp\www\tangliang\Admin\Lib\Action\AccessAction.class.php 第 374 行.
NOTIC: [8] Undefined index:  pid E:\wamp\www\tangliang\Admin\Lib\Action\AccessAction.class.php 第 374 行.
NOTIC: [8] Undefined index:  pid E:\wamp\www\tangliang\Admin\Lib\Action\AccessAction.class.php 第 374 行.
NOTIC: [8] Undefined index:  pid E:\wamp\www\tangliang\Admin\Lib\Action\AccessAction.class.php 第 374 行.
NOTIC: [8] Undefined index:  pid E:\wamp\www\tangliang\Admin\Lib\Action\AccessAction.class.php 第 374 行.
NOTIC: [8] Undefined index:  pid E:\wamp\www\tangliang\Admin\Lib\Action\AccessAction.class.php 第 374 行.
NOTIC: [8] Undefined index:  pid E:\wamp\www\tangliang\Admin\Lib\Action\AccessAction.class.php 第 374 行.
NOTIC: [8] Undefined index:  pid E:\wamp\www\tangliang\Admin\Lib\Action\AccessAction.class.php 第 374 行.
NOTIC: [8] Undefined index:  pid E:\wamp\www\tangliang\Admin\Lib\Action\AccessAction.class.php 第 374 行.
NOTIC: [8] Undefined index:  pid E:\wamp\www\tangliang\Admin\Lib\Action\AccessAction.class.php 第 374 行.
NOTIC: [8] Undefined index:  pid E:\wamp\www\tangliang\Admin\Lib\Action\AccessAction.class.php 第 374 行.
NOTIC: [8] Undefined index:  pid E:\wamp\www\tangliang\Admin\Lib\Action\AccessAction.class.php 第 374 行.
NOTIC: [8] Undefined index:  pid E:\wamp\www\tangliang\Admin\Lib\Action\AccessAction.class.php 第 374 行.
NOTIC: [8] Undefined index:  pid E:\wamp\www\tangliang\Admin\Lib\Action\AccessAction.class.php 第 374 行.
NOTIC: [8] Undefined index:  pid E:\wamp\www\tangliang\Admin\Lib\Action\AccessAction.class.php 第 374 行.
NOTIC: [8] Undefined index:  pid E:\wamp\www\tangliang\Admin\Lib\Action\AccessAction.class.php 第 374 行.
NOTIC: [8] Undefined index:  pid E:\wamp\www\tangliang\Admin\Lib\Action\AccessAction.class.php 第 374 行.
NOTIC: [8] Undefined index:  pid E:\wamp\www\tangliang\Admin\Lib\Action\AccessAction.class.php 第 374 行.
NOTIC: [8] Undefined index:  pid E:\wamp\www\tangliang\Admin\Lib\Action\AccessAction.class.php 第 374 行.
NOTIC: [8] Undefined index:  pid E:\wamp\www\tangliang\Admin\Lib\Action\AccessAction.class.php 第 374 行.
NOTIC: [8] Undefined index:  pid E:\wamp\www\tangliang\Admin\Lib\Action\AccessAction.class.php 第 374 行.
NOTIC: [8] Undefined index:  pid E:\wamp\www\tangliang\Admin\Lib\Action\AccessAction.class.php 第 374 行.
NOTIC: [8] Undefined index:  pid E:\wamp\www\tangliang\Admin\Lib\Action\AccessAction.class.php 第 374 行.
NOTIC: [8] Undefined index:  pid E:\wamp\www\tangliang\Admin\Lib\Action\AccessAction.class.php 第 374 行.
NOTIC: [8] Undefined index:  pid E:\wamp\www\tangliang\Admin\Lib\Action\AccessAction.class.php 第 374 行.
NOTIC: [8] Undefined index:  pid E:\wamp\www\tangliang\Admin\Lib\Action\AccessAction.class.php 第 374 行.
NOTIC: [8] Undefined index:  pid E:\wamp\www\tangliang\Admin\Lib\Action\AccessAction.class.php 第 374 行.
NOTIC: [8] Undefined index:  pid E:\wamp\www\tangliang\Admin\Lib\Action\AccessAction.class.php 第 374 行.
NOTIC: [8] Undefined index:  pid E:\wamp\www\tangliang\Admin\Lib\Action\AccessAction.class.php 第 374 行.
NOTIC: [8] Undefined index:  pid E:\wamp\www\tangliang\Admin\Lib\Action\AccessAction.class.php 第 374 行.
NOTIC: [8] Undefined index:  pid E:\wamp\www\tangliang\Admin\Lib\Action\AccessAction.class.php 第 374 行.
NOTIC: [8] Undefined index:  pid E:\wamp\www\tangliang\Admin\Lib\Action\AccessAction.class.php 第 374 行.
NOTIC: [8] Undefined index:  pid E:\wamp\www\tangliang\Admin\Lib\Action\AccessAction.class.php 第 374 行.
NOTIC: [8] Undefined index:  pid E:\wamp\www\tangliang\Admin\Lib\Action\AccessAction.class.php 第 374 行.
NOTIC: [8] Undefined index:  pid E:\wamp\www\tangliang\Admin\Lib\Action\AccessAction.class.php 第 374 行.
NOTIC: [8] Undefined index:  pid E:\wamp\www\tangliang\Admin\Lib\Action\AccessAction.class.php 第 374 行.
NOTIC: [8] Undefined index:  pid E:\wamp\www\tangliang\Admin\Lib\Action\AccessAction.class.php 第 374 行.
NOTIC: [8] Undefined index:  pid E:\wamp\www\tangliang\Admin\Lib\Action\AccessAction.class.php 第 374 行.
NOTIC: [8] Undefined index:  pid E:\wamp\www\tangliang\Admin\Lib\Action\AccessAction.class.php 第 374 行.
NOTIC: [8] Undefined index:  pid E:\wamp\www\tangliang\Admin\Lib\Action\AccessAction.class.php 第 374 行.
NOTIC: [8] Undefined index:  pid E:\wamp\www\tangliang\Admin\Lib\Action\AccessAction.class.php 第 374 行.
NOTIC: [8] Undefined index:  pid E:\wamp\www\tangliang\Admin\Lib\Action\AccessAction.class.php 第 374 行.
NOTIC: [8] Undefined index:  pid E:\wamp\www\tangliang\Admin\Lib\Action\AccessAction.class.php 第 374 行.
NOTIC: [8] Undefined index:  pid E:\wamp\www\tangliang\Admin\Lib\Action\AccessAction.class.php 第 374 行.
INFO: [ view_parse ] --START--
NOTIC: [8] Undefined variable: site E:\wamp\www\tangliang\temp\Admin\Cache\72251130238df81779543db342ca1221.php 第 5 行.
NOTIC: [8] Use of undefined constant name - assumed 'name' E:\wamp\www\tangliang\temp\Admin\Cache\72251130238df81779543db342ca1221.php 第 40 行.
NOTIC: [8] Use of undefined constant name - assumed 'name' E:\wamp\www\tangliang\temp\Admin\Cache\72251130238df81779543db342ca1221.php 第 40 行.
NOTIC: [8] Use of undefined constant name - assumed 'name' E:\wamp\www\tangliang\temp\Admin\Cache\72251130238df81779543db342ca1221.php 第 40 行.
NOTIC: [8] Use of undefined constant name - assumed 'name' E:\wamp\www\tangliang\temp\Admin\Cache\72251130238df81779543db342ca1221.php 第 40 行.
NOTIC: [8] Use of undefined constant name - assumed 'name' E:\wamp\www\tangliang\temp\Admin\Cache\72251130238df81779543db342ca1221.php 第 40 行.
NOTIC: [8] Use of undefined constant name - assumed 'name' E:\wamp\www\tangliang\temp\Admin\Cache\72251130238df81779543db342ca1221.php 第 40 行.
NOTIC: [8] Use of undefined constant name - assumed 'name' E:\wamp\www\tangliang\temp\Admin\Cache\72251130238df81779543db342ca1221.php 第 40 行.
NOTIC: [8] Use of undefined constant name - assumed 'name' E:\wamp\www\tangliang\temp\Admin\Cache\72251130238df81779543db342ca1221.php 第 40 行.
NOTIC: [8] Use of undefined constant name - assumed 'name' E:\wamp\www\tangliang\temp\Admin\Cache\72251130238df81779543db342ca1221.php 第 40 行.
NOTIC: [8] Use of undefined constant name - assumed 'name' E:\wamp\www\tangliang\temp\Admin\Cache\72251130238df81779543db342ca1221.php 第 40 行.
NOTIC: [8] Use of undefined constant name - assumed 'name' E:\wamp\www\tangliang\temp\Admin\Cache\72251130238df81779543db342ca1221.php 第 40 行.
NOTIC: [8] Use of undefined constant name - assumed 'name' E:\wamp\www\tangliang\temp\Admin\Cache\72251130238df81779543db342ca1221.php 第 40 行.
NOTIC: [8] Use of undefined constant name - assumed 'name' E:\wamp\www\tangliang\temp\Admin\Cache\72251130238df81779543db342ca1221.php 第 94 行.
NOTIC: [8] Use of undefined constant name - assumed 'name' E:\wamp\www\tangliang\temp\Admin\Cache\72251130238df81779543db342ca1221.php 第 94 行.
NOTIC: [8] Use of undefined constant name - assumed 'name' E:\wamp\www\tangliang\temp\Admin\Cache\72251130238df81779543db342ca1221.php 第 94 行.
NOTIC: [8] Use of undefined constant name - assumed 'name' E:\wamp\www\tangliang\temp\Admin\Cache\72251130238df81779543db342ca1221.php 第 94 行.
NOTIC: [8] Use of undefined constant name - assumed 'name' E:\wamp\www\tangliang\temp\Admin\Cache\72251130238df81779543db342ca1221.php 第 94 行.
NOTIC: [8] Use of undefined constant name - assumed 'name' E:\wamp\www\tangliang\temp\Admin\Cache\72251130238df81779543db342ca1221.php 第 94 行.
NOTIC: [8] Undefined index:  name E:\wamp\www\tangliang\temp\Admin\Cache\72251130238df81779543db342ca1221.php 第 112 行.
NOTIC: [8] Undefined index:  title E:\wamp\www\tangliang\temp\Admin\Cache\72251130238df81779543db342ca1221.php 第 118 行.
NOTIC: [8] Undefined index:  status E:\wamp\www\tangliang\temp\Admin\Cache\72251130238df81779543db342ca1221.php 第 125 行.
NOTIC: [8] Undefined index:  is_menu E:\wamp\www\tangliang\temp\Admin\Cache\72251130238df81779543db342ca1221.php 第 137 行.
NOTIC: [8] Undefined index:  is_menu E:\wamp\www\tangliang\temp\Admin\Cache\72251130238df81779543db342ca1221.php 第 140 行.
NOTIC: [8] Undefined index:  sort E:\wamp\www\tangliang\temp\Admin\Cache\72251130238df81779543db342ca1221.php 第 159 行.
NOTIC: [8] Undefined index:  remark E:\wamp\www\tangliang\temp\Admin\Cache\72251130238df81779543db342ca1221.php 第 163 行.
NOTIC: [8] Undefined index:  id E:\wamp\www\tangliang\temp\Admin\Cache\72251130238df81779543db342ca1221.php 第 169 行.
INFO: ParseTemplate Behavior ::run [ RunTime:0.023600s ]
INFO: [ view_parse ] --END-- [ RunTime:0.023702s ]
INFO: [ view_filter ] --START--
INFO: ContentReplace Behavior ::run [ RunTime:0.000588s ]
INFO: TokenBuild Behavior ::run [ RunTime:0.000591s ]
INFO: WriteHtmlCache Behavior ::run [ RunTime:0.000309s ]
INFO: ShowRuntime Behavior ::run [ RunTime:0.000501s ]
INFO: [ view_filter ] --END-- [ RunTime:0.002220s ]
NOTIC: [2] Cannot modify header information - headers already sent by (output started at E:\wamp\www\tangliang\Admin\Lib\Action\AccessAction.class.php:1) E:\wamp\www\tangliang\ThinkPHP\Lib\Core\View.class.php 第 95 行.
NOTIC: [2] Cannot modify header information - headers already sent by (output started at E:\wamp\www\tangliang\Admin\Lib\Action\AccessAction.class.php:1) E:\wamp\www\tangliang\ThinkPHP\Lib\Core\View.class.php 第 96 行.
NOTIC: [2] Cannot modify header information - headers already sent by (output started at E:\wamp\www\tangliang\Admin\Lib\Action\AccessAction.class.php:1) E:\wamp\www\tangliang\ThinkPHP\Lib\Core\View.class.php 第 97 行.
INFO: [ view_end ] --START--
INFO: ShowPageTrace Behavior ::run [ RunTime:0.000773s ]
INFO: [ view_end ] --END-- [ RunTime:0.000872s ]

[ 2015-04-23T18:03:02+08:00 ] 127.0.0.1 /tangliang/manager.php/Access/addnode.html
INFO: [ route_check ] --START--
INFO: CheckRoute Behavior ::run [ RunTime:0.001425s ]
INFO: [ route_check ] --END-- [ RunTime:0.001580s ]
INFO: [ app_begin ] --START--
INFO: ReadHtmlCache Behavior ::run [ RunTime:0.001987s ]
INFO: [ app_begin ] --END-- [ RunTime:0.002118s ]
NOTIC: [2] Cannot modify header information - headers already sent by (output started at E:\wamp\www\tangliang\Admin\Lib\Action\AccessAction.class.php:1) E:\wamp\www\tangliang\Admin\Lib\Action\CommonAction.class.php 第 18 行.
NOTIC: [2] Cannot modify header information - headers already sent by (output started at E:\wamp\www\tangliang\Admin\Lib\Action\AccessAction.class.php:1) E:\wamp\www\tangliang\Admin\Lib\Action\CommonAction.class.php 第 19 行.
NOTIC: [2] Cannot modify header information - headers already sent by (output started at E:\wamp\www\tangliang\Admin\Lib\Action\AccessAction.class.php:1) E:\wamp\www\tangliang\Admin\Lib\Action\CommonAction.class.php 第 90 行.
SQL: SHOW COLUMNS FROM `t_node` [ RunTime:0.003613s ]
SQL: SELECT * FROM `t_node` WHERE ( pid=1 and  status=1 and is_menu=1 ) ORDER BY sort asc  [ RunTime:0.003238s ]
SQL: SHOW COLUMNS FROM `t_node` [ RunTime:0.003599s ]
SQL: SELECT `id` FROM `t_node` WHERE ( name='Access' ) LIMIT 1   [ RunTime:0.002751s ]
SQL: SHOW COLUMNS FROM `t_node` [ RunTime:0.004070s ]
SQL: SELECT * FROM `t_node` WHERE ( pid=14 and  status=1 and is_menu=1 ) ORDER BY sort asc  [ RunTime:0.003389s ]
SQL: SHOW COLUMNS FROM `t_admin` [ RunTime:0.003356s ]
SQL: SHOW COLUMNS FROM `t_access` [ RunTime:0.003263s ]
SQL: INSERT INTO `t_node` (`name`,`title`,`status`,`is_menu`,`level`,`pid`,`sort`,`remark`,`id`) VALUES ('Jubucategory','局部类型',1,1,2,1,5,'',0) [ RunTime:0.002936s ]
NOTIC: [8] Use of undefined constant info - assumed 'info' E:\wamp\www\tangliang\Admin\Lib\Model\AccessModel.class.php 第 58 行.
INFO: [ view_parse ] --START--
INFO: ParseTemplate Behavior ::run [ RunTime:0.016335s ]
INFO: [ view_parse ] --END-- [ RunTime:0.016495s ]
INFO: [ view_filter ] --START--
INFO: ContentReplace Behavior ::run [ RunTime:0.000744s ]
INFO: TokenBuild Behavior ::run [ RunTime:0.000587s ]
INFO: WriteHtmlCache Behavior ::run [ RunTime:0.000424s ]
INFO: ShowRuntime Behavior ::run [ RunTime:0.000629s ]
INFO: [ view_filter ] --END-- [ RunTime:0.002858s ]
NOTIC: [2] Cannot modify header information - headers already sent by (output started at E:\wamp\www\tangliang\Admin\Lib\Action\AccessAction.class.php:1) E:\wamp\www\tangliang\ThinkPHP\Lib\Core\View.class.php 第 95 行.
NOTIC: [2] Cannot modify header information - headers already sent by (output started at E:\wamp\www\tangliang\Admin\Lib\Action\AccessAction.class.php:1) E:\wamp\www\tangliang\ThinkPHP\Lib\Core\View.class.php 第 96 行.
NOTIC: [2] Cannot modify header information - headers already sent by (output started at E:\wamp\www\tangliang\Admin\Lib\Action\AccessAction.class.php:1) E:\wamp\www\tangliang\ThinkPHP\Lib\Core\View.class.php 第 97 行.
INFO: [ view_end ] --START--
INFO: ShowPageTrace Behavior ::run [ RunTime:0.000839s ]
INFO: [ view_end ] --END-- [ RunTime:0.000943s ]

[ 2015-04-23T18:03:03+08:00 ] 127.0.0.1 /tangliang/manager.php/Access/addnode.html
INFO: [ route_check ] --START--
INFO: CheckRoute Behavior ::run [ RunTime:0.001233s ]
INFO: [ route_check ] --END-- [ RunTime:0.001427s ]
INFO: [ app_begin ] --START--
INFO: ReadHtmlCache Behavior ::run [ RunTime:0.000798s ]
INFO: [ app_begin ] --END-- [ RunTime:0.000908s ]
NOTIC: [2] Cannot modify header information - headers already sent by (output started at E:\wamp\www\tangliang\Admin\Lib\Action\AccessAction.class.php:1) E:\wamp\www\tangliang\Admin\Lib\Action\CommonAction.class.php 第 18 行.
NOTIC: [2] Cannot modify header information - headers already sent by (output started at E:\wamp\www\tangliang\Admin\Lib\Action\AccessAction.class.php:1) E:\wamp\www\tangliang\Admin\Lib\Action\CommonAction.class.php 第 19 行.
NOTIC: [2] Cannot modify header information - headers already sent by (output started at E:\wamp\www\tangliang\Admin\Lib\Action\AccessAction.class.php:1) E:\wamp\www\tangliang\Admin\Lib\Action\CommonAction.class.php 第 90 行.
SQL: SHOW COLUMNS FROM `t_node` [ RunTime:0.004025s ]
SQL: SELECT * FROM `t_node` WHERE ( pid=1 and  status=1 and is_menu=1 ) ORDER BY sort asc  [ RunTime:0.003627s ]
SQL: SHOW COLUMNS FROM `t_node` [ RunTime:0.003936s ]
SQL: SELECT `id` FROM `t_node` WHERE ( name='Access' ) LIMIT 1   [ RunTime:0.003080s ]
SQL: SHOW COLUMNS FROM `t_node` [ RunTime:0.003480s ]
SQL: SELECT * FROM `t_node` WHERE ( pid=14 and  status=1 and is_menu=1 ) ORDER BY sort asc  [ RunTime:0.003065s ]
NOTIC: [8] Undefined index:  levelOption E:\wamp\www\tangliang\Admin\Lib\Action\AccessAction.class.php 第 365 行.
SQL: SHOW COLUMNS FROM `t_node` [ RunTime:0.003397s ]
SQL: SELECT * FROM `t_node`  [ RunTime:0.004352s ]
NOTIC: [8] Undefined index:  pid E:\wamp\www\tangliang\Admin\Lib\Action\AccessAction.class.php 第 374 行.
NOTIC: [8] Undefined index:  pid E:\wamp\www\tangliang\Admin\Lib\Action\AccessAction.class.php 第 374 行.
NOTIC: [8] Undefined index:  pid E:\wamp\www\tangliang\Admin\Lib\Action\AccessAction.class.php 第 374 行.
NOTIC: [8] Undefined index:  pid E:\wamp\www\tangliang\Admin\Lib\Action\AccessAction.class.php 第 374 行.
NOTIC: [8] Undefined index:  pid E:\wamp\www\tangliang\Admin\Lib\Action\AccessAction.class.php 第 374 行.
NOTIC: [8] Undefined index:  pid E:\wamp\www\tangliang\Admin\Lib\Action\AccessAction.class.php 第 374 行.
NOTIC: [8] Undefined index:  pid E:\wamp\www\tangliang\Admin\Lib\Action\AccessAction.class.php 第 374 行.
NOTIC: [8] Undefined index:  pid E:\wamp\www\tangliang\Admin\Lib\Action\AccessAction.class.php 第 374 行.
NOTIC: [8] Undefined index:  pid E:\wamp\www\tangliang\Admin\Lib\Action\AccessAction.class.php 第 374 行.
NOTIC: [8] Undefined index:  pid E:\wamp\www\tangliang\Admin\Lib\Action\AccessAction.class.php 第 374 行.
NOTIC: [8] Undefined index:  pid E:\wamp\www\tangliang\Admin\Lib\Action\AccessAction.class.php 第 374 行.
NOTIC: [8] Undefined index:  pid E:\wamp\www\tangliang\Admin\Lib\Action\AccessAction.class.php 第 374 行.
NOTIC: [8] Undefined index:  pid E:\wamp\www\tangliang\Admin\Lib\Action\AccessAction.class.php 第 374 行.
NOTIC: [8] Undefined index:  pid E:\wamp\www\tangliang\Admin\Lib\Action\AccessAction.class.php 第 374 行.
NOTIC: [8] Undefined index:  pid E:\wamp\www\tangliang\Admin\Lib\Action\AccessAction.class.php 第 374 行.
NOTIC: [8] Undefined index:  pid E:\wamp\www\tangliang\Admin\Lib\Action\AccessAction.class.php 第 374 行.
NOTIC: [8] Undefined index:  pid E:\wamp\www\tangliang\Admin\Lib\Action\AccessAction.class.php 第 374 行.
NOTIC: [8] Undefined index:  pid E:\wamp\www\tangliang\Admin\Lib\Action\AccessAction.class.php 第 374 行.
NOTIC: [8] Undefined index:  pid E:\wamp\www\tangliang\Admin\Lib\Action\AccessAction.class.php 第 374 行.
NOTIC: [8] Undefined index:  pid E:\wamp\www\tangliang\Admin\Lib\Action\AccessAction.class.php 第 374 行.
NOTIC: [8] Undefined index:  pid E:\wamp\www\tangliang\Admin\Lib\Action\AccessAction.class.php 第 374 行.
NOTIC: [8] Undefined index:  pid E:\wamp\www\tangliang\Admin\Lib\Action\AccessAction.class.php 第 374 行.
NOTIC: [8] Undefined index:  pid E:\wamp\www\tangliang\Admin\Lib\Action\AccessAction.class.php 第 374 行.
NOTIC: [8] Undefined index:  pid E:\wamp\www\tangliang\Admin\Lib\Action\AccessAction.class.php 第 374 行.
NOTIC: [8] Undefined index:  pid E:\wamp\www\tangliang\Admin\Lib\Action\AccessAction.class.php 第 374 行.
NOTIC: [8] Undefined index:  pid E:\wamp\www\tangliang\Admin\Lib\Action\AccessAction.class.php 第 374 行.
NOTIC: [8] Undefined index:  pid E:\wamp\www\tangliang\Admin\Lib\Action\AccessAction.class.php 第 374 行.
NOTIC: [8] Undefined index:  pid E:\wamp\www\tangliang\Admin\Lib\Action\AccessAction.class.php 第 374 行.
NOTIC: [8] Undefined index:  pid E:\wamp\www\tangliang\Admin\Lib\Action\AccessAction.class.php 第 374 行.
NOTIC: [8] Undefined index:  pid E:\wamp\www\tangliang\Admin\Lib\Action\AccessAction.class.php 第 374 行.
NOTIC: [8] Undefined index:  pid E:\wamp\www\tangliang\Admin\Lib\Action\AccessAction.class.php 第 374 行.
NOTIC: [8] Undefined index:  pid E:\wamp\www\tangliang\Admin\Lib\Action\AccessAction.class.php 第 374 行.
NOTIC: [8] Undefined index:  pid E:\wamp\www\tangliang\Admin\Lib\Action\AccessAction.class.php 第 374 行.
NOTIC: [8] Undefined index:  pid E:\wamp\www\tangliang\Admin\Lib\Action\AccessAction.class.php 第 374 行.
NOTIC: [8] Undefined index:  pid E:\wamp\www\tangliang\Admin\Lib\Action\AccessAction.class.php 第 374 行.
NOTIC: [8] Undefined index:  pid E:\wamp\www\tangliang\Admin\Lib\Action\AccessAction.class.php 第 374 行.
NOTIC: [8] Undefined index:  pid E:\wamp\www\tangliang\Admin\Lib\Action\AccessAction.class.php 第 374 行.
NOTIC: [8] Undefined index:  pid E:\wamp\www\tangliang\Admin\Lib\Action\AccessAction.class.php 第 374 行.
NOTIC: [8] Undefined index:  pid E:\wamp\www\tangliang\Admin\Lib\Action\AccessAction.class.php 第 374 行.
NOTIC: [8] Undefined index:  pid E:\wamp\www\tangliang\Admin\Lib\Action\AccessAction.class.php 第 374 行.
NOTIC: [8] Undefined index:  pid E:\wamp\www\tangliang\Admin\Lib\Action\AccessAction.class.php 第 374 行.
NOTIC: [8] Undefined index:  pid E:\wamp\www\tangliang\Admin\Lib\Action\AccessAction.class.php 第 374 行.
NOTIC: [8] Undefined index:  pid E:\wamp\www\tangliang\Admin\Lib\Action\AccessAction.class.php 第 374 行.
NOTIC: [8] Undefined index:  pid E:\wamp\www\tangliang\Admin\Lib\Action\AccessAction.class.php 第 374 行.
NOTIC: [8] Undefined index:  pid E:\wamp\www\tangliang\Admin\Lib\Action\AccessAction.class.php 第 374 行.
INFO: [ view_parse ] --START--
NOTIC: [8] Undefined variable: site E:\wamp\www\tangliang\temp\Admin\Cache\72251130238df81779543db342ca1221.php 第 5 行.
NOTIC: [8] Use of undefined constant name - assumed 'name' E:\wamp\www\tangliang\temp\Admin\Cache\72251130238df81779543db342ca1221.php 第 40 行.
NOTIC: [8] Use of undefined constant name - assumed 'name' E:\wamp\www\tangliang\temp\Admin\Cache\72251130238df81779543db342ca1221.php 第 40 行.
NOTIC: [8] Use of undefined constant name - assumed 'name' E:\wamp\www\tangliang\temp\Admin\Cache\72251130238df81779543db342ca1221.php 第 40 行.
NOTIC: [8] Use of undefined constant name - assumed 'name' E:\wamp\www\tangliang\temp\Admin\Cache\72251130238df81779543db342ca1221.php 第 40 行.
NOTIC: [8] Use of undefined constant name - assumed 'name' E:\wamp\www\tangliang\temp\Admin\Cache\72251130238df81779543db342ca1221.php 第 40 行.
NOTIC: [8] Use of undefined constant name - assumed 'name' E:\wamp\www\tangliang\temp\Admin\Cache\72251130238df81779543db342ca1221.php 第 40 行.
NOTIC: [8] Use of undefined constant name - assumed 'name' E:\wamp\www\tangliang\temp\Admin\Cache\72251130238df81779543db342ca1221.php 第 40 行.
NOTIC: [8] Use of undefined constant name - assumed 'name' E:\wamp\www\tangliang\temp\Admin\Cache\72251130238df81779543db342ca1221.php 第 40 行.
NOTIC: [8] Use of undefined constant name - assumed 'name' E:\wamp\www\tangliang\temp\Admin\Cache\72251130238df81779543db342ca1221.php 第 40 行.
NOTIC: [8] Use of undefined constant name - assumed 'name' E:\wamp\www\tangliang\temp\Admin\Cache\72251130238df81779543db342ca1221.php 第 40 行.
NOTIC: [8] Use of undefined constant name - assumed 'name' E:\wamp\www\tangliang\temp\Admin\Cache\72251130238df81779543db342ca1221.php 第 40 行.
NOTIC: [8] Use of undefined constant name - assumed 'name' E:\wamp\www\tangliang\temp\Admin\Cache\72251130238df81779543db342ca1221.php 第 40 行.
NOTIC: [8] Use of undefined constant name - assumed 'name' E:\wamp\www\tangliang\temp\Admin\Cache\72251130238df81779543db342ca1221.php 第 40 行.
NOTIC: [8] Use of undefined constant name - assumed 'name' E:\wamp\www\tangliang\temp\Admin\Cache\72251130238df81779543db342ca1221.php 第 94 行.
NOTIC: [8] Use of undefined constant name - assumed 'name' E:\wamp\www\tangliang\temp\Admin\Cache\72251130238df81779543db342ca1221.php 第 94 行.
NOTIC: [8] Use of undefined constant name - assumed 'name' E:\wamp\www\tangliang\temp\Admin\Cache\72251130238df81779543db342ca1221.php 第 94 行.
NOTIC: [8] Use of undefined constant name - assumed 'name' E:\wamp\www\tangliang\temp\Admin\Cache\72251130238df81779543db342ca1221.php 第 94 行.
NOTIC: [8] Use of undefined constant name - assumed 'name' E:\wamp\www\tangliang\temp\Admin\Cache\72251130238df81779543db342ca1221.php 第 94 行.
NOTIC: [8] Use of undefined constant name - assumed 'name' E:\wamp\www\tangliang\temp\Admin\Cache\72251130238df81779543db342ca1221.php 第 94 行.
NOTIC: [8] Undefined index:  name E:\wamp\www\tangliang\temp\Admin\Cache\72251130238df81779543db342ca1221.php 第 112 行.
NOTIC: [8] Undefined index:  title E:\wamp\www\tangliang\temp\Admin\Cache\72251130238df81779543db342ca1221.php 第 118 行.
NOTIC: [8] Undefined index:  status E:\wamp\www\tangliang\temp\Admin\Cache\72251130238df81779543db342ca1221.php 第 125 行.
NOTIC: [8] Undefined index:  is_menu E:\wamp\www\tangliang\temp\Admin\Cache\72251130238df81779543db342ca1221.php 第 137 行.
NOTIC: [8] Undefined index:  is_menu E:\wamp\www\tangliang\temp\Admin\Cache\72251130238df81779543db342ca1221.php 第 140 行.
NOTIC: [8] Undefined index:  sort E:\wamp\www\tangliang\temp\Admin\Cache\72251130238df81779543db342ca1221.php 第 159 行.
NOTIC: [8] Undefined index:  remark E:\wamp\www\tangliang\temp\Admin\Cache\72251130238df81779543db342ca1221.php 第 163 行.
NOTIC: [8] Undefined index:  id E:\wamp\www\tangliang\temp\Admin\Cache\72251130238df81779543db342ca1221.php 第 169 行.
INFO: ParseTemplate Behavior ::run [ RunTime:0.053141s ]
INFO: [ view_parse ] --END-- [ RunTime:0.053268s ]
INFO: [ view_filter ] --START--
INFO: ContentReplace Behavior ::run [ RunTime:0.002282s ]
INFO: TokenBuild Behavior ::run [ RunTime:0.000812s ]
INFO: WriteHtmlCache Behavior ::run [ RunTime:0.000345s ]
INFO: ShowRuntime Behavior ::run [ RunTime:0.000601s ]
INFO: [ view_filter ] --END-- [ RunTime:0.004327s ]
NOTIC: [2] Cannot modify header information - headers already sent by (output started at E:\wamp\www\tangliang\Admin\Lib\Action\AccessAction.class.php:1) E:\wamp\www\tangliang\ThinkPHP\Lib\Core\View.class.php 第 95 行.
NOTIC: [2] Cannot modify header information - headers already sent by (output started at E:\wamp\www\tangliang\Admin\Lib\Action\AccessAction.class.php:1) E:\wamp\www\tangliang\ThinkPHP\Lib\Core\View.class.php 第 96 行.
NOTIC: [2] Cannot modify header information - headers already sent by (output started at E:\wamp\www\tangliang\Admin\Lib\Action\AccessAction.class.php:1) E:\wamp\www\tangliang\ThinkPHP\Lib\Core\View.class.php 第 97 行.
INFO: [ view_end ] --START--
INFO: ShowPageTrace Behavior ::run [ RunTime:0.001046s ]
INFO: [ view_end ] --END-- [ RunTime:0.001204s ]

