[ 2015-05-18T17:48:33+08:00 ] 127.0.0.1 /tangliang/manager.php/Shop/edit_goods/id/3.html
INFO: [ route_check ] --START--
INFO: CheckRoute Behavior ::run [ RunTime:0.001304s ]
INFO: [ route_check ] --END-- [ RunTime:0.001495s ]
INFO: [ app_begin ] --START--
INFO: ReadHtmlCache Behavior ::run [ RunTime:0.000885s ]
INFO: [ app_begin ] --END-- [ RunTime:0.001019s ]
SQL: SHOW COLUMNS FROM `t_node` [ RunTime:0.004540s ]
SQL: SELECT * FROM `t_node` WHERE ( pid=1 and  status=1 and is_menu=1 ) ORDER BY sort desc  [ RunTime:0.005185s ]
SQL: SHOW COLUMNS FROM `t_node` [ RunTime:0.004302s ]
SQL: SELECT `id` FROM `t_node` WHERE ( name='Shop' ) LIMIT 1   [ RunTime:0.004382s ]
SQL: SHOW COLUMNS FROM `t_node` [ RunTime:0.004139s ]
SQL: SELECT * FROM `t_node` WHERE ( pid=68 and  status=1 and is_menu=1 ) ORDER BY sort desc  [ RunTime:0.006574s ]
SQL: SHOW COLUMNS FROM `t_goodsview` [ RunTime:0.010640s ]
SQL: SELECT * FROM `t_goodsview` WHERE ( id=3 ) LIMIT 1   [ RunTime:0.006758s ]
SQL: SHOW COLUMNS FROM `t_shopcategory` [ RunTime:0.004343s ]
SQL: SHOW COLUMNS FROM `t_shopcategory` [ RunTime:0.004054s ]
SQL: SELECT * FROM `t_shopcategory` ORDER BY cid asc  [ RunTime:0.003878s ]
INFO: [ view_parse ] --START--
NOTIC: [8] Use of undefined constant name - assumed 'name' E:\wamp\www\tangliang\temp\Admin\Cache\ca64ef223fcf68c96958d5eec3468b9c.php 第 168 行.
NOTIC: [8] Use of undefined constant name - assumed 'name' E:\wamp\www\tangliang\temp\Admin\Cache\ca64ef223fcf68c96958d5eec3468b9c.php 第 168 行.
NOTIC: [8] Use of undefined constant name - assumed 'name' E:\wamp\www\tangliang\temp\Admin\Cache\ca64ef223fcf68c96958d5eec3468b9c.php 第 168 行.
NOTIC: [8] Use of undefined constant name - assumed 'name' E:\wamp\www\tangliang\temp\Admin\Cache\ca64ef223fcf68c96958d5eec3468b9c.php 第 168 行.
NOTIC: [8] Use of undefined constant name - assumed 'name' E:\wamp\www\tangliang\temp\Admin\Cache\ca64ef223fcf68c96958d5eec3468b9c.php 第 168 行.
NOTIC: [8] Use of undefined constant name - assumed 'name' E:\wamp\www\tangliang\temp\Admin\Cache\ca64ef223fcf68c96958d5eec3468b9c.php 第 168 行.
NOTIC: [8] Use of undefined constant name - assumed 'name' E:\wamp\www\tangliang\temp\Admin\Cache\ca64ef223fcf68c96958d5eec3468b9c.php 第 168 行.
NOTIC: [8] Use of undefined constant name - assumed 'name' E:\wamp\www\tangliang\temp\Admin\Cache\ca64ef223fcf68c96958d5eec3468b9c.php 第 168 行.
NOTIC: [8] Use of undefined constant name - assumed 'name' E:\wamp\www\tangliang\temp\Admin\Cache\ca64ef223fcf68c96958d5eec3468b9c.php 第 168 行.
NOTIC: [8] Use of undefined constant name - assumed 'name' E:\wamp\www\tangliang\temp\Admin\Cache\ca64ef223fcf68c96958d5eec3468b9c.php 第 168 行.
NOTIC: [8] Use of undefined constant name - assumed 'name' E:\wamp\www\tangliang\temp\Admin\Cache\ca64ef223fcf68c96958d5eec3468b9c.php 第 168 行.
NOTIC: [8] Use of undefined constant name - assumed 'name' E:\wamp\www\tangliang\temp\Admin\Cache\ca64ef223fcf68c96958d5eec3468b9c.php 第 168 行.
NOTIC: [8] Use of undefined constant name - assumed 'name' E:\wamp\www\tangliang\temp\Admin\Cache\ca64ef223fcf68c96958d5eec3468b9c.php 第 168 行.
NOTIC: [8] Use of undefined constant name - assumed 'name' E:\wamp\www\tangliang\temp\Admin\Cache\ca64ef223fcf68c96958d5eec3468b9c.php 第 168 行.
NOTIC: [8] Use of undefined constant name - assumed 'name' E:\wamp\www\tangliang\temp\Admin\Cache\ca64ef223fcf68c96958d5eec3468b9c.php 第 168 行.
NOTIC: [8] Use of undefined constant name - assumed 'name' E:\wamp\www\tangliang\temp\Admin\Cache\ca64ef223fcf68c96958d5eec3468b9c.php 第 168 行.
NOTIC: [8] Use of undefined constant name - assumed 'name' E:\wamp\www\tangliang\temp\Admin\Cache\ca64ef223fcf68c96958d5eec3468b9c.php 第 168 行.
NOTIC: [8] Use of undefined constant name - assumed 'name' E:\wamp\www\tangliang\temp\Admin\Cache\ca64ef223fcf68c96958d5eec3468b9c.php 第 168 行.
NOTIC: [8] Use of undefined constant name - assumed 'name' E:\wamp\www\tangliang\temp\Admin\Cache\ca64ef223fcf68c96958d5eec3468b9c.php 第 168 行.
NOTIC: [8] Use of undefined constant name - assumed 'name' E:\wamp\www\tangliang\temp\Admin\Cache\ca64ef223fcf68c96958d5eec3468b9c.php 第 168 行.
NOTIC: [8] Use of undefined constant name - assumed 'name' E:\wamp\www\tangliang\temp\Admin\Cache\ca64ef223fcf68c96958d5eec3468b9c.php 第 168 行.
NOTIC: [8] Use of undefined constant name - assumed 'name' E:\wamp\www\tangliang\temp\Admin\Cache\ca64ef223fcf68c96958d5eec3468b9c.php 第 168 行.
NOTIC: [8] Use of undefined constant name - assumed 'name' E:\wamp\www\tangliang\temp\Admin\Cache\ca64ef223fcf68c96958d5eec3468b9c.php 第 168 行.
NOTIC: [8] Use of undefined constant name - assumed 'name' E:\wamp\www\tangliang\temp\Admin\Cache\ca64ef223fcf68c96958d5eec3468b9c.php 第 168 行.
NOTIC: [8] Use of undefined constant name - assumed 'name' E:\wamp\www\tangliang\temp\Admin\Cache\ca64ef223fcf68c96958d5eec3468b9c.php 第 168 行.
NOTIC: [8] Use of undefined constant name - assumed 'name' E:\wamp\www\tangliang\temp\Admin\Cache\ca64ef223fcf68c96958d5eec3468b9c.php 第 168 行.
NOTIC: [8] Use of undefined constant name - assumed 'name' E:\wamp\www\tangliang\temp\Admin\Cache\ca64ef223fcf68c96958d5eec3468b9c.php 第 168 行.
NOTIC: [8] Use of undefined constant name - assumed 'name' E:\wamp\www\tangliang\temp\Admin\Cache\ca64ef223fcf68c96958d5eec3468b9c.php 第 222 行.
NOTIC: [8] Use of undefined constant name - assumed 'name' E:\wamp\www\tangliang\temp\Admin\Cache\ca64ef223fcf68c96958d5eec3468b9c.php 第 222 行.
NOTIC: [8] Use of undefined constant name - assumed 'name' E:\wamp\www\tangliang\temp\Admin\Cache\ca64ef223fcf68c96958d5eec3468b9c.php 第 222 行.
NOTIC: [8] Use of undefined constant name - assumed 'name' E:\wamp\www\tangliang\temp\Admin\Cache\ca64ef223fcf68c96958d5eec3468b9c.php 第 222 行.
NOTIC: [8] Use of undefined constant name - assumed 'name' E:\wamp\www\tangliang\temp\Admin\Cache\ca64ef223fcf68c96958d5eec3468b9c.php 第 222 行.
NOTIC: [8] Use of undefined constant name - assumed 'name' E:\wamp\www\tangliang\temp\Admin\Cache\ca64ef223fcf68c96958d5eec3468b9c.php 第 222 行.
NOTIC: [8] Use of undefined constant name - assumed 'name' E:\wamp\www\tangliang\temp\Admin\Cache\ca64ef223fcf68c96958d5eec3468b9c.php 第 222 行.
NOTIC: [8] Use of undefined constant name - assumed 'name' E:\wamp\www\tangliang\temp\Admin\Cache\ca64ef223fcf68c96958d5eec3468b9c.php 第 222 行.
NOTIC: [8] Use of undefined constant name - assumed 'name' E:\wamp\www\tangliang\temp\Admin\Cache\ca64ef223fcf68c96958d5eec3468b9c.php 第 222 行.
NOTIC: [8] Use of undefined constant name - assumed 'name' E:\wamp\www\tangliang\temp\Admin\Cache\ca64ef223fcf68c96958d5eec3468b9c.php 第 222 行.
NOTIC: [8] Use of undefined constant name - assumed 'name' E:\wamp\www\tangliang\temp\Admin\Cache\ca64ef223fcf68c96958d5eec3468b9c.php 第 222 行.
NOTIC: [8] Use of undefined constant name - assumed 'name' E:\wamp\www\tangliang\temp\Admin\Cache\ca64ef223fcf68c96958d5eec3468b9c.php 第 222 行.
NOTIC: [8] Use of undefined constant cid - assumed 'cid' E:\wamp\www\tangliang\temp\Admin\Cache\ca64ef223fcf68c96958d5eec3468b9c.php 第 273 行.
NOTIC: [8] Use of undefined constant classid - assumed 'classid' E:\wamp\www\tangliang\temp\Admin\Cache\ca64ef223fcf68c96958d5eec3468b9c.php 第 273 行.
NOTIC: [8] Use of undefined constant cid - assumed 'cid' E:\wamp\www\tangliang\temp\Admin\Cache\ca64ef223fcf68c96958d5eec3468b9c.php 第 273 行.
NOTIC: [8] Use of undefined constant classid - assumed 'classid' E:\wamp\www\tangliang\temp\Admin\Cache\ca64ef223fcf68c96958d5eec3468b9c.php 第 273 行.
NOTIC: [8] Use of undefined constant cid - assumed 'cid' E:\wamp\www\tangliang\temp\Admin\Cache\ca64ef223fcf68c96958d5eec3468b9c.php 第 273 行.
NOTIC: [8] Use of undefined constant classid - assumed 'classid' E:\wamp\www\tangliang\temp\Admin\Cache\ca64ef223fcf68c96958d5eec3468b9c.php 第 273 行.
NOTIC: [8] Use of undefined constant cid - assumed 'cid' E:\wamp\www\tangliang\temp\Admin\Cache\ca64ef223fcf68c96958d5eec3468b9c.php 第 273 行.
NOTIC: [8] Use of undefined constant classid - assumed 'classid' E:\wamp\www\tangliang\temp\Admin\Cache\ca64ef223fcf68c96958d5eec3468b9c.php 第 273 行.
NOTIC: [8] Use of undefined constant cid - assumed 'cid' E:\wamp\www\tangliang\temp\Admin\Cache\ca64ef223fcf68c96958d5eec3468b9c.php 第 273 行.
NOTIC: [8] Use of undefined constant classid - assumed 'classid' E:\wamp\www\tangliang\temp\Admin\Cache\ca64ef223fcf68c96958d5eec3468b9c.php 第 273 行.
NOTIC: [8] Use of undefined constant cid - assumed 'cid' E:\wamp\www\tangliang\temp\Admin\Cache\ca64ef223fcf68c96958d5eec3468b9c.php 第 273 行.
NOTIC: [8] Use of undefined constant classid - assumed 'classid' E:\wamp\www\tangliang\temp\Admin\Cache\ca64ef223fcf68c96958d5eec3468b9c.php 第 273 行.
NOTIC: [8] Use of undefined constant cid - assumed 'cid' E:\wamp\www\tangliang\temp\Admin\Cache\ca64ef223fcf68c96958d5eec3468b9c.php 第 273 行.
NOTIC: [8] Use of undefined constant classid - assumed 'classid' E:\wamp\www\tangliang\temp\Admin\Cache\ca64ef223fcf68c96958d5eec3468b9c.php 第 273 行.
NOTIC: [8] Use of undefined constant cid - assumed 'cid' E:\wamp\www\tangliang\temp\Admin\Cache\ca64ef223fcf68c96958d5eec3468b9c.php 第 273 行.
NOTIC: [8] Use of undefined constant classid - assumed 'classid' E:\wamp\www\tangliang\temp\Admin\Cache\ca64ef223fcf68c96958d5eec3468b9c.php 第 273 行.
NOTIC: [8] Use of undefined constant cid - assumed 'cid' E:\wamp\www\tangliang\temp\Admin\Cache\ca64ef223fcf68c96958d5eec3468b9c.php 第 273 行.
NOTIC: [8] Use of undefined constant classid - assumed 'classid' E:\wamp\www\tangliang\temp\Admin\Cache\ca64ef223fcf68c96958d5eec3468b9c.php 第 273 行.
NOTIC: [8] Use of undefined constant cid - assumed 'cid' E:\wamp\www\tangliang\temp\Admin\Cache\ca64ef223fcf68c96958d5eec3468b9c.php 第 273 行.
NOTIC: [8] Use of undefined constant classid - assumed 'classid' E:\wamp\www\tangliang\temp\Admin\Cache\ca64ef223fcf68c96958d5eec3468b9c.php 第 273 行.
NOTIC: [8] Use of undefined constant cid - assumed 'cid' E:\wamp\www\tangliang\temp\Admin\Cache\ca64ef223fcf68c96958d5eec3468b9c.php 第 273 行.
NOTIC: [8] Use of undefined constant classid - assumed 'classid' E:\wamp\www\tangliang\temp\Admin\Cache\ca64ef223fcf68c96958d5eec3468b9c.php 第 273 行.
NOTIC: [8] Use of undefined constant cid - assumed 'cid' E:\wamp\www\tangliang\temp\Admin\Cache\ca64ef223fcf68c96958d5eec3468b9c.php 第 273 行.
NOTIC: [8] Use of undefined constant classid - assumed 'classid' E:\wamp\www\tangliang\temp\Admin\Cache\ca64ef223fcf68c96958d5eec3468b9c.php 第 273 行.
NOTIC: [8] Use of undefined constant cid - assumed 'cid' E:\wamp\www\tangliang\temp\Admin\Cache\ca64ef223fcf68c96958d5eec3468b9c.php 第 273 行.
NOTIC: [8] Use of undefined constant classid - assumed 'classid' E:\wamp\www\tangliang\temp\Admin\Cache\ca64ef223fcf68c96958d5eec3468b9c.php 第 273 行.
NOTIC: [8] Use of undefined constant cid - assumed 'cid' E:\wamp\www\tangliang\temp\Admin\Cache\ca64ef223fcf68c96958d5eec3468b9c.php 第 273 行.
NOTIC: [8] Use of undefined constant classid - assumed 'classid' E:\wamp\www\tangliang\temp\Admin\Cache\ca64ef223fcf68c96958d5eec3468b9c.php 第 273 行.
NOTIC: [8] Use of undefined constant cid - assumed 'cid' E:\wamp\www\tangliang\temp\Admin\Cache\ca64ef223fcf68c96958d5eec3468b9c.php 第 273 行.
NOTIC: [8] Use of undefined constant classid - assumed 'classid' E:\wamp\www\tangliang\temp\Admin\Cache\ca64ef223fcf68c96958d5eec3468b9c.php 第 273 行.
NOTIC: [8] Use of undefined constant status - assumed 'status' E:\wamp\www\tangliang\temp\Admin\Cache\ca64ef223fcf68c96958d5eec3468b9c.php 第 282 行.
NOTIC: [8] Use of undefined constant status - assumed 'status' E:\wamp\www\tangliang\temp\Admin\Cache\ca64ef223fcf68c96958d5eec3468b9c.php 第 283 行.
NOTIC: [8] Use of undefined constant fmimg - assumed 'fmimg' E:\wamp\www\tangliang\temp\Admin\Cache\ca64ef223fcf68c96958d5eec3468b9c.php 第 350 行.
NOTIC: [8] Use of undefined constant is_tj - assumed 'is_tj' E:\wamp\www\tangliang\temp\Admin\Cache\ca64ef223fcf68c96958d5eec3468b9c.php 第 357 行.
NOTIC: [8] Use of undefined constant is_tj - assumed 'is_tj' E:\wamp\www\tangliang\temp\Admin\Cache\ca64ef223fcf68c96958d5eec3468b9c.php 第 357 行.
NOTIC: [8] Use of undefined constant is_tj - assumed 'is_tj' E:\wamp\www\tangliang\temp\Admin\Cache\ca64ef223fcf68c96958d5eec3468b9c.php 第 357 行.
NOTIC: [8] Use of undefined constant is_tj - assumed 'is_tj' E:\wamp\www\tangliang\temp\Admin\Cache\ca64ef223fcf68c96958d5eec3468b9c.php 第 357 行.
NOTIC: [8] Use of undefined constant is_tj - assumed 'is_tj' E:\wamp\www\tangliang\temp\Admin\Cache\ca64ef223fcf68c96958d5eec3468b9c.php 第 357 行.
NOTIC: [8] Use of undefined constant is_tj - assumed 'is_tj' E:\wamp\www\tangliang\temp\Admin\Cache\ca64ef223fcf68c96958d5eec3468b9c.php 第 357 行.
NOTIC: [8] Use of undefined constant is_tj - assumed 'is_tj' E:\wamp\www\tangliang\temp\Admin\Cache\ca64ef223fcf68c96958d5eec3468b9c.php 第 357 行.
NOTIC: [8] Use of undefined constant is_tj - assumed 'is_tj' E:\wamp\www\tangliang\temp\Admin\Cache\ca64ef223fcf68c96958d5eec3468b9c.php 第 357 行.
NOTIC: [8] Use of undefined constant is_tj - assumed 'is_tj' E:\wamp\www\tangliang\temp\Admin\Cache\ca64ef223fcf68c96958d5eec3468b9c.php 第 357 行.
INFO: ParseTemplate Behavior ::run [ RunTime:0.051174s ]
INFO: [ view_parse ] --END-- [ RunTime:0.051303s ]
INFO: [ view_filter ] --START--
INFO: ContentReplace Behavior ::run [ RunTime:0.001015s ]
INFO: TokenBuild Behavior ::run [ RunTime:0.000725s ]
INFO: WriteHtmlCache Behavior ::run [ RunTime:0.000322s ]
INFO: ShowRuntime Behavior ::run [ RunTime:0.000528s ]
INFO: [ view_filter ] --END-- [ RunTime:0.002849s ]
INFO: [ view_end ] --START--
INFO: ShowPageTrace Behavior ::run [ RunTime:0.000855s ]
INFO: [ view_end ] --END-- [ RunTime:0.001871s ]

[ 2015-05-18T17:48:55+08:00 ] 127.0.0.1 /tangliang/manager.php/Shop/order.html
INFO: [ route_check ] --START--
INFO: CheckRoute Behavior ::run [ RunTime:0.002258s ]
INFO: [ route_check ] --END-- [ RunTime:0.002436s ]
INFO: [ app_begin ] --START--
INFO: ReadHtmlCache Behavior ::run [ RunTime:0.001692s ]
INFO: [ app_begin ] --END-- [ RunTime:0.001842s ]
SQL: SHOW COLUMNS FROM `t_node` [ RunTime:0.003626s ]
SQL: SELECT * FROM `t_node` WHERE ( pid=1 and  status=1 and is_menu=1 ) ORDER BY sort desc  [ RunTime:0.004993s ]
SQL: SHOW COLUMNS FROM `t_node` [ RunTime:0.003755s ]
SQL: SELECT `id` FROM `t_node` WHERE ( name='Shop' ) LIMIT 1   [ RunTime:0.002866s ]
SQL: SHOW COLUMNS FROM `t_node` [ RunTime:0.003446s ]
SQL: SELECT * FROM `t_node` WHERE ( pid=68 and  status=1 and is_menu=1 ) ORDER BY sort desc  [ RunTime:0.003559s ]
NOTIC: [8] Undefined index:  sjid E:\wamp\www\tangliang\Admin\Lib\Action\ShopAction.class.php 第 1578 行.
NOTIC: [8] Undefined index:  status E:\wamp\www\tangliang\Admin\Lib\Action\ShopAction.class.php 第 1583 行.
NOTIC: [8] Undefined index:  keys E:\wamp\www\tangliang\Admin\Lib\Action\ShopAction.class.php 第 1589 行.
SQL: SHOW COLUMNS FROM `t_order` [ RunTime:0.004851s ]
SQL: SHOW COLUMNS FROM `t_peisongtype` [ RunTime:0.003457s ]
SQL: SHOW COLUMNS FROM `t_zhifutype` [ RunTime:0.012370s ]
SQL: SELECT COUNT(*) AS tp_count FROM t_order o LEFT JOIN t_peisongtype p ON o.pstype=p.id  JOIN t_zhifutype z ON o.paytype=z.id WHERE ( 1 and o.status=1 ) LIMIT 1   [ RunTime:0.003082s ]
SQL: SELECT o.id AS id,o.ordersn AS ordersn,o.price AS price,o.pstype AS pstype,o.paytype AS paytype,o.psprice AS psprice,o.uid AS uid,o.addtime AS addtime,o.status AS status,o.fhsn AS fhsn,o.fhtime AS fhtime,o.thyy AS thyy,o.thtime AS thtime,o.thimg AS thimg,o.sjid AS sjid,p.name AS psname,z.name AS zfname FROM t_order o LEFT JOIN t_peisongtype p ON o.pstype=p.id  JOIN t_zhifutype z ON o.paytype=z.id WHERE ( 1 and o.status=1 ) LIMIT 0,10   [ RunTime:0.004711s ]
SQL: SHOW COLUMNS FROM `t_role` [ RunTime:0.003259s ]
SQL: SELECT * FROM `t_role` WHERE ( id=1 ) LIMIT 1   [ RunTime:0.004712s ]
SQL: SHOW COLUMNS FROM `t_dianpumember` [ RunTime:0.004458s ]
SQL: SELECT `a_id`,`a_name`,`lxrname`,`company` FROM `t_dianpumember` WHERE ( 1 )  [ RunTime:0.003590s ]
INFO: [ view_parse ] --START--
NOTIC: [8] Use of undefined constant name - assumed 'name' E:\wamp\www\tangliang\temp\Admin\Cache\520a4ea61c030b28cf75337dfdb0f728.php 第 63 行.
NOTIC: [8] Use of undefined constant name - assumed 'name' E:\wamp\www\tangliang\temp\Admin\Cache\520a4ea61c030b28cf75337dfdb0f728.php 第 63 行.
NOTIC: [8] Use of undefined constant name - assumed 'name' E:\wamp\www\tangliang\temp\Admin\Cache\520a4ea61c030b28cf75337dfdb0f728.php 第 63 行.
NOTIC: [8] Use of undefined constant name - assumed 'name' E:\wamp\www\tangliang\temp\Admin\Cache\520a4ea61c030b28cf75337dfdb0f728.php 第 63 行.
NOTIC: [8] Use of undefined constant name - assumed 'name' E:\wamp\www\tangliang\temp\Admin\Cache\520a4ea61c030b28cf75337dfdb0f728.php 第 63 行.
NOTIC: [8] Use of undefined constant name - assumed 'name' E:\wamp\www\tangliang\temp\Admin\Cache\520a4ea61c030b28cf75337dfdb0f728.php 第 63 行.
NOTIC: [8] Use of undefined constant name - assumed 'name' E:\wamp\www\tangliang\temp\Admin\Cache\520a4ea61c030b28cf75337dfdb0f728.php 第 63 行.
NOTIC: [8] Use of undefined constant name - assumed 'name' E:\wamp\www\tangliang\temp\Admin\Cache\520a4ea61c030b28cf75337dfdb0f728.php 第 63 行.
NOTIC: [8] Use of undefined constant name - assumed 'name' E:\wamp\www\tangliang\temp\Admin\Cache\520a4ea61c030b28cf75337dfdb0f728.php 第 63 行.
NOTIC: [8] Use of undefined constant name - assumed 'name' E:\wamp\www\tangliang\temp\Admin\Cache\520a4ea61c030b28cf75337dfdb0f728.php 第 63 行.
NOTIC: [8] Use of undefined constant name - assumed 'name' E:\wamp\www\tangliang\temp\Admin\Cache\520a4ea61c030b28cf75337dfdb0f728.php 第 63 行.
NOTIC: [8] Use of undefined constant name - assumed 'name' E:\wamp\www\tangliang\temp\Admin\Cache\520a4ea61c030b28cf75337dfdb0f728.php 第 63 行.
NOTIC: [8] Use of undefined constant name - assumed 'name' E:\wamp\www\tangliang\temp\Admin\Cache\520a4ea61c030b28cf75337dfdb0f728.php 第 63 行.
NOTIC: [8] Use of undefined constant name - assumed 'name' E:\wamp\www\tangliang\temp\Admin\Cache\520a4ea61c030b28cf75337dfdb0f728.php 第 63 行.
NOTIC: [8] Use of undefined constant name - assumed 'name' E:\wamp\www\tangliang\temp\Admin\Cache\520a4ea61c030b28cf75337dfdb0f728.php 第 63 行.
NOTIC: [8] Use of undefined constant name - assumed 'name' E:\wamp\www\tangliang\temp\Admin\Cache\520a4ea61c030b28cf75337dfdb0f728.php 第 63 行.
NOTIC: [8] Use of undefined constant name - assumed 'name' E:\wamp\www\tangliang\temp\Admin\Cache\520a4ea61c030b28cf75337dfdb0f728.php 第 63 行.
NOTIC: [8] Use of undefined constant name - assumed 'name' E:\wamp\www\tangliang\temp\Admin\Cache\520a4ea61c030b28cf75337dfdb0f728.php 第 63 行.
NOTIC: [8] Use of undefined constant name - assumed 'name' E:\wamp\www\tangliang\temp\Admin\Cache\520a4ea61c030b28cf75337dfdb0f728.php 第 63 行.
NOTIC: [8] Use of undefined constant name - assumed 'name' E:\wamp\www\tangliang\temp\Admin\Cache\520a4ea61c030b28cf75337dfdb0f728.php 第 63 行.
NOTIC: [8] Use of undefined constant name - assumed 'name' E:\wamp\www\tangliang\temp\Admin\Cache\520a4ea61c030b28cf75337dfdb0f728.php 第 63 行.
NOTIC: [8] Use of undefined constant name - assumed 'name' E:\wamp\www\tangliang\temp\Admin\Cache\520a4ea61c030b28cf75337dfdb0f728.php 第 63 行.
NOTIC: [8] Use of undefined constant name - assumed 'name' E:\wamp\www\tangliang\temp\Admin\Cache\520a4ea61c030b28cf75337dfdb0f728.php 第 63 行.
NOTIC: [8] Use of undefined constant name - assumed 'name' E:\wamp\www\tangliang\temp\Admin\Cache\520a4ea61c030b28cf75337dfdb0f728.php 第 63 行.
NOTIC: [8] Use of undefined constant name - assumed 'name' E:\wamp\www\tangliang\temp\Admin\Cache\520a4ea61c030b28cf75337dfdb0f728.php 第 63 行.
NOTIC: [8] Use of undefined constant name - assumed 'name' E:\wamp\www\tangliang\temp\Admin\Cache\520a4ea61c030b28cf75337dfdb0f728.php 第 63 行.
NOTIC: [8] Use of undefined constant name - assumed 'name' E:\wamp\www\tangliang\temp\Admin\Cache\520a4ea61c030b28cf75337dfdb0f728.php 第 63 行.
NOTIC: [8] Use of undefined constant name - assumed 'name' E:\wamp\www\tangliang\temp\Admin\Cache\520a4ea61c030b28cf75337dfdb0f728.php 第 119 行.
NOTIC: [8] Use of undefined constant name - assumed 'name' E:\wamp\www\tangliang\temp\Admin\Cache\520a4ea61c030b28cf75337dfdb0f728.php 第 119 行.
NOTIC: [8] Use of undefined constant name - assumed 'name' E:\wamp\www\tangliang\temp\Admin\Cache\520a4ea61c030b28cf75337dfdb0f728.php 第 119 行.
NOTIC: [8] Use of undefined constant name - assumed 'name' E:\wamp\www\tangliang\temp\Admin\Cache\520a4ea61c030b28cf75337dfdb0f728.php 第 119 行.
NOTIC: [8] Use of undefined constant name - assumed 'name' E:\wamp\www\tangliang\temp\Admin\Cache\520a4ea61c030b28cf75337dfdb0f728.php 第 119 行.
NOTIC: [8] Use of undefined constant name - assumed 'name' E:\wamp\www\tangliang\temp\Admin\Cache\520a4ea61c030b28cf75337dfdb0f728.php 第 119 行.
NOTIC: [8] Use of undefined constant name - assumed 'name' E:\wamp\www\tangliang\temp\Admin\Cache\520a4ea61c030b28cf75337dfdb0f728.php 第 119 行.
NOTIC: [8] Use of undefined constant name - assumed 'name' E:\wamp\www\tangliang\temp\Admin\Cache\520a4ea61c030b28cf75337dfdb0f728.php 第 119 行.
NOTIC: [8] Use of undefined constant name - assumed 'name' E:\wamp\www\tangliang\temp\Admin\Cache\520a4ea61c030b28cf75337dfdb0f728.php 第 119 行.
NOTIC: [8] Use of undefined constant name - assumed 'name' E:\wamp\www\tangliang\temp\Admin\Cache\520a4ea61c030b28cf75337dfdb0f728.php 第 119 行.
NOTIC: [8] Use of undefined constant name - assumed 'name' E:\wamp\www\tangliang\temp\Admin\Cache\520a4ea61c030b28cf75337dfdb0f728.php 第 119 行.
NOTIC: [8] Use of undefined constant name - assumed 'name' E:\wamp\www\tangliang\temp\Admin\Cache\520a4ea61c030b28cf75337dfdb0f728.php 第 119 行.
NOTIC: [8] Use of undefined constant a_id - assumed 'a_id' E:\wamp\www\tangliang\temp\Admin\Cache\520a4ea61c030b28cf75337dfdb0f728.php 第 140 行.
NOTIC: [8] Undefined variable: uid E:\wamp\www\tangliang\temp\Admin\Cache\520a4ea61c030b28cf75337dfdb0f728.php 第 140 行.
NOTIC: [8] Use of undefined constant a_id - assumed 'a_id' E:\wamp\www\tangliang\temp\Admin\Cache\520a4ea61c030b28cf75337dfdb0f728.php 第 140 行.
NOTIC: [8] Undefined variable: uid E:\wamp\www\tangliang\temp\Admin\Cache\520a4ea61c030b28cf75337dfdb0f728.php 第 140 行.
NOTIC: [8] Use of undefined constant a_id - assumed 'a_id' E:\wamp\www\tangliang\temp\Admin\Cache\520a4ea61c030b28cf75337dfdb0f728.php 第 140 行.
NOTIC: [8] Undefined variable: uid E:\wamp\www\tangliang\temp\Admin\Cache\520a4ea61c030b28cf75337dfdb0f728.php 第 140 行.
NOTIC: [8] Use of undefined constant a_id - assumed 'a_id' E:\wamp\www\tangliang\temp\Admin\Cache\520a4ea61c030b28cf75337dfdb0f728.php 第 140 行.
NOTIC: [8] Undefined variable: uid E:\wamp\www\tangliang\temp\Admin\Cache\520a4ea61c030b28cf75337dfdb0f728.php 第 140 行.
NOTIC: [8] Undefined variable: is_qx E:\wamp\www\tangliang\temp\Admin\Cache\520a4ea61c030b28cf75337dfdb0f728.php 第 150 行.
NOTIC: [8] Undefined variable: is_qx E:\wamp\www\tangliang\temp\Admin\Cache\520a4ea61c030b28cf75337dfdb0f728.php 第 151 行.
NOTIC: [8] Use of undefined constant id - assumed 'id' E:\wamp\www\tangliang\temp\Admin\Cache\520a4ea61c030b28cf75337dfdb0f728.php 第 183 行.
NOTIC: [8] Use of undefined constant id - assumed 'id' E:\wamp\www\tangliang\temp\Admin\Cache\520a4ea61c030b28cf75337dfdb0f728.php 第 185 行.
INFO: ParseTemplate Behavior ::run [ RunTime:0.043736s ]
INFO: [ view_parse ] --END-- [ RunTime:0.043888s ]
INFO: [ view_filter ] --START--
INFO: ContentReplace Behavior ::run [ RunTime:0.001542s ]
INFO: TokenBuild Behavior ::run [ RunTime:0.001494s ]
INFO: WriteHtmlCache Behavior ::run [ RunTime:0.001199s ]
INFO: ShowRuntime Behavior ::run [ RunTime:0.001351s ]
INFO: [ view_filter ] --END-- [ RunTime:0.005932s ]
INFO: [ view_end ] --START--
INFO: ShowPageTrace Behavior ::run [ RunTime:0.002157s ]
INFO: [ view_end ] --END-- [ RunTime:0.002290s ]

[ 2015-05-18T17:48:58+08:00 ] 127.0.0.1 /tangliang/manager.php/Shop/ins_order/id/1.html
INFO: [ route_check ] --START--
INFO: CheckRoute Behavior ::run [ RunTime:0.001713s ]
INFO: [ route_check ] --END-- [ RunTime:0.001923s ]
INFO: [ app_begin ] --START--
INFO: ReadHtmlCache Behavior ::run [ RunTime:0.000997s ]
INFO: [ app_begin ] --END-- [ RunTime:0.001151s ]
SQL: SHOW COLUMNS FROM `t_node` [ RunTime:0.004713s ]
SQL: SELECT * FROM `t_node` WHERE ( pid=1 and  status=1 and is_menu=1 ) ORDER BY sort desc  [ RunTime:0.005742s ]
SQL: SHOW COLUMNS FROM `t_node` [ RunTime:0.005279s ]
SQL: SELECT `id` FROM `t_node` WHERE ( name='Shop' ) LIMIT 1   [ RunTime:0.003935s ]
SQL: SHOW COLUMNS FROM `t_node` [ RunTime:0.004370s ]
SQL: SELECT * FROM `t_node` WHERE ( pid=68 and  status=1 and is_menu=1 ) ORDER BY sort desc  [ RunTime:0.004472s ]
SQL: SHOW COLUMNS FROM `t_orderxiangxi` [ RunTime:0.004745s ]
SQL: SHOW COLUMNS FROM `t_goods` [ RunTime:0.004759s ]
SQL: SHOW COLUMNS FROM `t_order` [ RunTime:0.006473s ]
SQL: SELECT o.id AS id,o.orderid AS orderid,o.goodsid AS goodsid,o.price AS price,o.bz AS bz,o.sjid AS sjid,o.uid AS uid,o.addtime AS addtime,p.name AS gname,o1.ordersn AS ordersn FROM t_orderxiangxi o LEFT JOIN t_goods p ON o.goodsid=p.id  JOIN t_order o1 ON o.orderid=.o1.id WHERE ( o.orderid=1 ) ORDER BY o.id desc  [ RunTime:0.006036s ]
INFO: [ view_parse ] --START--
NOTIC: [8] Use of undefined constant name - assumed 'name' E:\wamp\www\tangliang\temp\Admin\Cache\3d2fcca982bc2970c98211b7dedfe505.php 第 63 行.
NOTIC: [8] Use of undefined constant name - assumed 'name' E:\wamp\www\tangliang\temp\Admin\Cache\3d2fcca982bc2970c98211b7dedfe505.php 第 63 行.
NOTIC: [8] Use of undefined constant name - assumed 'name' E:\wamp\www\tangliang\temp\Admin\Cache\3d2fcca982bc2970c98211b7dedfe505.php 第 63 行.
NOTIC: [8] Use of undefined constant name - assumed 'name' E:\wamp\www\tangliang\temp\Admin\Cache\3d2fcca982bc2970c98211b7dedfe505.php 第 63 行.
NOTIC: [8] Use of undefined constant name - assumed 'name' E:\wamp\www\tangliang\temp\Admin\Cache\3d2fcca982bc2970c98211b7dedfe505.php 第 63 行.
NOTIC: [8] Use of undefined constant name - assumed 'name' E:\wamp\www\tangliang\temp\Admin\Cache\3d2fcca982bc2970c98211b7dedfe505.php 第 63 行.
NOTIC: [8] Use of undefined constant name - assumed 'name' E:\wamp\www\tangliang\temp\Admin\Cache\3d2fcca982bc2970c98211b7dedfe505.php 第 63 行.
NOTIC: [8] Use of undefined constant name - assumed 'name' E:\wamp\www\tangliang\temp\Admin\Cache\3d2fcca982bc2970c98211b7dedfe505.php 第 63 行.
NOTIC: [8] Use of undefined constant name - assumed 'name' E:\wamp\www\tangliang\temp\Admin\Cache\3d2fcca982bc2970c98211b7dedfe505.php 第 63 行.
NOTIC: [8] Use of undefined constant name - assumed 'name' E:\wamp\www\tangliang\temp\Admin\Cache\3d2fcca982bc2970c98211b7dedfe505.php 第 63 行.
NOTIC: [8] Use of undefined constant name - assumed 'name' E:\wamp\www\tangliang\temp\Admin\Cache\3d2fcca982bc2970c98211b7dedfe505.php 第 63 行.
NOTIC: [8] Use of undefined constant name - assumed 'name' E:\wamp\www\tangliang\temp\Admin\Cache\3d2fcca982bc2970c98211b7dedfe505.php 第 63 行.
NOTIC: [8] Use of undefined constant name - assumed 'name' E:\wamp\www\tangliang\temp\Admin\Cache\3d2fcca982bc2970c98211b7dedfe505.php 第 63 行.
NOTIC: [8] Use of undefined constant name - assumed 'name' E:\wamp\www\tangliang\temp\Admin\Cache\3d2fcca982bc2970c98211b7dedfe505.php 第 63 行.
NOTIC: [8] Use of undefined constant name - assumed 'name' E:\wamp\www\tangliang\temp\Admin\Cache\3d2fcca982bc2970c98211b7dedfe505.php 第 63 行.
NOTIC: [8] Use of undefined constant name - assumed 'name' E:\wamp\www\tangliang\temp\Admin\Cache\3d2fcca982bc2970c98211b7dedfe505.php 第 63 行.
NOTIC: [8] Use of undefined constant name - assumed 'name' E:\wamp\www\tangliang\temp\Admin\Cache\3d2fcca982bc2970c98211b7dedfe505.php 第 63 行.
NOTIC: [8] Use of undefined constant name - assumed 'name' E:\wamp\www\tangliang\temp\Admin\Cache\3d2fcca982bc2970c98211b7dedfe505.php 第 63 行.
NOTIC: [8] Use of undefined constant name - assumed 'name' E:\wamp\www\tangliang\temp\Admin\Cache\3d2fcca982bc2970c98211b7dedfe505.php 第 63 行.
NOTIC: [8] Use of undefined constant name - assumed 'name' E:\wamp\www\tangliang\temp\Admin\Cache\3d2fcca982bc2970c98211b7dedfe505.php 第 63 行.
NOTIC: [8] Use of undefined constant name - assumed 'name' E:\wamp\www\tangliang\temp\Admin\Cache\3d2fcca982bc2970c98211b7dedfe505.php 第 63 行.
NOTIC: [8] Use of undefined constant name - assumed 'name' E:\wamp\www\tangliang\temp\Admin\Cache\3d2fcca982bc2970c98211b7dedfe505.php 第 63 行.
NOTIC: [8] Use of undefined constant name - assumed 'name' E:\wamp\www\tangliang\temp\Admin\Cache\3d2fcca982bc2970c98211b7dedfe505.php 第 63 行.
NOTIC: [8] Use of undefined constant name - assumed 'name' E:\wamp\www\tangliang\temp\Admin\Cache\3d2fcca982bc2970c98211b7dedfe505.php 第 63 行.
NOTIC: [8] Use of undefined constant name - assumed 'name' E:\wamp\www\tangliang\temp\Admin\Cache\3d2fcca982bc2970c98211b7dedfe505.php 第 63 行.
NOTIC: [8] Use of undefined constant name - assumed 'name' E:\wamp\www\tangliang\temp\Admin\Cache\3d2fcca982bc2970c98211b7dedfe505.php 第 63 行.
NOTIC: [8] Use of undefined constant name - assumed 'name' E:\wamp\www\tangliang\temp\Admin\Cache\3d2fcca982bc2970c98211b7dedfe505.php 第 63 行.
NOTIC: [8] Use of undefined constant name - assumed 'name' E:\wamp\www\tangliang\temp\Admin\Cache\3d2fcca982bc2970c98211b7dedfe505.php 第 119 行.
NOTIC: [8] Use of undefined constant name - assumed 'name' E:\wamp\www\tangliang\temp\Admin\Cache\3d2fcca982bc2970c98211b7dedfe505.php 第 119 行.
NOTIC: [8] Use of undefined constant name - assumed 'name' E:\wamp\www\tangliang\temp\Admin\Cache\3d2fcca982bc2970c98211b7dedfe505.php 第 119 行.
NOTIC: [8] Use of undefined constant name - assumed 'name' E:\wamp\www\tangliang\temp\Admin\Cache\3d2fcca982bc2970c98211b7dedfe505.php 第 119 行.
NOTIC: [8] Use of undefined constant name - assumed 'name' E:\wamp\www\tangliang\temp\Admin\Cache\3d2fcca982bc2970c98211b7dedfe505.php 第 119 行.
NOTIC: [8] Use of undefined constant name - assumed 'name' E:\wamp\www\tangliang\temp\Admin\Cache\3d2fcca982bc2970c98211b7dedfe505.php 第 119 行.
NOTIC: [8] Use of undefined constant name - assumed 'name' E:\wamp\www\tangliang\temp\Admin\Cache\3d2fcca982bc2970c98211b7dedfe505.php 第 119 行.
NOTIC: [8] Use of undefined constant name - assumed 'name' E:\wamp\www\tangliang\temp\Admin\Cache\3d2fcca982bc2970c98211b7dedfe505.php 第 119 行.
NOTIC: [8] Use of undefined constant name - assumed 'name' E:\wamp\www\tangliang\temp\Admin\Cache\3d2fcca982bc2970c98211b7dedfe505.php 第 119 行.
NOTIC: [8] Use of undefined constant name - assumed 'name' E:\wamp\www\tangliang\temp\Admin\Cache\3d2fcca982bc2970c98211b7dedfe505.php 第 119 行.
NOTIC: [8] Use of undefined constant name - assumed 'name' E:\wamp\www\tangliang\temp\Admin\Cache\3d2fcca982bc2970c98211b7dedfe505.php 第 119 行.
NOTIC: [8] Use of undefined constant name - assumed 'name' E:\wamp\www\tangliang\temp\Admin\Cache\3d2fcca982bc2970c98211b7dedfe505.php 第 119 行.
NOTIC: [8] Undefined variable: keys E:\wamp\www\tangliang\temp\Admin\Cache\3d2fcca982bc2970c98211b7dedfe505.php 第 136 行.
NOTIC: [8] Undefined variable: sclist E:\wamp\www\tangliang\temp\Admin\Cache\3d2fcca982bc2970c98211b7dedfe505.php 第 140 行.
NOTIC: [8] Undefined variable: statuslist E:\wamp\www\tangliang\temp\Admin\Cache\3d2fcca982bc2970c98211b7dedfe505.php 第 145 行.
NOTIC: [8] Undefined variable: is_qx E:\wamp\www\tangliang\temp\Admin\Cache\3d2fcca982bc2970c98211b7dedfe505.php 第 150 行.
NOTIC: [8] Undefined variable: is_qx E:\wamp\www\tangliang\temp\Admin\Cache\3d2fcca982bc2970c98211b7dedfe505.php 第 151 行.
NOTIC: [8] Use of undefined constant id - assumed 'id' E:\wamp\www\tangliang\temp\Admin\Cache\3d2fcca982bc2970c98211b7dedfe505.php 第 180 行.
NOTIC: [8] Undefined variable: page E:\wamp\www\tangliang\temp\Admin\Cache\3d2fcca982bc2970c98211b7dedfe505.php 第 186 行.
INFO: ParseTemplate Behavior ::run [ RunTime:0.037969s ]
INFO: [ view_parse ] --END-- [ RunTime:0.038259s ]
INFO: [ view_filter ] --START--
INFO: ContentReplace Behavior ::run [ RunTime:0.001017s ]
INFO: TokenBuild Behavior ::run [ RunTime:0.000787s ]
INFO: WriteHtmlCache Behavior ::run [ RunTime:0.000488s ]
INFO: ShowRuntime Behavior ::run [ RunTime:0.000804s ]
INFO: [ view_filter ] --END-- [ RunTime:0.003457s ]
INFO: [ view_end ] --START--
INFO: ShowPageTrace Behavior ::run [ RunTime:0.000930s ]
INFO: [ view_end ] --END-- [ RunTime:0.001068s ]

[ 2015-05-18T17:49:00+08:00 ] 127.0.0.1 /tangliang/manager.php/Shop/order.html
INFO: [ route_check ] --START--
INFO: CheckRoute Behavior ::run [ RunTime:0.001499s ]
INFO: [ route_check ] --END-- [ RunTime:0.001696s ]
INFO: [ app_begin ] --START--
INFO: ReadHtmlCache Behavior ::run [ RunTime:0.002393s ]
INFO: [ app_begin ] --END-- [ RunTime:0.002549s ]
SQL: SHOW COLUMNS FROM `t_node` [ RunTime:0.006174s ]
SQL: SELECT * FROM `t_node` WHERE ( pid=1 and  status=1 and is_menu=1 ) ORDER BY sort desc  [ RunTime:0.007046s ]
SQL: SHOW COLUMNS FROM `t_node` [ RunTime:0.004995s ]
SQL: SELECT `id` FROM `t_node` WHERE ( name='Shop' ) LIMIT 1   [ RunTime:0.003978s ]
SQL: SHOW COLUMNS FROM `t_node` [ RunTime:0.005606s ]
SQL: SELECT * FROM `t_node` WHERE ( pid=68 and  status=1 and is_menu=1 ) ORDER BY sort desc  [ RunTime:0.004401s ]
NOTIC: [8] Undefined index:  sjid E:\wamp\www\tangliang\Admin\Lib\Action\ShopAction.class.php 第 1578 行.
NOTIC: [8] Undefined index:  status E:\wamp\www\tangliang\Admin\Lib\Action\ShopAction.class.php 第 1583 行.
NOTIC: [8] Undefined index:  keys E:\wamp\www\tangliang\Admin\Lib\Action\ShopAction.class.php 第 1589 行.
SQL: SHOW COLUMNS FROM `t_order` [ RunTime:0.006296s ]
SQL: SHOW COLUMNS FROM `t_peisongtype` [ RunTime:0.004994s ]
SQL: SHOW COLUMNS FROM `t_zhifutype` [ RunTime:0.004316s ]
SQL: SELECT COUNT(*) AS tp_count FROM t_order o LEFT JOIN t_peisongtype p ON o.pstype=p.id  JOIN t_zhifutype z ON o.paytype=z.id WHERE ( 1 and o.status=1 ) LIMIT 1   [ RunTime:0.004005s ]
SQL: SELECT o.id AS id,o.ordersn AS ordersn,o.price AS price,o.pstype AS pstype,o.paytype AS paytype,o.psprice AS psprice,o.uid AS uid,o.addtime AS addtime,o.status AS status,o.fhsn AS fhsn,o.fhtime AS fhtime,o.thyy AS thyy,o.thtime AS thtime,o.thimg AS thimg,o.sjid AS sjid,p.name AS psname,z.name AS zfname FROM t_order o LEFT JOIN t_peisongtype p ON o.pstype=p.id  JOIN t_zhifutype z ON o.paytype=z.id WHERE ( 1 and o.status=1 ) LIMIT 0,10   [ RunTime:0.004950s ]
SQL: SHOW COLUMNS FROM `t_role` [ RunTime:0.004466s ]
SQL: SELECT * FROM `t_role` WHERE ( id=1 ) LIMIT 1   [ RunTime:0.004077s ]
SQL: SHOW COLUMNS FROM `t_dianpumember` [ RunTime:0.005450s ]
SQL: SELECT `a_id`,`a_name`,`lxrname`,`company` FROM `t_dianpumember` WHERE ( 1 )  [ RunTime:0.005131s ]
INFO: [ view_parse ] --START--
NOTIC: [8] Use of undefined constant name - assumed 'name' E:\wamp\www\tangliang\temp\Admin\Cache\520a4ea61c030b28cf75337dfdb0f728.php 第 63 行.
NOTIC: [8] Use of undefined constant name - assumed 'name' E:\wamp\www\tangliang\temp\Admin\Cache\520a4ea61c030b28cf75337dfdb0f728.php 第 63 行.
NOTIC: [8] Use of undefined constant name - assumed 'name' E:\wamp\www\tangliang\temp\Admin\Cache\520a4ea61c030b28cf75337dfdb0f728.php 第 63 行.
NOTIC: [8] Use of undefined constant name - assumed 'name' E:\wamp\www\tangliang\temp\Admin\Cache\520a4ea61c030b28cf75337dfdb0f728.php 第 63 行.
NOTIC: [8] Use of undefined constant name - assumed 'name' E:\wamp\www\tangliang\temp\Admin\Cache\520a4ea61c030b28cf75337dfdb0f728.php 第 63 行.
NOTIC: [8] Use of undefined constant name - assumed 'name' E:\wamp\www\tangliang\temp\Admin\Cache\520a4ea61c030b28cf75337dfdb0f728.php 第 63 行.
NOTIC: [8] Use of undefined constant name - assumed 'name' E:\wamp\www\tangliang\temp\Admin\Cache\520a4ea61c030b28cf75337dfdb0f728.php 第 63 行.
NOTIC: [8] Use of undefined constant name - assumed 'name' E:\wamp\www\tangliang\temp\Admin\Cache\520a4ea61c030b28cf75337dfdb0f728.php 第 63 行.
NOTIC: [8] Use of undefined constant name - assumed 'name' E:\wamp\www\tangliang\temp\Admin\Cache\520a4ea61c030b28cf75337dfdb0f728.php 第 63 行.
NOTIC: [8] Use of undefined constant name - assumed 'name' E:\wamp\www\tangliang\temp\Admin\Cache\520a4ea61c030b28cf75337dfdb0f728.php 第 63 行.
NOTIC: [8] Use of undefined constant name - assumed 'name' E:\wamp\www\tangliang\temp\Admin\Cache\520a4ea61c030b28cf75337dfdb0f728.php 第 63 行.
NOTIC: [8] Use of undefined constant name - assumed 'name' E:\wamp\www\tangliang\temp\Admin\Cache\520a4ea61c030b28cf75337dfdb0f728.php 第 63 行.
NOTIC: [8] Use of undefined constant name - assumed 'name' E:\wamp\www\tangliang\temp\Admin\Cache\520a4ea61c030b28cf75337dfdb0f728.php 第 63 行.
NOTIC: [8] Use of undefined constant name - assumed 'name' E:\wamp\www\tangliang\temp\Admin\Cache\520a4ea61c030b28cf75337dfdb0f728.php 第 63 行.
NOTIC: [8] Use of undefined constant name - assumed 'name' E:\wamp\www\tangliang\temp\Admin\Cache\520a4ea61c030b28cf75337dfdb0f728.php 第 63 行.
NOTIC: [8] Use of undefined constant name - assumed 'name' E:\wamp\www\tangliang\temp\Admin\Cache\520a4ea61c030b28cf75337dfdb0f728.php 第 63 行.
NOTIC: [8] Use of undefined constant name - assumed 'name' E:\wamp\www\tangliang\temp\Admin\Cache\520a4ea61c030b28cf75337dfdb0f728.php 第 63 行.
NOTIC: [8] Use of undefined constant name - assumed 'name' E:\wamp\www\tangliang\temp\Admin\Cache\520a4ea61c030b28cf75337dfdb0f728.php 第 63 行.
NOTIC: [8] Use of undefined constant name - assumed 'name' E:\wamp\www\tangliang\temp\Admin\Cache\520a4ea61c030b28cf75337dfdb0f728.php 第 63 行.
NOTIC: [8] Use of undefined constant name - assumed 'name' E:\wamp\www\tangliang\temp\Admin\Cache\520a4ea61c030b28cf75337dfdb0f728.php 第 63 行.
NOTIC: [8] Use of undefined constant name - assumed 'name' E:\wamp\www\tangliang\temp\Admin\Cache\520a4ea61c030b28cf75337dfdb0f728.php 第 63 行.
NOTIC: [8] Use of undefined constant name - assumed 'name' E:\wamp\www\tangliang\temp\Admin\Cache\520a4ea61c030b28cf75337dfdb0f728.php 第 63 行.
NOTIC: [8] Use of undefined constant name - assumed 'name' E:\wamp\www\tangliang\temp\Admin\Cache\520a4ea61c030b28cf75337dfdb0f728.php 第 63 行.
NOTIC: [8] Use of undefined constant name - assumed 'name' E:\wamp\www\tangliang\temp\Admin\Cache\520a4ea61c030b28cf75337dfdb0f728.php 第 63 行.
NOTIC: [8] Use of undefined constant name - assumed 'name' E:\wamp\www\tangliang\temp\Admin\Cache\520a4ea61c030b28cf75337dfdb0f728.php 第 63 行.
NOTIC: [8] Use of undefined constant name - assumed 'name' E:\wamp\www\tangliang\temp\Admin\Cache\520a4ea61c030b28cf75337dfdb0f728.php 第 63 行.
NOTIC: [8] Use of undefined constant name - assumed 'name' E:\wamp\www\tangliang\temp\Admin\Cache\520a4ea61c030b28cf75337dfdb0f728.php 第 63 行.
NOTIC: [8] Use of undefined constant name - assumed 'name' E:\wamp\www\tangliang\temp\Admin\Cache\520a4ea61c030b28cf75337dfdb0f728.php 第 119 行.
NOTIC: [8] Use of undefined constant name - assumed 'name' E:\wamp\www\tangliang\temp\Admin\Cache\520a4ea61c030b28cf75337dfdb0f728.php 第 119 行.
NOTIC: [8] Use of undefined constant name - assumed 'name' E:\wamp\www\tangliang\temp\Admin\Cache\520a4ea61c030b28cf75337dfdb0f728.php 第 119 行.
NOTIC: [8] Use of undefined constant name - assumed 'name' E:\wamp\www\tangliang\temp\Admin\Cache\520a4ea61c030b28cf75337dfdb0f728.php 第 119 行.
NOTIC: [8] Use of undefined constant name - assumed 'name' E:\wamp\www\tangliang\temp\Admin\Cache\520a4ea61c030b28cf75337dfdb0f728.php 第 119 行.
NOTIC: [8] Use of undefined constant name - assumed 'name' E:\wamp\www\tangliang\temp\Admin\Cache\520a4ea61c030b28cf75337dfdb0f728.php 第 119 行.
NOTIC: [8] Use of undefined constant name - assumed 'name' E:\wamp\www\tangliang\temp\Admin\Cache\520a4ea61c030b28cf75337dfdb0f728.php 第 119 行.
NOTIC: [8] Use of undefined constant name - assumed 'name' E:\wamp\www\tangliang\temp\Admin\Cache\520a4ea61c030b28cf75337dfdb0f728.php 第 119 行.
NOTIC: [8] Use of undefined constant name - assumed 'name' E:\wamp\www\tangliang\temp\Admin\Cache\520a4ea61c030b28cf75337dfdb0f728.php 第 119 行.
NOTIC: [8] Use of undefined constant name - assumed 'name' E:\wamp\www\tangliang\temp\Admin\Cache\520a4ea61c030b28cf75337dfdb0f728.php 第 119 行.
NOTIC: [8] Use of undefined constant name - assumed 'name' E:\wamp\www\tangliang\temp\Admin\Cache\520a4ea61c030b28cf75337dfdb0f728.php 第 119 行.
NOTIC: [8] Use of undefined constant name - assumed 'name' E:\wamp\www\tangliang\temp\Admin\Cache\520a4ea61c030b28cf75337dfdb0f728.php 第 119 行.
NOTIC: [8] Use of undefined constant a_id - assumed 'a_id' E:\wamp\www\tangliang\temp\Admin\Cache\520a4ea61c030b28cf75337dfdb0f728.php 第 140 行.
NOTIC: [8] Undefined variable: uid E:\wamp\www\tangliang\temp\Admin\Cache\520a4ea61c030b28cf75337dfdb0f728.php 第 140 行.
NOTIC: [8] Use of undefined constant a_id - assumed 'a_id' E:\wamp\www\tangliang\temp\Admin\Cache\520a4ea61c030b28cf75337dfdb0f728.php 第 140 行.
NOTIC: [8] Undefined variable: uid E:\wamp\www\tangliang\temp\Admin\Cache\520a4ea61c030b28cf75337dfdb0f728.php 第 140 行.
NOTIC: [8] Use of undefined constant a_id - assumed 'a_id' E:\wamp\www\tangliang\temp\Admin\Cache\520a4ea61c030b28cf75337dfdb0f728.php 第 140 行.
NOTIC: [8] Undefined variable: uid E:\wamp\www\tangliang\temp\Admin\Cache\520a4ea61c030b28cf75337dfdb0f728.php 第 140 行.
NOTIC: [8] Use of undefined constant a_id - assumed 'a_id' E:\wamp\www\tangliang\temp\Admin\Cache\520a4ea61c030b28cf75337dfdb0f728.php 第 140 行.
NOTIC: [8] Undefined variable: uid E:\wamp\www\tangliang\temp\Admin\Cache\520a4ea61c030b28cf75337dfdb0f728.php 第 140 行.
NOTIC: [8] Undefined variable: is_qx E:\wamp\www\tangliang\temp\Admin\Cache\520a4ea61c030b28cf75337dfdb0f728.php 第 150 行.
NOTIC: [8] Undefined variable: is_qx E:\wamp\www\tangliang\temp\Admin\Cache\520a4ea61c030b28cf75337dfdb0f728.php 第 151 行.
NOTIC: [8] Use of undefined constant id - assumed 'id' E:\wamp\www\tangliang\temp\Admin\Cache\520a4ea61c030b28cf75337dfdb0f728.php 第 183 行.
NOTIC: [8] Use of undefined constant id - assumed 'id' E:\wamp\www\tangliang\temp\Admin\Cache\520a4ea61c030b28cf75337dfdb0f728.php 第 185 行.
INFO: ParseTemplate Behavior ::run [ RunTime:0.047980s ]
INFO: [ view_parse ] --END-- [ RunTime:0.048137s ]
INFO: [ view_filter ] --START--
INFO: ContentReplace Behavior ::run [ RunTime:0.000932s ]
INFO: TokenBuild Behavior ::run [ RunTime:0.001026s ]
INFO: WriteHtmlCache Behavior ::run [ RunTime:0.006143s ]
INFO: ShowRuntime Behavior ::run [ RunTime:0.000827s ]
INFO: [ view_filter ] --END-- [ RunTime:0.009655s ]
INFO: [ view_end ] --START--
INFO: ShowPageTrace Behavior ::run [ RunTime:0.001017s ]
INFO: [ view_end ] --END-- [ RunTime:0.001176s ]

[ 2015-05-18T17:54:42+08:00 ] 127.0.0.1 /tangliang/manager.php/Shop/order.html
INFO: [ route_check ] --START--
INFO: CheckRoute Behavior ::run [ RunTime:0.002857s ]
INFO: [ route_check ] --END-- [ RunTime:0.003067s ]
INFO: [ app_begin ] --START--
INFO: ReadHtmlCache Behavior ::run [ RunTime:0.002006s ]
INFO: [ app_begin ] --END-- [ RunTime:0.002173s ]
SQL: SHOW COLUMNS FROM `t_node` [ RunTime:0.004698s ]
SQL: SELECT * FROM `t_node` WHERE ( pid=1 and  status=1 and is_menu=1 ) ORDER BY sort desc  [ RunTime:0.004843s ]
SQL: SHOW COLUMNS FROM `t_node` [ RunTime:0.004528s ]
SQL: SELECT `id` FROM `t_node` WHERE ( name='Shop' ) LIMIT 1   [ RunTime:0.003955s ]
SQL: SHOW COLUMNS FROM `t_node` [ RunTime:0.004625s ]
SQL: SELECT * FROM `t_node` WHERE ( pid=68 and  status=1 and is_menu=1 ) ORDER BY sort desc  [ RunTime:0.004470s ]
NOTIC: [8] Undefined index:  sjid E:\wamp\www\tangliang\Admin\Lib\Action\ShopAction.class.php 第 1578 行.
NOTIC: [8] Undefined index:  status E:\wamp\www\tangliang\Admin\Lib\Action\ShopAction.class.php 第 1583 行.
NOTIC: [8] Undefined index:  keys E:\wamp\www\tangliang\Admin\Lib\Action\ShopAction.class.php 第 1589 行.
SQL: SHOW COLUMNS FROM `t_order` [ RunTime:0.006121s ]
SQL: SHOW COLUMNS FROM `t_peisongtype` [ RunTime:0.011179s ]
SQL: SHOW COLUMNS FROM `t_zhifutype` [ RunTime:0.006163s ]
SQL: SELECT COUNT(*) AS tp_count FROM t_order o LEFT JOIN t_peisongtype p ON o.pstype=p.id  JOIN t_zhifutype z ON o.paytype=z.id WHERE ( 1 and o.status=1 ) LIMIT 1   [ RunTime:0.004187s ]
SQL: SELECT o.id AS id,o.ordersn AS ordersn,o.price AS price,o.pstype AS pstype,o.paytype AS paytype,o.psprice AS psprice,o.uid AS uid,o.addtime AS addtime,o.status AS status,o.fhsn AS fhsn,o.fhtime AS fhtime,o.thyy AS thyy,o.thtime AS thtime,o.thimg AS thimg,o.sjid AS sjid,p.name AS psname,z.name AS zfname FROM t_order o LEFT JOIN t_peisongtype p ON o.pstype=p.id  JOIN t_zhifutype z ON o.paytype=z.id WHERE ( 1 and o.status=1 ) LIMIT 0,10   [ RunTime:0.004938s ]
SQL: SHOW COLUMNS FROM `t_role` [ RunTime:0.004410s ]
SQL: SELECT * FROM `t_role` WHERE ( id=1 ) LIMIT 1   [ RunTime:0.004682s ]
SQL: SHOW COLUMNS FROM `t_dianpumember` [ RunTime:0.005720s ]
SQL: SELECT `a_id`,`a_name`,`lxrname`,`company` FROM `t_dianpumember` WHERE ( 1 )  [ RunTime:0.004125s ]
INFO: [ view_parse ] --START--
NOTIC: [8] Use of undefined constant name - assumed 'name' E:\wamp\www\tangliang\temp\Admin\Cache\520a4ea61c030b28cf75337dfdb0f728.php 第 63 行.
NOTIC: [8] Use of undefined constant name - assumed 'name' E:\wamp\www\tangliang\temp\Admin\Cache\520a4ea61c030b28cf75337dfdb0f728.php 第 63 行.
NOTIC: [8] Use of undefined constant name - assumed 'name' E:\wamp\www\tangliang\temp\Admin\Cache\520a4ea61c030b28cf75337dfdb0f728.php 第 63 行.
NOTIC: [8] Use of undefined constant name - assumed 'name' E:\wamp\www\tangliang\temp\Admin\Cache\520a4ea61c030b28cf75337dfdb0f728.php 第 63 行.
NOTIC: [8] Use of undefined constant name - assumed 'name' E:\wamp\www\tangliang\temp\Admin\Cache\520a4ea61c030b28cf75337dfdb0f728.php 第 63 行.
NOTIC: [8] Use of undefined constant name - assumed 'name' E:\wamp\www\tangliang\temp\Admin\Cache\520a4ea61c030b28cf75337dfdb0f728.php 第 63 行.
NOTIC: [8] Use of undefined constant name - assumed 'name' E:\wamp\www\tangliang\temp\Admin\Cache\520a4ea61c030b28cf75337dfdb0f728.php 第 63 行.
NOTIC: [8] Use of undefined constant name - assumed 'name' E:\wamp\www\tangliang\temp\Admin\Cache\520a4ea61c030b28cf75337dfdb0f728.php 第 63 行.
NOTIC: [8] Use of undefined constant name - assumed 'name' E:\wamp\www\tangliang\temp\Admin\Cache\520a4ea61c030b28cf75337dfdb0f728.php 第 63 行.
NOTIC: [8] Use of undefined constant name - assumed 'name' E:\wamp\www\tangliang\temp\Admin\Cache\520a4ea61c030b28cf75337dfdb0f728.php 第 63 行.
NOTIC: [8] Use of undefined constant name - assumed 'name' E:\wamp\www\tangliang\temp\Admin\Cache\520a4ea61c030b28cf75337dfdb0f728.php 第 63 行.
NOTIC: [8] Use of undefined constant name - assumed 'name' E:\wamp\www\tangliang\temp\Admin\Cache\520a4ea61c030b28cf75337dfdb0f728.php 第 63 行.
NOTIC: [8] Use of undefined constant name - assumed 'name' E:\wamp\www\tangliang\temp\Admin\Cache\520a4ea61c030b28cf75337dfdb0f728.php 第 63 行.
NOTIC: [8] Use of undefined constant name - assumed 'name' E:\wamp\www\tangliang\temp\Admin\Cache\520a4ea61c030b28cf75337dfdb0f728.php 第 63 行.
NOTIC: [8] Use of undefined constant name - assumed 'name' E:\wamp\www\tangliang\temp\Admin\Cache\520a4ea61c030b28cf75337dfdb0f728.php 第 63 行.
NOTIC: [8] Use of undefined constant name - assumed 'name' E:\wamp\www\tangliang\temp\Admin\Cache\520a4ea61c030b28cf75337dfdb0f728.php 第 63 行.
NOTIC: [8] Use of undefined constant name - assumed 'name' E:\wamp\www\tangliang\temp\Admin\Cache\520a4ea61c030b28cf75337dfdb0f728.php 第 63 行.
NOTIC: [8] Use of undefined constant name - assumed 'name' E:\wamp\www\tangliang\temp\Admin\Cache\520a4ea61c030b28cf75337dfdb0f728.php 第 63 行.
NOTIC: [8] Use of undefined constant name - assumed 'name' E:\wamp\www\tangliang\temp\Admin\Cache\520a4ea61c030b28cf75337dfdb0f728.php 第 63 行.
NOTIC: [8] Use of undefined constant name - assumed 'name' E:\wamp\www\tangliang\temp\Admin\Cache\520a4ea61c030b28cf75337dfdb0f728.php 第 63 行.
NOTIC: [8] Use of undefined constant name - assumed 'name' E:\wamp\www\tangliang\temp\Admin\Cache\520a4ea61c030b28cf75337dfdb0f728.php 第 63 行.
NOTIC: [8] Use of undefined constant name - assumed 'name' E:\wamp\www\tangliang\temp\Admin\Cache\520a4ea61c030b28cf75337dfdb0f728.php 第 63 行.
NOTIC: [8] Use of undefined constant name - assumed 'name' E:\wamp\www\tangliang\temp\Admin\Cache\520a4ea61c030b28cf75337dfdb0f728.php 第 63 行.
NOTIC: [8] Use of undefined constant name - assumed 'name' E:\wamp\www\tangliang\temp\Admin\Cache\520a4ea61c030b28cf75337dfdb0f728.php 第 63 行.
NOTIC: [8] Use of undefined constant name - assumed 'name' E:\wamp\www\tangliang\temp\Admin\Cache\520a4ea61c030b28cf75337dfdb0f728.php 第 63 行.
NOTIC: [8] Use of undefined constant name - assumed 'name' E:\wamp\www\tangliang\temp\Admin\Cache\520a4ea61c030b28cf75337dfdb0f728.php 第 63 行.
NOTIC: [8] Use of undefined constant name - assumed 'name' E:\wamp\www\tangliang\temp\Admin\Cache\520a4ea61c030b28cf75337dfdb0f728.php 第 63 行.
NOTIC: [8] Use of undefined constant name - assumed 'name' E:\wamp\www\tangliang\temp\Admin\Cache\520a4ea61c030b28cf75337dfdb0f728.php 第 119 行.
NOTIC: [8] Use of undefined constant name - assumed 'name' E:\wamp\www\tangliang\temp\Admin\Cache\520a4ea61c030b28cf75337dfdb0f728.php 第 119 行.
NOTIC: [8] Use of undefined constant name - assumed 'name' E:\wamp\www\tangliang\temp\Admin\Cache\520a4ea61c030b28cf75337dfdb0f728.php 第 119 行.
NOTIC: [8] Use of undefined constant name - assumed 'name' E:\wamp\www\tangliang\temp\Admin\Cache\520a4ea61c030b28cf75337dfdb0f728.php 第 119 行.
NOTIC: [8] Use of undefined constant name - assumed 'name' E:\wamp\www\tangliang\temp\Admin\Cache\520a4ea61c030b28cf75337dfdb0f728.php 第 119 行.
NOTIC: [8] Use of undefined constant name - assumed 'name' E:\wamp\www\tangliang\temp\Admin\Cache\520a4ea61c030b28cf75337dfdb0f728.php 第 119 行.
NOTIC: [8] Use of undefined constant name - assumed 'name' E:\wamp\www\tangliang\temp\Admin\Cache\520a4ea61c030b28cf75337dfdb0f728.php 第 119 行.
NOTIC: [8] Use of undefined constant name - assumed 'name' E:\wamp\www\tangliang\temp\Admin\Cache\520a4ea61c030b28cf75337dfdb0f728.php 第 119 行.
NOTIC: [8] Use of undefined constant name - assumed 'name' E:\wamp\www\tangliang\temp\Admin\Cache\520a4ea61c030b28cf75337dfdb0f728.php 第 119 行.
NOTIC: [8] Use of undefined constant name - assumed 'name' E:\wamp\www\tangliang\temp\Admin\Cache\520a4ea61c030b28cf75337dfdb0f728.php 第 119 行.
NOTIC: [8] Use of undefined constant name - assumed 'name' E:\wamp\www\tangliang\temp\Admin\Cache\520a4ea61c030b28cf75337dfdb0f728.php 第 119 行.
NOTIC: [8] Use of undefined constant name - assumed 'name' E:\wamp\www\tangliang\temp\Admin\Cache\520a4ea61c030b28cf75337dfdb0f728.php 第 119 行.
NOTIC: [8] Use of undefined constant a_id - assumed 'a_id' E:\wamp\www\tangliang\temp\Admin\Cache\520a4ea61c030b28cf75337dfdb0f728.php 第 140 行.
NOTIC: [8] Undefined variable: uid E:\wamp\www\tangliang\temp\Admin\Cache\520a4ea61c030b28cf75337dfdb0f728.php 第 140 行.
NOTIC: [8] Use of undefined constant a_id - assumed 'a_id' E:\wamp\www\tangliang\temp\Admin\Cache\520a4ea61c030b28cf75337dfdb0f728.php 第 140 行.
NOTIC: [8] Undefined variable: uid E:\wamp\www\tangliang\temp\Admin\Cache\520a4ea61c030b28cf75337dfdb0f728.php 第 140 行.
NOTIC: [8] Use of undefined constant a_id - assumed 'a_id' E:\wamp\www\tangliang\temp\Admin\Cache\520a4ea61c030b28cf75337dfdb0f728.php 第 140 行.
NOTIC: [8] Undefined variable: uid E:\wamp\www\tangliang\temp\Admin\Cache\520a4ea61c030b28cf75337dfdb0f728.php 第 140 行.
NOTIC: [8] Use of undefined constant a_id - assumed 'a_id' E:\wamp\www\tangliang\temp\Admin\Cache\520a4ea61c030b28cf75337dfdb0f728.php 第 140 行.
NOTIC: [8] Undefined variable: uid E:\wamp\www\tangliang\temp\Admin\Cache\520a4ea61c030b28cf75337dfdb0f728.php 第 140 行.
NOTIC: [8] Undefined variable: is_qx E:\wamp\www\tangliang\temp\Admin\Cache\520a4ea61c030b28cf75337dfdb0f728.php 第 150 行.
NOTIC: [8] Undefined variable: is_qx E:\wamp\www\tangliang\temp\Admin\Cache\520a4ea61c030b28cf75337dfdb0f728.php 第 151 行.
NOTIC: [8] Use of undefined constant status - assumed 'status' E:\wamp\www\tangliang\temp\Admin\Cache\520a4ea61c030b28cf75337dfdb0f728.php 第 183 行.
NOTIC: [8] Use of undefined constant status - assumed 'status' E:\wamp\www\tangliang\temp\Admin\Cache\520a4ea61c030b28cf75337dfdb0f728.php 第 184 行.
NOTIC: [8] Use of undefined constant id - assumed 'id' E:\wamp\www\tangliang\temp\Admin\Cache\520a4ea61c030b28cf75337dfdb0f728.php 第 185 行.
NOTIC: [8] Use of undefined constant id - assumed 'id' E:\wamp\www\tangliang\temp\Admin\Cache\520a4ea61c030b28cf75337dfdb0f728.php 第 187 行.
INFO: ParseTemplate Behavior ::run [ RunTime:0.046002s ]
INFO: [ view_parse ] --END-- [ RunTime:0.046184s ]
INFO: [ view_filter ] --START--
INFO: ContentReplace Behavior ::run [ RunTime:0.003022s ]
INFO: TokenBuild Behavior ::run [ RunTime:0.001659s ]
INFO: WriteHtmlCache Behavior ::run [ RunTime:0.001301s ]
INFO: ShowRuntime Behavior ::run [ RunTime:0.001461s ]
INFO: [ view_filter ] --END-- [ RunTime:0.007819s ]
INFO: [ view_end ] --START--
INFO: ShowPageTrace Behavior ::run [ RunTime:0.001783s ]
INFO: [ view_end ] --END-- [ RunTime:0.001912s ]

[ 2015-05-18T17:55:44+08:00 ] 127.0.0.1 /tangliang/manager.php/Shop/order.html
INFO: [ route_check ] --START--
INFO: CheckRoute Behavior ::run [ RunTime:0.002210s ]
INFO: [ route_check ] --END-- [ RunTime:0.002711s ]
INFO: [ app_begin ] --START--
INFO: ReadHtmlCache Behavior ::run [ RunTime:0.001731s ]
INFO: [ app_begin ] --END-- [ RunTime:0.001889s ]
SQL: SHOW COLUMNS FROM `t_node` [ RunTime:0.009520s ]
SQL: SELECT * FROM `t_node` WHERE ( pid=1 and  status=1 and is_menu=1 ) ORDER BY sort desc  [ RunTime:0.006784s ]
SQL: SHOW COLUMNS FROM `t_node` [ RunTime:0.003608s ]
SQL: SELECT `id` FROM `t_node` WHERE ( name='Shop' ) LIMIT 1   [ RunTime:0.002850s ]
SQL: SHOW COLUMNS FROM `t_node` [ RunTime:0.003575s ]
SQL: SELECT * FROM `t_node` WHERE ( pid=68 and  status=1 and is_menu=1 ) ORDER BY sort desc  [ RunTime:0.003872s ]
NOTIC: [8] Undefined index:  sjid E:\wamp\www\tangliang\Admin\Lib\Action\ShopAction.class.php 第 1578 行.
NOTIC: [8] Undefined index:  status E:\wamp\www\tangliang\Admin\Lib\Action\ShopAction.class.php 第 1583 行.
NOTIC: [8] Undefined index:  keys E:\wamp\www\tangliang\Admin\Lib\Action\ShopAction.class.php 第 1589 行.
SQL: SHOW COLUMNS FROM `t_order` [ RunTime:0.006492s ]
SQL: SHOW COLUMNS FROM `t_peisongtype` [ RunTime:0.004205s ]
SQL: SHOW COLUMNS FROM `t_zhifutype` [ RunTime:0.010336s ]
SQL: SELECT COUNT(*) AS tp_count FROM t_order o LEFT JOIN t_peisongtype p ON o.pstype=p.id  JOIN t_zhifutype z ON o.paytype=z.id WHERE ( 1 and o.status=1 ) LIMIT 1   [ RunTime:0.004796s ]
SQL: SELECT o.id AS id,o.ordersn AS ordersn,o.price AS price,o.pstype AS pstype,o.paytype AS paytype,o.psprice AS psprice,o.uid AS uid,o.addtime AS addtime,o.status AS status,o.fhsn AS fhsn,o.fhtime AS fhtime,o.thyy AS thyy,o.thtime AS thtime,o.thimg AS thimg,o.sjid AS sjid,p.name AS psname,z.name AS zfname FROM t_order o LEFT JOIN t_peisongtype p ON o.pstype=p.id  JOIN t_zhifutype z ON o.paytype=z.id WHERE ( 1 and o.status=1 ) LIMIT 0,10   [ RunTime:0.004080s ]
SQL: SHOW COLUMNS FROM `t_role` [ RunTime:0.003594s ]
SQL: SELECT * FROM `t_role` WHERE ( id=1 ) LIMIT 1   [ RunTime:0.003581s ]
SQL: SHOW COLUMNS FROM `t_dianpumember` [ RunTime:0.005144s ]
SQL: SELECT `a_id`,`a_name`,`lxrname`,`company` FROM `t_dianpumember` WHERE ( 1 )  [ RunTime:0.003457s ]
INFO: [ view_parse ] --START--
NOTIC: [8] Use of undefined constant name - assumed 'name' E:\wamp\www\tangliang\temp\Admin\Cache\520a4ea61c030b28cf75337dfdb0f728.php 第 63 行.
NOTIC: [8] Use of undefined constant name - assumed 'name' E:\wamp\www\tangliang\temp\Admin\Cache\520a4ea61c030b28cf75337dfdb0f728.php 第 63 行.
NOTIC: [8] Use of undefined constant name - assumed 'name' E:\wamp\www\tangliang\temp\Admin\Cache\520a4ea61c030b28cf75337dfdb0f728.php 第 63 行.
NOTIC: [8] Use of undefined constant name - assumed 'name' E:\wamp\www\tangliang\temp\Admin\Cache\520a4ea61c030b28cf75337dfdb0f728.php 第 63 行.
NOTIC: [8] Use of undefined constant name - assumed 'name' E:\wamp\www\tangliang\temp\Admin\Cache\520a4ea61c030b28cf75337dfdb0f728.php 第 63 行.
NOTIC: [8] Use of undefined constant name - assumed 'name' E:\wamp\www\tangliang\temp\Admin\Cache\520a4ea61c030b28cf75337dfdb0f728.php 第 63 行.
NOTIC: [8] Use of undefined constant name - assumed 'name' E:\wamp\www\tangliang\temp\Admin\Cache\520a4ea61c030b28cf75337dfdb0f728.php 第 63 行.
NOTIC: [8] Use of undefined constant name - assumed 'name' E:\wamp\www\tangliang\temp\Admin\Cache\520a4ea61c030b28cf75337dfdb0f728.php 第 63 行.
NOTIC: [8] Use of undefined constant name - assumed 'name' E:\wamp\www\tangliang\temp\Admin\Cache\520a4ea61c030b28cf75337dfdb0f728.php 第 63 行.
NOTIC: [8] Use of undefined constant name - assumed 'name' E:\wamp\www\tangliang\temp\Admin\Cache\520a4ea61c030b28cf75337dfdb0f728.php 第 63 行.
NOTIC: [8] Use of undefined constant name - assumed 'name' E:\wamp\www\tangliang\temp\Admin\Cache\520a4ea61c030b28cf75337dfdb0f728.php 第 63 行.
NOTIC: [8] Use of undefined constant name - assumed 'name' E:\wamp\www\tangliang\temp\Admin\Cache\520a4ea61c030b28cf75337dfdb0f728.php 第 63 行.
NOTIC: [8] Use of undefined constant name - assumed 'name' E:\wamp\www\tangliang\temp\Admin\Cache\520a4ea61c030b28cf75337dfdb0f728.php 第 63 行.
NOTIC: [8] Use of undefined constant name - assumed 'name' E:\wamp\www\tangliang\temp\Admin\Cache\520a4ea61c030b28cf75337dfdb0f728.php 第 63 行.
NOTIC: [8] Use of undefined constant name - assumed 'name' E:\wamp\www\tangliang\temp\Admin\Cache\520a4ea61c030b28cf75337dfdb0f728.php 第 63 行.
NOTIC: [8] Use of undefined constant name - assumed 'name' E:\wamp\www\tangliang\temp\Admin\Cache\520a4ea61c030b28cf75337dfdb0f728.php 第 63 行.
NOTIC: [8] Use of undefined constant name - assumed 'name' E:\wamp\www\tangliang\temp\Admin\Cache\520a4ea61c030b28cf75337dfdb0f728.php 第 63 行.
NOTIC: [8] Use of undefined constant name - assumed 'name' E:\wamp\www\tangliang\temp\Admin\Cache\520a4ea61c030b28cf75337dfdb0f728.php 第 63 行.
NOTIC: [8] Use of undefined constant name - assumed 'name' E:\wamp\www\tangliang\temp\Admin\Cache\520a4ea61c030b28cf75337dfdb0f728.php 第 63 行.
NOTIC: [8] Use of undefined constant name - assumed 'name' E:\wamp\www\tangliang\temp\Admin\Cache\520a4ea61c030b28cf75337dfdb0f728.php 第 63 行.
NOTIC: [8] Use of undefined constant name - assumed 'name' E:\wamp\www\tangliang\temp\Admin\Cache\520a4ea61c030b28cf75337dfdb0f728.php 第 63 行.
NOTIC: [8] Use of undefined constant name - assumed 'name' E:\wamp\www\tangliang\temp\Admin\Cache\520a4ea61c030b28cf75337dfdb0f728.php 第 63 行.
NOTIC: [8] Use of undefined constant name - assumed 'name' E:\wamp\www\tangliang\temp\Admin\Cache\520a4ea61c030b28cf75337dfdb0f728.php 第 63 行.
NOTIC: [8] Use of undefined constant name - assumed 'name' E:\wamp\www\tangliang\temp\Admin\Cache\520a4ea61c030b28cf75337dfdb0f728.php 第 63 行.
NOTIC: [8] Use of undefined constant name - assumed 'name' E:\wamp\www\tangliang\temp\Admin\Cache\520a4ea61c030b28cf75337dfdb0f728.php 第 63 行.
NOTIC: [8] Use of undefined constant name - assumed 'name' E:\wamp\www\tangliang\temp\Admin\Cache\520a4ea61c030b28cf75337dfdb0f728.php 第 63 行.
NOTIC: [8] Use of undefined constant name - assumed 'name' E:\wamp\www\tangliang\temp\Admin\Cache\520a4ea61c030b28cf75337dfdb0f728.php 第 63 行.
NOTIC: [8] Use of undefined constant name - assumed 'name' E:\wamp\www\tangliang\temp\Admin\Cache\520a4ea61c030b28cf75337dfdb0f728.php 第 119 行.
NOTIC: [8] Use of undefined constant name - assumed 'name' E:\wamp\www\tangliang\temp\Admin\Cache\520a4ea61c030b28cf75337dfdb0f728.php 第 119 行.
NOTIC: [8] Use of undefined constant name - assumed 'name' E:\wamp\www\tangliang\temp\Admin\Cache\520a4ea61c030b28cf75337dfdb0f728.php 第 119 行.
NOTIC: [8] Use of undefined constant name - assumed 'name' E:\wamp\www\tangliang\temp\Admin\Cache\520a4ea61c030b28cf75337dfdb0f728.php 第 119 行.
NOTIC: [8] Use of undefined constant name - assumed 'name' E:\wamp\www\tangliang\temp\Admin\Cache\520a4ea61c030b28cf75337dfdb0f728.php 第 119 行.
NOTIC: [8] Use of undefined constant name - assumed 'name' E:\wamp\www\tangliang\temp\Admin\Cache\520a4ea61c030b28cf75337dfdb0f728.php 第 119 行.
NOTIC: [8] Use of undefined constant name - assumed 'name' E:\wamp\www\tangliang\temp\Admin\Cache\520a4ea61c030b28cf75337dfdb0f728.php 第 119 行.
NOTIC: [8] Use of undefined constant name - assumed 'name' E:\wamp\www\tangliang\temp\Admin\Cache\520a4ea61c030b28cf75337dfdb0f728.php 第 119 行.
NOTIC: [8] Use of undefined constant name - assumed 'name' E:\wamp\www\tangliang\temp\Admin\Cache\520a4ea61c030b28cf75337dfdb0f728.php 第 119 行.
NOTIC: [8] Use of undefined constant name - assumed 'name' E:\wamp\www\tangliang\temp\Admin\Cache\520a4ea61c030b28cf75337dfdb0f728.php 第 119 行.
NOTIC: [8] Use of undefined constant name - assumed 'name' E:\wamp\www\tangliang\temp\Admin\Cache\520a4ea61c030b28cf75337dfdb0f728.php 第 119 行.
NOTIC: [8] Use of undefined constant name - assumed 'name' E:\wamp\www\tangliang\temp\Admin\Cache\520a4ea61c030b28cf75337dfdb0f728.php 第 119 行.
NOTIC: [8] Use of undefined constant a_id - assumed 'a_id' E:\wamp\www\tangliang\temp\Admin\Cache\520a4ea61c030b28cf75337dfdb0f728.php 第 140 行.
NOTIC: [8] Undefined variable: uid E:\wamp\www\tangliang\temp\Admin\Cache\520a4ea61c030b28cf75337dfdb0f728.php 第 140 行.
NOTIC: [8] Use of undefined constant a_id - assumed 'a_id' E:\wamp\www\tangliang\temp\Admin\Cache\520a4ea61c030b28cf75337dfdb0f728.php 第 140 行.
NOTIC: [8] Undefined variable: uid E:\wamp\www\tangliang\temp\Admin\Cache\520a4ea61c030b28cf75337dfdb0f728.php 第 140 行.
NOTIC: [8] Use of undefined constant a_id - assumed 'a_id' E:\wamp\www\tangliang\temp\Admin\Cache\520a4ea61c030b28cf75337dfdb0f728.php 第 140 行.
NOTIC: [8] Undefined variable: uid E:\wamp\www\tangliang\temp\Admin\Cache\520a4ea61c030b28cf75337dfdb0f728.php 第 140 行.
NOTIC: [8] Use of undefined constant a_id - assumed 'a_id' E:\wamp\www\tangliang\temp\Admin\Cache\520a4ea61c030b28cf75337dfdb0f728.php 第 140 行.
NOTIC: [8] Undefined variable: uid E:\wamp\www\tangliang\temp\Admin\Cache\520a4ea61c030b28cf75337dfdb0f728.php 第 140 行.
NOTIC: [8] Undefined variable: is_qx E:\wamp\www\tangliang\temp\Admin\Cache\520a4ea61c030b28cf75337dfdb0f728.php 第 150 行.
NOTIC: [8] Undefined variable: is_qx E:\wamp\www\tangliang\temp\Admin\Cache\520a4ea61c030b28cf75337dfdb0f728.php 第 151 行.
NOTIC: [8] Use of undefined constant status - assumed 'status' E:\wamp\www\tangliang\temp\Admin\Cache\520a4ea61c030b28cf75337dfdb0f728.php 第 183 行.
NOTIC: [8] Use of undefined constant status - assumed 'status' E:\wamp\www\tangliang\temp\Admin\Cache\520a4ea61c030b28cf75337dfdb0f728.php 第 184 行.
NOTIC: [8] Use of undefined constant id - assumed 'id' E:\wamp\www\tangliang\temp\Admin\Cache\520a4ea61c030b28cf75337dfdb0f728.php 第 184 行.
NOTIC: [8] Use of undefined constant id - assumed 'id' E:\wamp\www\tangliang\temp\Admin\Cache\520a4ea61c030b28cf75337dfdb0f728.php 第 185 行.
NOTIC: [8] Use of undefined constant id - assumed 'id' E:\wamp\www\tangliang\temp\Admin\Cache\520a4ea61c030b28cf75337dfdb0f728.php 第 187 行.
INFO: ParseTemplate Behavior ::run [ RunTime:0.041010s ]
INFO: [ view_parse ] --END-- [ RunTime:0.041145s ]
INFO: [ view_filter ] --START--
INFO: ContentReplace Behavior ::run [ RunTime:0.001577s ]
INFO: TokenBuild Behavior ::run [ RunTime:0.002001s ]
INFO: WriteHtmlCache Behavior ::run [ RunTime:0.001376s ]
INFO: ShowRuntime Behavior ::run [ RunTime:0.001512s ]
INFO: [ view_filter ] --END-- [ RunTime:0.006813s ]
INFO: [ view_end ] --START--
INFO: ShowPageTrace Behavior ::run [ RunTime:0.001735s ]
INFO: [ view_end ] --END-- [ RunTime:0.001872s ]

[ 2015-05-18T17:58:01+08:00 ] 127.0.0.1 /tangliang/manager.php/Shop/order.html
INFO: [ route_check ] --START--
INFO: CheckRoute Behavior ::run [ RunTime:0.002423s ]
INFO: [ route_check ] --END-- [ RunTime:0.002627s ]
INFO: [ app_begin ] --START--
INFO: ReadHtmlCache Behavior ::run [ RunTime:0.001946s ]
INFO: [ app_begin ] --END-- [ RunTime:0.002134s ]
SQL: SHOW COLUMNS FROM `t_node` [ RunTime:0.005183s ]
SQL: SELECT * FROM `t_node` WHERE ( pid=1 and  status=1 and is_menu=1 ) ORDER BY sort desc  [ RunTime:0.005389s ]
SQL: SHOW COLUMNS FROM `t_node` [ RunTime:0.004382s ]
SQL: SELECT `id` FROM `t_node` WHERE ( name='Shop' ) LIMIT 1   [ RunTime:0.006980s ]
SQL: SHOW COLUMNS FROM `t_node` [ RunTime:0.006309s ]
SQL: SELECT * FROM `t_node` WHERE ( pid=68 and  status=1 and is_menu=1 ) ORDER BY sort desc  [ RunTime:0.006520s ]
NOTIC: [8] Undefined index:  sjid E:\wamp\www\tangliang\Admin\Lib\Action\ShopAction.class.php 第 1578 行.
NOTIC: [8] Undefined index:  status E:\wamp\www\tangliang\Admin\Lib\Action\ShopAction.class.php 第 1583 行.
NOTIC: [8] Undefined index:  keys E:\wamp\www\tangliang\Admin\Lib\Action\ShopAction.class.php 第 1589 行.
SQL: SHOW COLUMNS FROM `t_order` [ RunTime:0.004900s ]
SQL: SHOW COLUMNS FROM `t_peisongtype` [ RunTime:0.004635s ]
SQL: SHOW COLUMNS FROM `t_zhifutype` [ RunTime:0.004358s ]
SQL: SELECT COUNT(*) AS tp_count FROM t_order o LEFT JOIN t_peisongtype p ON o.pstype=p.id  JOIN t_zhifutype z ON o.paytype=z.id WHERE ( 1 and o.status=1 ) LIMIT 1   [ RunTime:0.003849s ]
SQL: SELECT o.id AS id,o.ordersn AS ordersn,o.price AS price,o.pstype AS pstype,o.paytype AS paytype,o.psprice AS psprice,o.uid AS uid,o.addtime AS addtime,o.status AS status,o.fhsn AS fhsn,o.fhtime AS fhtime,o.thyy AS thyy,o.thtime AS thtime,o.thimg AS thimg,o.sjid AS sjid,p.name AS psname,z.name AS zfname FROM t_order o LEFT JOIN t_peisongtype p ON o.pstype=p.id  JOIN t_zhifutype z ON o.paytype=z.id WHERE ( 1 and o.status=1 ) LIMIT 0,10   [ RunTime:0.004945s ]
NOTIC: [2] Invalid argument supplied for foreach() E:\wamp\www\tangliang\Admin\Lib\Action\ShopAction.class.php 第 1601 行.
SQL: SHOW COLUMNS FROM `t_role` [ RunTime:0.004268s ]
SQL: SELECT * FROM `t_role` WHERE ( id=1 ) LIMIT 1   [ RunTime:0.003817s ]
SQL: SHOW COLUMNS FROM `t_dianpumember` [ RunTime:0.005459s ]
SQL: SELECT `a_id`,`a_name`,`lxrname`,`company` FROM `t_dianpumember` WHERE ( 1 )  [ RunTime:0.004226s ]
INFO: [ view_parse ] --START--
NOTIC: [8] Use of undefined constant name - assumed 'name' E:\wamp\www\tangliang\temp\Admin\Cache\520a4ea61c030b28cf75337dfdb0f728.php 第 63 行.
NOTIC: [8] Use of undefined constant name - assumed 'name' E:\wamp\www\tangliang\temp\Admin\Cache\520a4ea61c030b28cf75337dfdb0f728.php 第 63 行.
NOTIC: [8] Use of undefined constant name - assumed 'name' E:\wamp\www\tangliang\temp\Admin\Cache\520a4ea61c030b28cf75337dfdb0f728.php 第 63 行.
NOTIC: [8] Use of undefined constant name - assumed 'name' E:\wamp\www\tangliang\temp\Admin\Cache\520a4ea61c030b28cf75337dfdb0f728.php 第 63 行.
NOTIC: [8] Use of undefined constant name - assumed 'name' E:\wamp\www\tangliang\temp\Admin\Cache\520a4ea61c030b28cf75337dfdb0f728.php 第 63 行.
NOTIC: [8] Use of undefined constant name - assumed 'name' E:\wamp\www\tangliang\temp\Admin\Cache\520a4ea61c030b28cf75337dfdb0f728.php 第 63 行.
NOTIC: [8] Use of undefined constant name - assumed 'name' E:\wamp\www\tangliang\temp\Admin\Cache\520a4ea61c030b28cf75337dfdb0f728.php 第 63 行.
NOTIC: [8] Use of undefined constant name - assumed 'name' E:\wamp\www\tangliang\temp\Admin\Cache\520a4ea61c030b28cf75337dfdb0f728.php 第 63 行.
NOTIC: [8] Use of undefined constant name - assumed 'name' E:\wamp\www\tangliang\temp\Admin\Cache\520a4ea61c030b28cf75337dfdb0f728.php 第 63 行.
NOTIC: [8] Use of undefined constant name - assumed 'name' E:\wamp\www\tangliang\temp\Admin\Cache\520a4ea61c030b28cf75337dfdb0f728.php 第 63 行.
NOTIC: [8] Use of undefined constant name - assumed 'name' E:\wamp\www\tangliang\temp\Admin\Cache\520a4ea61c030b28cf75337dfdb0f728.php 第 63 行.
NOTIC: [8] Use of undefined constant name - assumed 'name' E:\wamp\www\tangliang\temp\Admin\Cache\520a4ea61c030b28cf75337dfdb0f728.php 第 63 行.
NOTIC: [8] Use of undefined constant name - assumed 'name' E:\wamp\www\tangliang\temp\Admin\Cache\520a4ea61c030b28cf75337dfdb0f728.php 第 63 行.
NOTIC: [8] Use of undefined constant name - assumed 'name' E:\wamp\www\tangliang\temp\Admin\Cache\520a4ea61c030b28cf75337dfdb0f728.php 第 63 行.
NOTIC: [8] Use of undefined constant name - assumed 'name' E:\wamp\www\tangliang\temp\Admin\Cache\520a4ea61c030b28cf75337dfdb0f728.php 第 63 行.
NOTIC: [8] Use of undefined constant name - assumed 'name' E:\wamp\www\tangliang\temp\Admin\Cache\520a4ea61c030b28cf75337dfdb0f728.php 第 63 行.
NOTIC: [8] Use of undefined constant name - assumed 'name' E:\wamp\www\tangliang\temp\Admin\Cache\520a4ea61c030b28cf75337dfdb0f728.php 第 63 行.
NOTIC: [8] Use of undefined constant name - assumed 'name' E:\wamp\www\tangliang\temp\Admin\Cache\520a4ea61c030b28cf75337dfdb0f728.php 第 63 行.
NOTIC: [8] Use of undefined constant name - assumed 'name' E:\wamp\www\tangliang\temp\Admin\Cache\520a4ea61c030b28cf75337dfdb0f728.php 第 63 行.
NOTIC: [8] Use of undefined constant name - assumed 'name' E:\wamp\www\tangliang\temp\Admin\Cache\520a4ea61c030b28cf75337dfdb0f728.php 第 63 行.
NOTIC: [8] Use of undefined constant name - assumed 'name' E:\wamp\www\tangliang\temp\Admin\Cache\520a4ea61c030b28cf75337dfdb0f728.php 第 63 行.
NOTIC: [8] Use of undefined constant name - assumed 'name' E:\wamp\www\tangliang\temp\Admin\Cache\520a4ea61c030b28cf75337dfdb0f728.php 第 63 行.
NOTIC: [8] Use of undefined constant name - assumed 'name' E:\wamp\www\tangliang\temp\Admin\Cache\520a4ea61c030b28cf75337dfdb0f728.php 第 63 行.
NOTIC: [8] Use of undefined constant name - assumed 'name' E:\wamp\www\tangliang\temp\Admin\Cache\520a4ea61c030b28cf75337dfdb0f728.php 第 63 行.
NOTIC: [8] Use of undefined constant name - assumed 'name' E:\wamp\www\tangliang\temp\Admin\Cache\520a4ea61c030b28cf75337dfdb0f728.php 第 63 行.
NOTIC: [8] Use of undefined constant name - assumed 'name' E:\wamp\www\tangliang\temp\Admin\Cache\520a4ea61c030b28cf75337dfdb0f728.php 第 63 行.
NOTIC: [8] Use of undefined constant name - assumed 'name' E:\wamp\www\tangliang\temp\Admin\Cache\520a4ea61c030b28cf75337dfdb0f728.php 第 63 行.
NOTIC: [8] Use of undefined constant name - assumed 'name' E:\wamp\www\tangliang\temp\Admin\Cache\520a4ea61c030b28cf75337dfdb0f728.php 第 119 行.
NOTIC: [8] Use of undefined constant name - assumed 'name' E:\wamp\www\tangliang\temp\Admin\Cache\520a4ea61c030b28cf75337dfdb0f728.php 第 119 行.
NOTIC: [8] Use of undefined constant name - assumed 'name' E:\wamp\www\tangliang\temp\Admin\Cache\520a4ea61c030b28cf75337dfdb0f728.php 第 119 行.
NOTIC: [8] Use of undefined constant name - assumed 'name' E:\wamp\www\tangliang\temp\Admin\Cache\520a4ea61c030b28cf75337dfdb0f728.php 第 119 行.
NOTIC: [8] Use of undefined constant name - assumed 'name' E:\wamp\www\tangliang\temp\Admin\Cache\520a4ea61c030b28cf75337dfdb0f728.php 第 119 行.
NOTIC: [8] Use of undefined constant name - assumed 'name' E:\wamp\www\tangliang\temp\Admin\Cache\520a4ea61c030b28cf75337dfdb0f728.php 第 119 行.
NOTIC: [8] Use of undefined constant name - assumed 'name' E:\wamp\www\tangliang\temp\Admin\Cache\520a4ea61c030b28cf75337dfdb0f728.php 第 119 行.
NOTIC: [8] Use of undefined constant name - assumed 'name' E:\wamp\www\tangliang\temp\Admin\Cache\520a4ea61c030b28cf75337dfdb0f728.php 第 119 行.
NOTIC: [8] Use of undefined constant name - assumed 'name' E:\wamp\www\tangliang\temp\Admin\Cache\520a4ea61c030b28cf75337dfdb0f728.php 第 119 行.
NOTIC: [8] Use of undefined constant name - assumed 'name' E:\wamp\www\tangliang\temp\Admin\Cache\520a4ea61c030b28cf75337dfdb0f728.php 第 119 行.
NOTIC: [8] Use of undefined constant name - assumed 'name' E:\wamp\www\tangliang\temp\Admin\Cache\520a4ea61c030b28cf75337dfdb0f728.php 第 119 行.
NOTIC: [8] Use of undefined constant name - assumed 'name' E:\wamp\www\tangliang\temp\Admin\Cache\520a4ea61c030b28cf75337dfdb0f728.php 第 119 行.
NOTIC: [8] Use of undefined constant a_id - assumed 'a_id' E:\wamp\www\tangliang\temp\Admin\Cache\520a4ea61c030b28cf75337dfdb0f728.php 第 140 行.
NOTIC: [8] Undefined variable: uid E:\wamp\www\tangliang\temp\Admin\Cache\520a4ea61c030b28cf75337dfdb0f728.php 第 140 行.
NOTIC: [8] Use of undefined constant a_id - assumed 'a_id' E:\wamp\www\tangliang\temp\Admin\Cache\520a4ea61c030b28cf75337dfdb0f728.php 第 140 行.
NOTIC: [8] Undefined variable: uid E:\wamp\www\tangliang\temp\Admin\Cache\520a4ea61c030b28cf75337dfdb0f728.php 第 140 行.
NOTIC: [8] Use of undefined constant a_id - assumed 'a_id' E:\wamp\www\tangliang\temp\Admin\Cache\520a4ea61c030b28cf75337dfdb0f728.php 第 140 行.
NOTIC: [8] Undefined variable: uid E:\wamp\www\tangliang\temp\Admin\Cache\520a4ea61c030b28cf75337dfdb0f728.php 第 140 行.
NOTIC: [8] Use of undefined constant a_id - assumed 'a_id' E:\wamp\www\tangliang\temp\Admin\Cache\520a4ea61c030b28cf75337dfdb0f728.php 第 140 行.
NOTIC: [8] Undefined variable: uid E:\wamp\www\tangliang\temp\Admin\Cache\520a4ea61c030b28cf75337dfdb0f728.php 第 140 行.
NOTIC: [8] Undefined variable: is_qx E:\wamp\www\tangliang\temp\Admin\Cache\520a4ea61c030b28cf75337dfdb0f728.php 第 150 行.
NOTIC: [8] Undefined variable: is_qx E:\wamp\www\tangliang\temp\Admin\Cache\520a4ea61c030b28cf75337dfdb0f728.php 第 151 行.
INFO: ParseTemplate Behavior ::run [ RunTime:0.043038s ]
INFO: [ view_parse ] --END-- [ RunTime:0.043174s ]
INFO: [ view_filter ] --START--
INFO: ContentReplace Behavior ::run [ RunTime:0.002213s ]
INFO: TokenBuild Behavior ::run [ RunTime:0.001473s ]
INFO: WriteHtmlCache Behavior ::run [ RunTime:0.001188s ]
INFO: ShowRuntime Behavior ::run [ RunTime:0.002384s ]
INFO: [ view_filter ] --END-- [ RunTime:0.007599s ]
INFO: [ view_end ] --START--
INFO: ShowPageTrace Behavior ::run [ RunTime:0.001937s ]
INFO: [ view_end ] --END-- [ RunTime:0.002078s ]

[ 2015-05-18T17:58:58+08:00 ] 127.0.0.1 /tangliang/manager.php/Shop/order.html
INFO: [ route_check ] --START--
INFO: CheckRoute Behavior ::run [ RunTime:0.002448s ]
INFO: [ route_check ] --END-- [ RunTime:0.002673s ]
INFO: [ app_begin ] --START--
INFO: ReadHtmlCache Behavior ::run [ RunTime:0.019625s ]
INFO: [ app_begin ] --END-- [ RunTime:0.019802s ]
SQL: SHOW COLUMNS FROM `t_node` [ RunTime:0.003500s ]
SQL: SELECT * FROM `t_node` WHERE ( pid=1 and  status=1 and is_menu=1 ) ORDER BY sort desc  [ RunTime:0.003364s ]
SQL: SHOW COLUMNS FROM `t_node` [ RunTime:0.003116s ]
SQL: SELECT `id` FROM `t_node` WHERE ( name='Shop' ) LIMIT 1   [ RunTime:0.002697s ]
SQL: SHOW COLUMNS FROM `t_node` [ RunTime:0.003097s ]
SQL: SELECT * FROM `t_node` WHERE ( pid=68 and  status=1 and is_menu=1 ) ORDER BY sort desc  [ RunTime:0.003297s ]
NOTIC: [8] Undefined index:  sjid E:\wamp\www\tangliang\Admin\Lib\Action\ShopAction.class.php 第 1578 行.
NOTIC: [8] Undefined index:  status E:\wamp\www\tangliang\Admin\Lib\Action\ShopAction.class.php 第 1583 行.
NOTIC: [8] Undefined index:  keys E:\wamp\www\tangliang\Admin\Lib\Action\ShopAction.class.php 第 1589 行.
SQL: SHOW COLUMNS FROM `t_order` [ RunTime:0.005473s ]
SQL: SHOW COLUMNS FROM `t_peisongtype` [ RunTime:0.005632s ]
SQL: SHOW COLUMNS FROM `t_zhifutype` [ RunTime:0.004457s ]
SQL: SELECT COUNT(*) AS tp_count FROM t_order o LEFT JOIN t_peisongtype p ON o.pstype=p.id  JOIN t_zhifutype z ON o.paytype=z.id WHERE ( 1 ) LIMIT 1   [ RunTime:0.002966s ]
SQL: SELECT o.id AS id,o.ordersn AS ordersn,o.price AS price,o.pstype AS pstype,o.paytype AS paytype,o.psprice AS psprice,o.uid AS uid,o.addtime AS addtime,o.status AS status,o.fhsn AS fhsn,o.fhtime AS fhtime,o.thyy AS thyy,o.thtime AS thtime,o.thimg AS thimg,o.sjid AS sjid,p.name AS psname,z.name AS zfname FROM t_order o LEFT JOIN t_peisongtype p ON o.pstype=p.id  JOIN t_zhifutype z ON o.paytype=z.id WHERE ( 1 ) LIMIT 0,10   [ RunTime:0.004872s ]
SQL: SHOW COLUMNS FROM `t_role` [ RunTime:0.003405s ]
SQL: SELECT * FROM `t_role` WHERE ( id=1 ) LIMIT 1   [ RunTime:0.002866s ]
SQL: SHOW COLUMNS FROM `t_dianpumember` [ RunTime:0.004376s ]
SQL: SELECT `a_id`,`a_name`,`lxrname`,`company` FROM `t_dianpumember` WHERE ( 1 )  [ RunTime:0.002906s ]
INFO: [ view_parse ] --START--
NOTIC: [8] Use of undefined constant name - assumed 'name' E:\wamp\www\tangliang\temp\Admin\Cache\520a4ea61c030b28cf75337dfdb0f728.php 第 63 行.
NOTIC: [8] Use of undefined constant name - assumed 'name' E:\wamp\www\tangliang\temp\Admin\Cache\520a4ea61c030b28cf75337dfdb0f728.php 第 63 行.
NOTIC: [8] Use of undefined constant name - assumed 'name' E:\wamp\www\tangliang\temp\Admin\Cache\520a4ea61c030b28cf75337dfdb0f728.php 第 63 行.
NOTIC: [8] Use of undefined constant name - assumed 'name' E:\wamp\www\tangliang\temp\Admin\Cache\520a4ea61c030b28cf75337dfdb0f728.php 第 63 行.
NOTIC: [8] Use of undefined constant name - assumed 'name' E:\wamp\www\tangliang\temp\Admin\Cache\520a4ea61c030b28cf75337dfdb0f728.php 第 63 行.
NOTIC: [8] Use of undefined constant name - assumed 'name' E:\wamp\www\tangliang\temp\Admin\Cache\520a4ea61c030b28cf75337dfdb0f728.php 第 63 行.
NOTIC: [8] Use of undefined constant name - assumed 'name' E:\wamp\www\tangliang\temp\Admin\Cache\520a4ea61c030b28cf75337dfdb0f728.php 第 63 行.
NOTIC: [8] Use of undefined constant name - assumed 'name' E:\wamp\www\tangliang\temp\Admin\Cache\520a4ea61c030b28cf75337dfdb0f728.php 第 63 行.
NOTIC: [8] Use of undefined constant name - assumed 'name' E:\wamp\www\tangliang\temp\Admin\Cache\520a4ea61c030b28cf75337dfdb0f728.php 第 63 行.
NOTIC: [8] Use of undefined constant name - assumed 'name' E:\wamp\www\tangliang\temp\Admin\Cache\520a4ea61c030b28cf75337dfdb0f728.php 第 63 行.
NOTIC: [8] Use of undefined constant name - assumed 'name' E:\wamp\www\tangliang\temp\Admin\Cache\520a4ea61c030b28cf75337dfdb0f728.php 第 63 行.
NOTIC: [8] Use of undefined constant name - assumed 'name' E:\wamp\www\tangliang\temp\Admin\Cache\520a4ea61c030b28cf75337dfdb0f728.php 第 63 行.
NOTIC: [8] Use of undefined constant name - assumed 'name' E:\wamp\www\tangliang\temp\Admin\Cache\520a4ea61c030b28cf75337dfdb0f728.php 第 63 行.
NOTIC: [8] Use of undefined constant name - assumed 'name' E:\wamp\www\tangliang\temp\Admin\Cache\520a4ea61c030b28cf75337dfdb0f728.php 第 63 行.
NOTIC: [8] Use of undefined constant name - assumed 'name' E:\wamp\www\tangliang\temp\Admin\Cache\520a4ea61c030b28cf75337dfdb0f728.php 第 63 行.
NOTIC: [8] Use of undefined constant name - assumed 'name' E:\wamp\www\tangliang\temp\Admin\Cache\520a4ea61c030b28cf75337dfdb0f728.php 第 63 行.
NOTIC: [8] Use of undefined constant name - assumed 'name' E:\wamp\www\tangliang\temp\Admin\Cache\520a4ea61c030b28cf75337dfdb0f728.php 第 63 行.
NOTIC: [8] Use of undefined constant name - assumed 'name' E:\wamp\www\tangliang\temp\Admin\Cache\520a4ea61c030b28cf75337dfdb0f728.php 第 63 行.
NOTIC: [8] Use of undefined constant name - assumed 'name' E:\wamp\www\tangliang\temp\Admin\Cache\520a4ea61c030b28cf75337dfdb0f728.php 第 63 行.
NOTIC: [8] Use of undefined constant name - assumed 'name' E:\wamp\www\tangliang\temp\Admin\Cache\520a4ea61c030b28cf75337dfdb0f728.php 第 63 行.
NOTIC: [8] Use of undefined constant name - assumed 'name' E:\wamp\www\tangliang\temp\Admin\Cache\520a4ea61c030b28cf75337dfdb0f728.php 第 63 行.
NOTIC: [8] Use of undefined constant name - assumed 'name' E:\wamp\www\tangliang\temp\Admin\Cache\520a4ea61c030b28cf75337dfdb0f728.php 第 63 行.
NOTIC: [8] Use of undefined constant name - assumed 'name' E:\wamp\www\tangliang\temp\Admin\Cache\520a4ea61c030b28cf75337dfdb0f728.php 第 63 行.
NOTIC: [8] Use of undefined constant name - assumed 'name' E:\wamp\www\tangliang\temp\Admin\Cache\520a4ea61c030b28cf75337dfdb0f728.php 第 63 行.
NOTIC: [8] Use of undefined constant name - assumed 'name' E:\wamp\www\tangliang\temp\Admin\Cache\520a4ea61c030b28cf75337dfdb0f728.php 第 63 行.
NOTIC: [8] Use of undefined constant name - assumed 'name' E:\wamp\www\tangliang\temp\Admin\Cache\520a4ea61c030b28cf75337dfdb0f728.php 第 63 行.
NOTIC: [8] Use of undefined constant name - assumed 'name' E:\wamp\www\tangliang\temp\Admin\Cache\520a4ea61c030b28cf75337dfdb0f728.php 第 63 行.
NOTIC: [8] Use of undefined constant name - assumed 'name' E:\wamp\www\tangliang\temp\Admin\Cache\520a4ea61c030b28cf75337dfdb0f728.php 第 119 行.
NOTIC: [8] Use of undefined constant name - assumed 'name' E:\wamp\www\tangliang\temp\Admin\Cache\520a4ea61c030b28cf75337dfdb0f728.php 第 119 行.
NOTIC: [8] Use of undefined constant name - assumed 'name' E:\wamp\www\tangliang\temp\Admin\Cache\520a4ea61c030b28cf75337dfdb0f728.php 第 119 行.
NOTIC: [8] Use of undefined constant name - assumed 'name' E:\wamp\www\tangliang\temp\Admin\Cache\520a4ea61c030b28cf75337dfdb0f728.php 第 119 行.
NOTIC: [8] Use of undefined constant name - assumed 'name' E:\wamp\www\tangliang\temp\Admin\Cache\520a4ea61c030b28cf75337dfdb0f728.php 第 119 行.
NOTIC: [8] Use of undefined constant name - assumed 'name' E:\wamp\www\tangliang\temp\Admin\Cache\520a4ea61c030b28cf75337dfdb0f728.php 第 119 行.
NOTIC: [8] Use of undefined constant name - assumed 'name' E:\wamp\www\tangliang\temp\Admin\Cache\520a4ea61c030b28cf75337dfdb0f728.php 第 119 行.
NOTIC: [8] Use of undefined constant name - assumed 'name' E:\wamp\www\tangliang\temp\Admin\Cache\520a4ea61c030b28cf75337dfdb0f728.php 第 119 行.
NOTIC: [8] Use of undefined constant name - assumed 'name' E:\wamp\www\tangliang\temp\Admin\Cache\520a4ea61c030b28cf75337dfdb0f728.php 第 119 行.
NOTIC: [8] Use of undefined constant name - assumed 'name' E:\wamp\www\tangliang\temp\Admin\Cache\520a4ea61c030b28cf75337dfdb0f728.php 第 119 行.
NOTIC: [8] Use of undefined constant name - assumed 'name' E:\wamp\www\tangliang\temp\Admin\Cache\520a4ea61c030b28cf75337dfdb0f728.php 第 119 行.
NOTIC: [8] Use of undefined constant name - assumed 'name' E:\wamp\www\tangliang\temp\Admin\Cache\520a4ea61c030b28cf75337dfdb0f728.php 第 119 行.
NOTIC: [8] Use of undefined constant a_id - assumed 'a_id' E:\wamp\www\tangliang\temp\Admin\Cache\520a4ea61c030b28cf75337dfdb0f728.php 第 140 行.
NOTIC: [8] Undefined variable: uid E:\wamp\www\tangliang\temp\Admin\Cache\520a4ea61c030b28cf75337dfdb0f728.php 第 140 行.
NOTIC: [8] Use of undefined constant a_id - assumed 'a_id' E:\wamp\www\tangliang\temp\Admin\Cache\520a4ea61c030b28cf75337dfdb0f728.php 第 140 行.
NOTIC: [8] Undefined variable: uid E:\wamp\www\tangliang\temp\Admin\Cache\520a4ea61c030b28cf75337dfdb0f728.php 第 140 行.
NOTIC: [8] Use of undefined constant a_id - assumed 'a_id' E:\wamp\www\tangliang\temp\Admin\Cache\520a4ea61c030b28cf75337dfdb0f728.php 第 140 行.
NOTIC: [8] Undefined variable: uid E:\wamp\www\tangliang\temp\Admin\Cache\520a4ea61c030b28cf75337dfdb0f728.php 第 140 行.
NOTIC: [8] Use of undefined constant a_id - assumed 'a_id' E:\wamp\www\tangliang\temp\Admin\Cache\520a4ea61c030b28cf75337dfdb0f728.php 第 140 行.
NOTIC: [8] Undefined variable: uid E:\wamp\www\tangliang\temp\Admin\Cache\520a4ea61c030b28cf75337dfdb0f728.php 第 140 行.
NOTIC: [8] Undefined variable: is_qx E:\wamp\www\tangliang\temp\Admin\Cache\520a4ea61c030b28cf75337dfdb0f728.php 第 150 行.
NOTIC: [8] Undefined variable: is_qx E:\wamp\www\tangliang\temp\Admin\Cache\520a4ea61c030b28cf75337dfdb0f728.php 第 151 行.
NOTIC: [8] Use of undefined constant status - assumed 'status' E:\wamp\www\tangliang\temp\Admin\Cache\520a4ea61c030b28cf75337dfdb0f728.php 第 183 行.
NOTIC: [8] Use of undefined constant id - assumed 'id' E:\wamp\www\tangliang\temp\Admin\Cache\520a4ea61c030b28cf75337dfdb0f728.php 第 183 行.
NOTIC: [8] Use of undefined constant status - assumed 'status' E:\wamp\www\tangliang\temp\Admin\Cache\520a4ea61c030b28cf75337dfdb0f728.php 第 184 行.
NOTIC: [8] Use of undefined constant id - assumed 'id' E:\wamp\www\tangliang\temp\Admin\Cache\520a4ea61c030b28cf75337dfdb0f728.php 第 185 行.
NOTIC: [8] Use of undefined constant id - assumed 'id' E:\wamp\www\tangliang\temp\Admin\Cache\520a4ea61c030b28cf75337dfdb0f728.php 第 187 行.
INFO: ParseTemplate Behavior ::run [ RunTime:0.043766s ]
INFO: [ view_parse ] --END-- [ RunTime:0.043899s ]
INFO: [ view_filter ] --START--
INFO: ContentReplace Behavior ::run [ RunTime:0.002384s ]
INFO: TokenBuild Behavior ::run [ RunTime:0.001544s ]
INFO: WriteHtmlCache Behavior ::run [ RunTime:0.001171s ]
INFO: ShowRuntime Behavior ::run [ RunTime:0.001399s ]
INFO: [ view_filter ] --END-- [ RunTime:0.006841s ]
INFO: [ view_end ] --START--
INFO: ShowPageTrace Behavior ::run [ RunTime:0.001582s ]
INFO: [ view_end ] --END-- [ RunTime:0.001941s ]

[ 2015-05-18T17:59:34+08:00 ] 127.0.0.1 /tangliang/manager.php/Shop/fh/id/1.html
INFO: [ route_check ] --START--
INFO: CheckRoute Behavior ::run [ RunTime:0.001266s ]
INFO: [ route_check ] --END-- [ RunTime:0.001421s ]
INFO: [ app_begin ] --START--
INFO: ReadHtmlCache Behavior ::run [ RunTime:0.000791s ]
INFO: [ app_begin ] --END-- [ RunTime:0.000944s ]
ERR: 非法操作:fh

[ 2015-05-18T18:01:05+08:00 ] 127.0.0.1 /tangliang/manager.php/Shop/fh/id/1.html
INFO: [ route_check ] --START--
INFO: CheckRoute Behavior ::run [ RunTime:0.002979s ]
INFO: [ route_check ] --END-- [ RunTime:0.003183s ]
INFO: [ app_begin ] --START--
INFO: ReadHtmlCache Behavior ::run [ RunTime:0.001731s ]
INFO: [ app_begin ] --END-- [ RunTime:0.001875s ]
SQL: SHOW COLUMNS FROM `t_node` [ RunTime:0.009094s ]
SQL: SELECT * FROM `t_node` WHERE ( pid=1 and  status=1 and is_menu=1 ) ORDER BY sort desc  [ RunTime:0.006032s ]
SQL: SHOW COLUMNS FROM `t_node` [ RunTime:0.004569s ]
SQL: SELECT `id` FROM `t_node` WHERE ( name='Shop' ) LIMIT 1   [ RunTime:0.005577s ]
SQL: SHOW COLUMNS FROM `t_node` [ RunTime:0.006040s ]
SQL: SELECT * FROM `t_node` WHERE ( pid=68 and  status=1 and is_menu=1 ) ORDER BY sort desc  [ RunTime:0.004372s ]
ERR: 模板不存在[./Admin/Tpl/Shop/fh.html]

[ 2015-05-18T18:01:30+08:00 ] 127.0.0.1 /tangliang/manager.php/Shop/fh/id/1.html
INFO: [ route_check ] --START--
INFO: CheckRoute Behavior ::run [ RunTime:0.001437s ]
INFO: [ route_check ] --END-- [ RunTime:0.001618s ]
INFO: [ app_begin ] --START--
INFO: ReadHtmlCache Behavior ::run [ RunTime:0.000968s ]
INFO: [ app_begin ] --END-- [ RunTime:0.001127s ]
SQL: SHOW COLUMNS FROM `t_node` [ RunTime:0.004601s ]
SQL: SELECT * FROM `t_node` WHERE ( pid=1 and  status=1 and is_menu=1 ) ORDER BY sort desc  [ RunTime:0.004646s ]
SQL: SHOW COLUMNS FROM `t_node` [ RunTime:0.004500s ]
SQL: SELECT `id` FROM `t_node` WHERE ( name='Shop' ) LIMIT 1   [ RunTime:0.003906s ]
SQL: SHOW COLUMNS FROM `t_node` [ RunTime:0.004271s ]
SQL: SELECT * FROM `t_node` WHERE ( pid=68 and  status=1 and is_menu=1 ) ORDER BY sort desc  [ RunTime:0.004693s ]
INFO: [ view_parse ] --START--
INFO: ParseTemplate Behavior ::run [ RunTime:0.033950s ]
INFO: [ view_parse ] --END-- [ RunTime:0.034134s ]
INFO: [ view_filter ] --START--
INFO: ContentReplace Behavior ::run [ RunTime:0.002478s ]
INFO: TokenBuild Behavior ::run [ RunTime:0.001337s ]
INFO: WriteHtmlCache Behavior ::run [ RunTime:0.001152s ]
INFO: ShowRuntime Behavior ::run [ RunTime:0.001442s ]
INFO: [ view_filter ] --END-- [ RunTime:0.006758s ]
INFO: [ view_end ] --START--
INFO: ShowPageTrace Behavior ::run [ RunTime:0.002043s ]
INFO: [ view_end ] --END-- [ RunTime:0.002165s ]

